#
# A fatal error has been detected by the Java Runtime Environment:
#
#  Internal Error (relocInfo_x86.cpp:106), pid=51181, tid=51200
#  Error: ShouldNotReachHere()
#
# JRE version: OpenJDK Runtime Environment (19.0.1+10) (build 19.0.1+10-Ubuntu-1ubuntu122.04)
# Java VM: OpenJDK 64-Bit Server VM (19.0.1+10-Ubuntu-1ubuntu122.04, mixed mode, sharing, tiered, compressed oops, compressed class ptrs, g1 gc, linux-amd64)
# Problematic frame:
# V  [libjvm.so+0xd65c02]
#
# Core dump will be written. Default location: Core dumps may be processed with "/lib/systemd/systemd-coredump %P %u %g %s %t 9223372036854775808 %h" (or dumping to /home/aluno/Documents/trabalho/oficinamecanica/core.51181)
#
# If you would like to submit a bug report, please visit:
#   Unknown
#

---------------  S U M M A R Y ------------

Command Line: -XX:+ShowCodeDetailsInExceptionMessages -Dspring.jmx.enabled=true -Dmanagement.endpoints.jmx.exposure.include=* -Dspring.application.admin.enabled=true -Dspring.boot.project.name=oficinamecanica -Djava.rmi.server.hostname=localhost web.oficinamecanica.OficinamecanicaApplication

Host: Intel(R) Core(TM) i3-10100F CPU @ 3.60GHz, 4 cores, 7G, Linux Mint 21.1 Vera
Time: Tue Jun 13 16:28:32 2023 -03 elapsed time: 2.626785 seconds (0d 0h 0m 2s)

---------------  T H R E A D  ---------------

Current thread (0x00007f89800eefa0):  JavaThread "C2 CompilerThread1" daemon [_thread_in_vm, id=51200, stack(0x00007f89a5bfe000,0x00007f89a5cfe000)]


Current CompileTask:
C2:   2626 3677       4       sun.reflect.annotation.AnnotationInvocationHandler::invoke (178 bytes)

Stack: [0x00007f89a5bfe000,0x00007f89a5cfe000],  sp=0x00007f89a5cf8e80,  free space=1003k
Native frames: (J=compiled Java code, j=interpreted, Vv=VM code, C=native code)
V  [libjvm.so+0xd65c02]
V  [libjvm.so+0xd62c66]
V  [libjvm.so+0x5e0f7a]
V  [libjvm.so+0x5e1b4e]
V  [libjvm.so+0xc91e91]
V  [libjvm.so+0xc921ed]
V  [libjvm.so+0x582bac]
V  [libjvm.so+0xce126c]
V  [libjvm.so+0xce1339]
V  [libjvm.so+0x60d555]
V  [libjvm.so+0x611498]
V  [libjvm.so+0x54e56f]
V  [libjvm.so+0x61922b]
V  [libjvm.so+0x619fe8]
V  [libjvm.so+0xf3097e]
V  [libjvm.so+0xf39a0f]
V  [libjvm.so+0xccd320]

Registers:
RAX=0x00007f89d7987000, RBX=0xffffffffffa8b900, RCX=0x00007f89d70002a8, RDX=0x00000000000000e0
RSP=0x00007f89a5cf8e80, RBP=0x00007f89a5cf8e90, RSI=0x000000000000006a, RDI=0x00007f89d736fca8
R8 =0x0000000000000001, R9 =0x00007f89d72f3108, R10=0x00007f8968b5c296, R11=0x0000000000000000
R12=0x00007f89a5cf8f70, R13=0x00007f89a5cf9838, R14=0x00007f89c0817a61, R15=0x00007f89a5cf8fe0
RIP=0x00007f89d7001c02, EFLAGS=0x0000000000010282, CSGSFS=0x002b000000000033, ERR=0x0000000000000006
  TRAPNO=0x000000000000000e


Register to memory mapping:

RAX=0x00007f89d7987000 points into unknown readable memory: 0x0000000000000058 | 58 00 00 00 00 00 00 00
RBX=0xffffffffffa8b900 is an unknown value
RCX=0x00007f89d70002a8: <offset 0x0000000000d642a8> in /usr/lib/jvm/java-19-openjdk-amd64/lib/server/libjvm.so at 0x00007f89d629c000
RDX=0x00000000000000e0 is an unknown value
RSP=0x00007f89a5cf8e80 is pointing into the stack for thread: 0x00007f89800eefa0
RBP=0x00007f89a5cf8e90 is pointing into the stack for thread: 0x00007f89800eefa0
RSI=0x000000000000006a is an unknown value
RDI=0x00007f89d736fca8: <offset 0x00000000010d3ca8> in /usr/lib/jvm/java-19-openjdk-amd64/lib/server/libjvm.so at 0x00007f89d629c000
R8 =0x0000000000000001 is an unknown value
R9 =0x00007f89d72f3108: <offset 0x0000000001057108> in /usr/lib/jvm/java-19-openjdk-amd64/lib/server/libjvm.so at 0x00007f89d629c000
R10=0x00007f8968b5c296 points into unknown readable memory: 00 00
R11=0x0 is NULL
R12=0x00007f89a5cf8f70 is pointing into the stack for thread: 0x00007f89800eefa0
R13=0x00007f89a5cf9838 is pointing into the stack for thread: 0x00007f89800eefa0
R14=0x00007f89c0817a61 is at entry_point+1633 in (nmethod*)0x00007f89c0817210
Compiled method (c2)    2627 3677       4       sun.reflect.annotation.AnnotationInvocationHandler::invoke (178 bytes)
 total in heap  [0x00007f89c0817210,0x00007f89c08181b8] = 4008
 relocation     [0x00007f89c0817370,0x00007f89c08173f0] = 128
 main code      [0x00007f89c0817400,0x00007f89c0817a80] = 1664
 stub code      [0x00007f89c0817a80,0x00007f89c0817ac8] = 72
 oops           [0x00007f89c0817ac8,0x00007f89c0817ae0] = 24
 metadata       [0x00007f89c0817ae0,0x00007f89c0817b28] = 72
 scopes data    [0x00007f89c0817b28,0x00007f89c0817f80] = 1112
 scopes pcs     [0x00007f89c0817f80,0x00007f89c0818140] = 448
 dependencies   [0x00007f89c0818140,0x00007f89c0818148] = 8
 handler table  [0x00007f89c0818148,0x00007f89c0818190] = 72
 nul chk table  [0x00007f89c0818190,0x00007f89c08181b8] = 40
R15=0x00007f89a5cf8fe0 is pointing into the stack for thread: 0x00007f89800eefa0


Top of Stack: (sp=0x00007f89a5cf8e80)
0x00007f89a5cf8e80:   000000000000003a 0000000000000001
0x00007f89a5cf8e90:   00007f89a5cf8ed0 00007f89d6ffec66
0x00007f89a5cf8ea0:   00007f89a5cf8ed0 00007f89a5cf8fe0
0x00007f89a5cf8eb0:   00007f89a5cf9838 0000000000000058 

Instructions: (pc=0x00007f89d7001c02)
0x00007f89d7001b02:   00 e9 a8 fe ff ff 0f 1f 84 00 00 00 00 00 41 8b
0x00007f89d7001b12:   75 00 31 c0 48 85 db 74 13 48 8d 15 de 53 65 00
0x00007f89d7001b22:   48 89 d8 8b 4a 08 48 2b 02 48 d3 e8 39 c6 0f 84
0x00007f89d7001b32:   7a fe ff ff 48 8d 05 93 54 65 00 48 8d 0d 00 e1
0x00007f89d7001b42:   36 00 be 3f 00 00 00 48 8d 15 b0 e1 36 00 48 8b
0x00007f89d7001b52:   00 c6 00 58 e9 e1 fe ff ff 90 0f 1f 40 00 f3 0f
0x00007f89d7001b62:   1e fa 55 31 d2 48 89 e5 53 48 89 d3 48 83 ec 08
0x00007f89d7001b72:   48 8b 47 08 48 8b 78 20 48 89 f0 48 29 f8 48 85
0x00007f89d7001b82:   f6 48 0f 45 d8 0f b6 07 3c e8 0f 84 8e 00 00 00
0x00007f89d7001b92:   89 c2 83 e2 fd 80 fa e9 75 24 48 63 47 01 48 c7
0x00007f89d7001ba2:   c2 ff ff ff ff 48 8d 44 07 05 48 39 f8 48 0f 44
0x00007f89d7001bb2:   c2 48 01 d8 48 8b 5d f8 c9 c3 0f 1f 40 00 8b 17
0x00007f89d7001bc2:   81 e2 ff f0 00 00 81 fa 0f 80 00 00 74 60 89 c2
0x00007f89d7001bd2:   83 e2 f0 80 fa 70 74 56 83 e8 48 3c 01 77 0b 0f
0x00007f89d7001be2:   b6 47 01 83 e0 f8 3c b8 74 54 48 8d 05 dd 53 65
0x00007f89d7001bf2:   00 be 6a 00 00 00 48 8d 3d a9 e0 36 00 48 8b 00
0x00007f89d7001c02:   c6 00 58 e8 c6 34 8f ff e8 f1 26 f6 ff 48 8b 5d
0x00007f89d7001c12:   f8 31 c0 c9 c3 66 0f 1f 84 00 00 00 00 00 e8 7b
0x00007f89d7001c22:   32 f2 ff 48 01 d8 48 8b 5d f8 c9 c3 66 90 e8 2b
0x00007f89d7001c32:   42 f2 ff 48 01 d8 48 8b 5d f8 c9 c3 66 90 48 8b
0x00007f89d7001c42:   47 02 e9 6d ff ff ff 90 66 0f 1f 44 00 00 f3 0f
0x00007f89d7001c52:   1e fa 55 48 89 e5 41 55 41 54 49 89 f4 53 48 83
0x00007f89d7001c62:   ec 08 48 8b 47 08 48 8b 58 20 0f b6 03 3c e8 0f
0x00007f89d7001c72:   84 d9 00 00 00 89 c2 83 e2 fd 80 fa e9 75 4f 48
0x00007f89d7001c82:   63 43 01 48 8d 44 03 05 48 83 f8 ff 0f 84 ac 00
0x00007f89d7001c92:   00 00 48 39 c3 0f 84 a3 00 00 00 48 8d 53 05 48
0x00007f89d7001ca2:   89 f0 48 29 d0 49 83 fc ff 48 c7 c2 fb ff ff ff
0x00007f89d7001cb2:   be 01 00 00 00 48 0f 44 c2 89 43 01 48 83 c4 08
0x00007f89d7001cc2:   48 89 df 5b 41 5c 41 5d 5d e9 40 2e f2 ff 8b 13
0x00007f89d7001cd2:   49 89 fd 81 e2 ff f0 00 00 81 fa 0f 80 00 00 0f
0x00007f89d7001ce2:   84 c1 00 00 00 89 c2 83 e2 f0 80 fa 70 0f 84 b3
0x00007f89d7001cf2:   00 00 00 83 e8 48 3c 01 77 0f 0f b6 43 01 83 e0 


Stack slot to memory mapping:
stack at sp + 0 slots: 0x000000000000003a is an unknown value
stack at sp + 1 slots: 0x0000000000000001 is an unknown value
stack at sp + 2 slots: 0x00007f89a5cf8ed0 is pointing into the stack for thread: 0x00007f89800eefa0
stack at sp + 3 slots: 0x00007f89d6ffec66: <offset 0x0000000000d62c66> in /usr/lib/jvm/java-19-openjdk-amd64/lib/server/libjvm.so at 0x00007f89d629c000
stack at sp + 4 slots: 0x00007f89a5cf8ed0 is pointing into the stack for thread: 0x00007f89800eefa0
stack at sp + 5 slots: 0x00007f89a5cf8fe0 is pointing into the stack for thread: 0x00007f89800eefa0
stack at sp + 6 slots: 0x00007f89a5cf9838 is pointing into the stack for thread: 0x00007f89800eefa0
stack at sp + 7 slots: 0x0000000000000058 is an unknown value


---------------  P R O C E S S  ---------------

Threads class SMR info:
_java_thread_list=0x00007f8944004c30, length=15, elements={
0x00007f89d0017c10, 0x00007f89d013d190, 0x00007f89d013e550, 0x00007f89d013fca0,
0x00007f89d0141120, 0x00007f89d0142590, 0x00007f89d0143fa0, 0x00007f89d0145530,
0x00007f89d0146a00, 0x00007f89d014ec20, 0x00007f89d0152640, 0x00007f89800eefa0,
0x00007f89d0869e20, 0x00007f8958002bd0, 0x00007f894c181dc0
}

Java Threads: ( => current thread )
  0x00007f89d0017c10 JavaThread "main" [_thread_blocked, id=51182, stack(0x00007f89d5e6b000,0x00007f89d5f6b000)]
  0x00007f89d013d190 JavaThread "Reference Handler" daemon [_thread_blocked, id=51189, stack(0x00007f89b4738000,0x00007f89b4838000)]
  0x00007f89d013e550 JavaThread "Finalizer" daemon [_thread_blocked, id=51190, stack(0x00007f89b4638000,0x00007f89b4738000)]
  0x00007f89d013fca0 JavaThread "Signal Dispatcher" daemon [_thread_blocked, id=51191, stack(0x00007f89b4538000,0x00007f89b4638000)]
  0x00007f89d0141120 JavaThread "Service Thread" daemon [_thread_blocked, id=51192, stack(0x00007f89b4438000,0x00007f89b4538000)]
  0x00007f89d0142590 JavaThread "Monitor Deflation Thread" daemon [_thread_blocked, id=51193, stack(0x00007f89b4338000,0x00007f89b4438000)]
  0x00007f89d0143fa0 JavaThread "C2 CompilerThread0" daemon [_thread_blocked, id=51194, stack(0x00007f89b4238000,0x00007f89b4338000)]
  0x00007f89d0145530 JavaThread "C1 CompilerThread0" daemon [_thread_blocked, id=51195, stack(0x00007f89b4138000,0x00007f89b4238000)]
  0x00007f89d0146a00 JavaThread "Sweeper thread" daemon [_thread_blocked, id=51196, stack(0x00007f89b4038000,0x00007f89b4138000)]
  0x00007f89d014ec20 JavaThread "Notification Thread" daemon [_thread_blocked, id=51197, stack(0x00007f89a5f00000,0x00007f89a6000000)]
  0x00007f89d0152640 JavaThread "Common-Cleaner" daemon [_thread_blocked, id=51199, stack(0x00007f89a5cfe000,0x00007f89a5dfe000)]
=>0x00007f89800eefa0 JavaThread "C2 CompilerThread1" daemon [_thread_in_vm, id=51200, stack(0x00007f89a5bfe000,0x00007f89a5cfe000)]
  0x00007f89d0869e20 JavaThread "Thread-0" [_thread_blocked, id=51232, stack(0x00007f89a57f8000,0x00007f89a58f8000)]
  0x00007f8958002bd0 JavaThread "restartedMain" [_thread_blocked, id=51233, stack(0x00007f89a56f8000,0x00007f89a57f8000)]
  0x00007f894c181dc0 JavaThread "Log4j2-TF-2-AsyncLoggerConfig-1" daemon [_thread_blocked, id=51234, stack(0x00007f89a55f8000,0x00007f89a56f8000)]

Other Threads:
  0x00007f89d01343c0 VMThread "VM Thread" [stack: 0x00007f89d4064000,0x00007f89d4164000] [id=51188]
  0x00007f89d0150600 WatcherThread "VM Periodic Task Thread" [stack: 0x00007f89a5e00000,0x00007f89a5f00000] [id=51198]
  0x00007f89d0077440 WorkerThread "GC Thread#0" [stack: 0x00007f89d4b60000,0x00007f89d4c60000] [id=51183]
  0x00007f8994006870 WorkerThread "GC Thread#1" [stack: 0x00007f89a5afe000,0x00007f89a5bfe000] [id=51201]
  0x00007f89940072b0 WorkerThread "GC Thread#2" [stack: 0x00007f89a59fc000,0x00007f89a5afc000] [id=51202]
  0x00007f899400f120 WorkerThread "GC Thread#3" [stack: 0x00007f89a58fa000,0x00007f89a59fa000] [id=51221]
  0x00007f89d00882d0 ConcurrentGCThread "G1 Main Marker" [stack: 0x00007f89d4a5e000,0x00007f89d4b5e000] [id=51184]
  0x00007f89d00891f0 WorkerThread "G1 Conc#0" [stack: 0x00007f89d495c000,0x00007f89d4a5c000] [id=51185]
  0x00007f89d0000e00 ConcurrentGCThread "G1 Refine#0" [stack: 0x00007f89d4456000,0x00007f89d4556000] [id=51186]
  0x00007f89d01063b0 ConcurrentGCThread "G1 Service" [stack: 0x00007f89d4354000,0x00007f89d4454000] [id=51187]

Threads with active compile tasks:
C2 CompilerThread1     2631 3677       4       sun.reflect.annotation.AnnotationInvocationHandler::invoke (178 bytes)

VM state: not at safepoint (normal execution)

VM Mutex/Monitor currently owned by a thread:  ([mutex/lock_event])
[0x00007f89d0014b20] MethodCompileQueue_lock - owner thread: 0x00007f89800eefa0
[0x00007f89d00165a0] CodeCache_lock - owner thread: 0x00007f89800eefa0
[0x00007f89d0016910] Compile_lock - owner thread: 0x00007f89800eefa0

Heap address: 0x0000000083c00000, size: 1988 MB, Compressed Oops mode: 32-bit

CDS archive(s) mapped at: [0x0000000800000000-0x0000000800c51000-0x0000000800c51000), size 12914688, SharedBaseAddress: 0x0000000800000000, ArchiveRelocationMode: 0.
Compressed class space mapped at: 0x0000000801000000-0x0000000841000000, reserved size: 1073741824
Narrow klass base: 0x0000000800000000, Narrow klass shift: 0, Narrow klass range: 0x100000000

GC Precious Log:
 CardTable entry size: 512
 Card Set container configuration: InlinePtr #cards 5 size 8 Array Of Cards #cards 12 size 40 Howl #buckets 4 coarsen threshold 1843 Howl Bitmap #cards 512 size 80 coarsen threshold 460 Card regions per heap region 1 cards per card region 2048
 CPUs: 4 total, 4 available
 Memory: 7949M
 Large Page Support: Disabled
 NUMA Support: Disabled
 Compressed Oops: Enabled (32-bit)
 Heap Region Size: 1M
 Heap Min Capacity: 8M
 Heap Initial Capacity: 126M
 Heap Max Capacity: 1988M
 Pre-touch: Disabled
 Parallel Workers: 4
 Concurrent Workers: 1
 Concurrent Refinement Workers: 4
 Periodic GC: Disabled

Heap:
 garbage-first heap   total 89088K, used 40681K [0x0000000083c00000, 0x0000000100000000)
  region size 1024K, 14 young (14336K), 1 survivors (1024K)
 Metaspace       used 30481K, committed 30848K, reserved 1114112K
  class space    used 3613K, committed 3776K, reserved 1048576K

Heap Regions: E=young(eden), S=young(survivor), O=old, HS=humongous(starts), HC=humongous(continues), CS=collection set, F=free, OA=open archive, CA=closed archive, TAMS=top-at-mark-start (previous, next)
|   0|0x0000000083c00000, 0x0000000083d00000, 0x0000000083d00000|100%|HS|  |TAMS 0x0000000083d00000, 0x0000000083c00000| Complete 
|   1|0x0000000083d00000, 0x0000000083e00000, 0x0000000083e00000|100%| O|  |TAMS 0x0000000083e00000, 0x0000000083d00000| Untracked 
|   2|0x0000000083e00000, 0x0000000083f00000, 0x0000000083f00000|100%| O|  |TAMS 0x0000000083f00000, 0x0000000083e00000| Untracked 
|   3|0x0000000083f00000, 0x0000000084000000, 0x0000000084000000|100%| O|  |TAMS 0x0000000084000000, 0x0000000083f00000| Untracked 
|   4|0x0000000084000000, 0x0000000084100000, 0x0000000084100000|100%| O|  |TAMS 0x0000000084100000, 0x0000000084000000| Untracked 
|   5|0x0000000084100000, 0x0000000084200000, 0x0000000084200000|100%| O|  |TAMS 0x0000000084200000, 0x0000000084100000| Untracked 
|   6|0x0000000084200000, 0x0000000084300000, 0x0000000084300000|100%| O|  |TAMS 0x000000008426d400, 0x0000000084200000| Untracked 
|   7|0x0000000084300000, 0x0000000084400000, 0x0000000084400000|100%|HS|  |TAMS 0x0000000084400000, 0x0000000084300000| Complete 
|   8|0x0000000084400000, 0x0000000084500000, 0x0000000084500000|100%|HC|  |TAMS 0x0000000084500000, 0x0000000084400000| Complete 
|   9|0x0000000084500000, 0x0000000084600000, 0x0000000084600000|100%|HS|  |TAMS 0x0000000084600000, 0x0000000084500000| Complete 
|  10|0x0000000084600000, 0x0000000084700000, 0x0000000084700000|100%|HC|  |TAMS 0x0000000084700000, 0x0000000084600000| Complete 
|  11|0x0000000084700000, 0x0000000084800000, 0x0000000084800000|100%| O|  |TAMS 0x0000000084700000, 0x0000000084700000| Untracked 
|  12|0x0000000084800000, 0x0000000084800000, 0x0000000084900000|  0%| F|  |TAMS 0x0000000084800000, 0x0000000084800000| Untracked 
|  13|0x0000000084900000, 0x0000000084a00000, 0x0000000084a00000|100%| O|  |TAMS 0x0000000084900000, 0x0000000084900000| Untracked 
|  14|0x0000000084a00000, 0x0000000084b00000, 0x0000000084b00000|100%| O|  |TAMS 0x0000000084a00000, 0x0000000084a00000| Untracked 
|  15|0x0000000084b00000, 0x0000000084c00000, 0x0000000084c00000|100%| O|  |TAMS 0x0000000084b00000, 0x0000000084b00000| Untracked 
|  16|0x0000000084c00000, 0x0000000084d00000, 0x0000000084d00000|100%| O|  |TAMS 0x0000000084c00000, 0x0000000084c00000| Untracked 
|  17|0x0000000084d00000, 0x0000000084e00000, 0x0000000084e00000|100%| O|  |TAMS 0x0000000084d00000, 0x0000000084d00000| Untracked 
|  18|0x0000000084e00000, 0x0000000084f00000, 0x0000000084f00000|100%| O|  |TAMS 0x0000000084e00000, 0x0000000084e00000| Untracked 
|  19|0x0000000084f00000, 0x0000000085000000, 0x0000000085000000|100%| O|  |TAMS 0x0000000084f00000, 0x0000000084f00000| Untracked 
|  20|0x0000000085000000, 0x0000000085100000, 0x0000000085100000|100%| O|  |TAMS 0x0000000085000000, 0x0000000085000000| Untracked 
|  21|0x0000000085100000, 0x0000000085200000, 0x0000000085200000|100%| O|  |TAMS 0x0000000085100000, 0x0000000085100000| Untracked 
|  22|0x0000000085200000, 0x0000000085300000, 0x0000000085300000|100%| O|  |TAMS 0x0000000085200000, 0x0000000085200000| Untracked 
|  23|0x0000000085300000, 0x0000000085400000, 0x0000000085400000|100%| O|  |TAMS 0x0000000085300000, 0x0000000085300000| Untracked 
|  24|0x0000000085400000, 0x0000000085500000, 0x0000000085500000|100%| O|  |TAMS 0x0000000085400000, 0x0000000085400000| Untracked 
|  25|0x0000000085500000, 0x0000000085600000, 0x0000000085600000|100%| O|  |TAMS 0x0000000085500000, 0x0000000085500000| Untracked 
|  26|0x0000000085600000, 0x0000000085700000, 0x0000000085700000|100%| O|  |TAMS 0x0000000085600000, 0x0000000085600000| Untracked 
|  27|0x0000000085700000, 0x00000000857c2600, 0x0000000085800000| 75%| O|  |TAMS 0x0000000085700000, 0x0000000085700000| Untracked 
|  28|0x0000000085800000, 0x0000000085800000, 0x0000000085900000|  0%| F|  |TAMS 0x0000000085800000, 0x0000000085800000| Untracked 
|  29|0x0000000085900000, 0x0000000085900000, 0x0000000085a00000|  0%| F|  |TAMS 0x0000000085900000, 0x0000000085900000| Untracked 
|  30|0x0000000085a00000, 0x0000000085a00000, 0x0000000085b00000|  0%| F|  |TAMS 0x0000000085a00000, 0x0000000085a00000| Untracked 
|  31|0x0000000085b00000, 0x0000000085b00000, 0x0000000085c00000|  0%| F|  |TAMS 0x0000000085b00000, 0x0000000085b00000| Untracked 
|  32|0x0000000085c00000, 0x0000000085c00000, 0x0000000085d00000|  0%| F|  |TAMS 0x0000000085c00000, 0x0000000085c00000| Untracked 
|  33|0x0000000085d00000, 0x0000000085d00000, 0x0000000085e00000|  0%| F|  |TAMS 0x0000000085d00000, 0x0000000085d00000| Untracked 
|  34|0x0000000085e00000, 0x0000000085e00000, 0x0000000085f00000|  0%| F|  |TAMS 0x0000000085e00000, 0x0000000085e00000| Untracked 
|  35|0x0000000085f00000, 0x0000000085f00000, 0x0000000086000000|  0%| F|  |TAMS 0x0000000085f00000, 0x0000000085f00000| Untracked 
|  36|0x0000000086000000, 0x0000000086000000, 0x0000000086100000|  0%| F|  |TAMS 0x0000000086000000, 0x0000000086000000| Untracked 
|  37|0x0000000086100000, 0x0000000086100000, 0x0000000086200000|  0%| F|  |TAMS 0x0000000086100000, 0x0000000086100000| Untracked 
|  38|0x0000000086200000, 0x0000000086200000, 0x0000000086300000|  0%| F|  |TAMS 0x0000000086200000, 0x0000000086200000| Untracked 
|  39|0x0000000086300000, 0x0000000086300000, 0x0000000086400000|  0%| F|  |TAMS 0x0000000086300000, 0x0000000086300000| Untracked 
|  40|0x0000000086400000, 0x0000000086400000, 0x0000000086500000|  0%| F|  |TAMS 0x0000000086400000, 0x0000000086400000| Untracked 
|  41|0x0000000086500000, 0x0000000086500000, 0x0000000086600000|  0%| F|  |TAMS 0x0000000086500000, 0x0000000086500000| Untracked 
|  42|0x0000000086600000, 0x0000000086600000, 0x0000000086700000|  0%| F|  |TAMS 0x0000000086600000, 0x0000000086600000| Untracked 
|  43|0x0000000086700000, 0x0000000086700000, 0x0000000086800000|  0%| F|  |TAMS 0x0000000086700000, 0x0000000086700000| Untracked 
|  44|0x0000000086800000, 0x0000000086800000, 0x0000000086900000|  0%| F|  |TAMS 0x0000000086800000, 0x0000000086800000| Untracked 
|  45|0x0000000086900000, 0x0000000086900000, 0x0000000086a00000|  0%| F|  |TAMS 0x0000000086900000, 0x0000000086900000| Untracked 
|  46|0x0000000086a00000, 0x0000000086a00000, 0x0000000086b00000|  0%| F|  |TAMS 0x0000000086a00000, 0x0000000086a00000| Untracked 
|  47|0x0000000086b00000, 0x0000000086b00000, 0x0000000086c00000|  0%| F|  |TAMS 0x0000000086b00000, 0x0000000086b00000| Untracked 
|  48|0x0000000086c00000, 0x0000000086c00000, 0x0000000086d00000|  0%| F|  |TAMS 0x0000000086c00000, 0x0000000086c00000| Untracked 
|  49|0x0000000086d00000, 0x0000000086d00000, 0x0000000086e00000|  0%| F|  |TAMS 0x0000000086d00000, 0x0000000086d00000| Untracked 
|  50|0x0000000086e00000, 0x0000000086e00000, 0x0000000086f00000|  0%| F|  |TAMS 0x0000000086e00000, 0x0000000086e00000| Untracked 
|  51|0x0000000086f00000, 0x0000000086f00000, 0x0000000087000000|  0%| F|  |TAMS 0x0000000086f00000, 0x0000000086f00000| Untracked 
|  52|0x0000000087000000, 0x0000000087000000, 0x0000000087100000|  0%| F|  |TAMS 0x0000000087000000, 0x0000000087000000| Untracked 
|  53|0x0000000087100000, 0x0000000087100000, 0x0000000087200000|  0%| F|  |TAMS 0x0000000087100000, 0x0000000087100000| Untracked 
|  54|0x0000000087200000, 0x0000000087200000, 0x0000000087300000|  0%| F|  |TAMS 0x0000000087200000, 0x0000000087200000| Untracked 
|  55|0x0000000087300000, 0x0000000087300000, 0x0000000087400000|  0%| F|  |TAMS 0x0000000087300000, 0x0000000087300000| Untracked 
|  56|0x0000000087400000, 0x0000000087400000, 0x0000000087500000|  0%| F|  |TAMS 0x0000000087400000, 0x0000000087400000| Untracked 
|  57|0x0000000087500000, 0x0000000087500000, 0x0000000087600000|  0%| F|  |TAMS 0x0000000087500000, 0x0000000087500000| Untracked 
|  58|0x0000000087600000, 0x0000000087600000, 0x0000000087700000|  0%| F|  |TAMS 0x0000000087600000, 0x0000000087600000| Untracked 
|  59|0x0000000087700000, 0x0000000087700000, 0x0000000087800000|  0%| F|  |TAMS 0x0000000087700000, 0x0000000087700000| Untracked 
|  60|0x0000000087800000, 0x0000000087800000, 0x0000000087900000|  0%| F|  |TAMS 0x0000000087800000, 0x0000000087800000| Untracked 
|  61|0x0000000087900000, 0x0000000087900000, 0x0000000087a00000|  0%| F|  |TAMS 0x0000000087900000, 0x0000000087900000| Untracked 
|  62|0x0000000087a00000, 0x0000000087a00000, 0x0000000087b00000|  0%| F|  |TAMS 0x0000000087a00000, 0x0000000087a00000| Untracked 
|  63|0x0000000087b00000, 0x0000000087b00000, 0x0000000087c00000|  0%| F|  |TAMS 0x0000000087b00000, 0x0000000087b00000| Untracked 
|  64|0x0000000087c00000, 0x0000000087c00000, 0x0000000087d00000|  0%| F|  |TAMS 0x0000000087c00000, 0x0000000087c00000| Untracked 
|  65|0x0000000087d00000, 0x0000000087d00000, 0x0000000087e00000|  0%| F|  |TAMS 0x0000000087d00000, 0x0000000087d00000| Untracked 
|  66|0x0000000087e00000, 0x0000000087e00000, 0x0000000087f00000|  0%| F|  |TAMS 0x0000000087e00000, 0x0000000087e00000| Untracked 
|  67|0x0000000087f00000, 0x0000000087f00000, 0x0000000088000000|  0%| F|  |TAMS 0x0000000087f00000, 0x0000000087f00000| Untracked 
|  68|0x0000000088000000, 0x0000000088000000, 0x0000000088100000|  0%| F|  |TAMS 0x0000000088000000, 0x0000000088000000| Untracked 
|  69|0x0000000088100000, 0x0000000088100000, 0x0000000088200000|  0%| F|  |TAMS 0x0000000088100000, 0x0000000088100000| Untracked 
|  70|0x0000000088200000, 0x0000000088200000, 0x0000000088300000|  0%| F|  |TAMS 0x0000000088200000, 0x0000000088200000| Untracked 
|  71|0x0000000088300000, 0x000000008832c550, 0x0000000088400000| 17%| E|  |TAMS 0x0000000088300000, 0x0000000088300000| Complete 
|  72|0x0000000088400000, 0x0000000088500000, 0x0000000088500000|100%| E|CS|TAMS 0x0000000088400000, 0x0000000088400000| Complete 
|  73|0x0000000088500000, 0x0000000088600000, 0x0000000088600000|100%| E|  |TAMS 0x0000000088500000, 0x0000000088500000| Complete 
|  74|0x0000000088600000, 0x0000000088700000, 0x0000000088700000|100%| E|CS|TAMS 0x0000000088600000, 0x0000000088600000| Complete 
|  75|0x0000000088700000, 0x0000000088800000, 0x0000000088800000|100%| E|CS|TAMS 0x0000000088700000, 0x0000000088700000| Complete 
|  76|0x0000000088800000, 0x0000000088900000, 0x0000000088900000|100%| E|CS|TAMS 0x0000000088800000, 0x0000000088800000| Complete 
|  77|0x0000000088900000, 0x0000000088a00000, 0x0000000088a00000|100%| E|CS|TAMS 0x0000000088900000, 0x0000000088900000| Complete 
|  78|0x0000000088a00000, 0x0000000088b00000, 0x0000000088b00000|100%| E|CS|TAMS 0x0000000088a00000, 0x0000000088a00000| Complete 
|  79|0x0000000088b00000, 0x0000000088c00000, 0x0000000088c00000|100%| E|CS|TAMS 0x0000000088b00000, 0x0000000088b00000| Complete 
|  80|0x0000000088c00000, 0x0000000088d00000, 0x0000000088d00000|100%| E|CS|TAMS 0x0000000088c00000, 0x0000000088c00000| Complete 
|  81|0x0000000088d00000, 0x0000000088e00000, 0x0000000088e00000|100%| E|CS|TAMS 0x0000000088d00000, 0x0000000088d00000| Complete 
|  82|0x0000000088e00000, 0x0000000088f00000, 0x0000000088f00000|100%| E|CS|TAMS 0x0000000088e00000, 0x0000000088e00000| Complete 
|  83|0x0000000088f00000, 0x0000000089000000, 0x0000000089000000|100%| S|CS|TAMS 0x0000000088f00000, 0x0000000088f00000| Complete 
| 125|0x000000008b900000, 0x000000008ba00000, 0x000000008ba00000|100%| E|CS|TAMS 0x000000008b900000, 0x000000008b900000| Complete 
|1986|0x00000000ffe00000, 0x00000000ffe77000, 0x00000000fff00000| 46%|OA|  |TAMS 0x00000000ffe77000, 0x00000000ffe00000| Untracked 
|1987|0x00000000fff00000, 0x00000000fff81000, 0x0000000100000000| 50%|CA|  |TAMS 0x00000000fff00000, 0x00000000fff00000| Untracked 

Card table byte_map: [0x00007f89d5085000,0x00007f89d5467000] _byte_map_base: 0x00007f89d4c67000

Marking Bits (Prev, Next): (CMBitMap*) 0x00007f89d0077f10, (CMBitMap*) 0x00007f89d0077ed0
 Prev Bits: [0x00007f89b4dac000, 0x00007f89b6cbc000)
 Next Bits: [0x00007f89b6cbc000, 0x00007f89b8bcc000)

Polling page: 0x00007f89d7932000

Metaspace:

Usage:
  Non-class:     26,24 MB used.
      Class:      3,53 MB used.
       Both:     29,77 MB used.

Virtual space:
  Non-class space:       64,00 MB reserved,      26,44 MB ( 41%) committed,  1 nodes.
      Class space:        1,00 GB reserved,       3,69 MB ( <1%) committed,  1 nodes.
             Both:        1,06 GB reserved,      30,12 MB (  3%) committed. 

Chunk freelists:
   Non-Class:  1,52 MB
       Class:  176,00 KB
        Both:  1,69 MB

MaxMetaspaceSize: unlimited
CompressedClassSpaceSize: 1,00 GB
Initial GC threshold: 21,00 MB
Current GC threshold: 35,25 MB
CDS: on
MetaspaceReclaimPolicy: balanced
 - commit_granule_bytes: 65536.
 - commit_granule_words: 8192.
 - virtual_space_node_default_size: 8388608.
 - enlarge_chunks_in_place: 1.
 - new_chunks_are_fully_committed: 0.
 - uncommit_free_chunks: 1.
 - use_allocation_guard: 0.


Internal statistics:

num_allocs_failed_limit: 3.
num_arena_births: 402.
num_arena_deaths: 0.
num_vsnodes_births: 2.
num_vsnodes_deaths: 0.
num_space_committed: 482.
num_space_uncommitted: 0.
num_chunks_returned_to_freelist: 3.
num_chunks_taken_from_freelist: 1361.
num_chunk_merges: 3.
num_chunk_splits: 944.
num_chunks_enlarged: 746.
num_inconsistent_stats: 0.

CodeHeap 'non-profiled nmethods': size=120032Kb used=1552Kb max_used=1552Kb free=118479Kb
 bounds [0x00007f89c0694000, 0x00007f89c0904000, 0x00007f89c7bcc000]
CodeHeap 'profiled nmethods': size=120028Kb used=7367Kb max_used=7367Kb free=112660Kb
 bounds [0x00007f89b8bcc000, 0x00007f89b930c000, 0x00007f89c0103000]
CodeHeap 'non-nmethods': size=5700Kb used=1685Kb max_used=1745Kb free=4014Kb
 bounds [0x00007f89c0103000, 0x00007f89c0373000, 0x00007f89c0694000]
 total_blobs=4344 nmethods=3682 adapters=570
 compilation: enabled
              stopped_count=0, restarted_count=0
 full_count=0

Compilation events (20 events):
Event: 2,619 Thread 0x00007f89d0145530 nmethod 3674 0x00007f89b92fb190 code [0x00007f89b92fb340, 0x00007f89b92fb560]
Event: 2,619 Thread 0x00007f89d0145530 3675       1       org.springframework.context.annotation.ConfigurationMethod::getMetadata (5 bytes)
Event: 2,619 Thread 0x00007f89d0145530 nmethod 3675 0x00007f89c0815e10 code [0x00007f89c0815fa0, 0x00007f89c0816050]
Event: 2,619 Thread 0x00007f89d0145530 3678       3       java.util.LinkedHashMap::<init> (10 bytes)
Event: 2,619 Thread 0x00007f89d0145530 nmethod 3678 0x00007f89b92fb610 code [0x00007f89b92fb7c0, 0x00007f89b92fb9f0]
Event: 2,619 Thread 0x00007f89d0145530 3676       1       org.springframework.core.type.classreading.SimpleMethodMetadata::getMethodName (5 bytes)
Event: 2,619 Thread 0x00007f89d0145530 nmethod 3676 0x00007f89c0816110 code [0x00007f89c08162a0, 0x00007f89c0816350]
Event: 2,619 Thread 0x00007f89800eefa0 3677       4       sun.reflect.annotation.AnnotationInvocationHandler::invoke (178 bytes)
Event: 2,621 Thread 0x00007f89d0143fa0 3680   !   4       jdk.internal.ref.PhantomCleanable::remove (60 bytes)
Event: 2,623 Thread 0x00007f89d0143fa0 nmethod 3680 0x00007f89c0816410 code [0x00007f89c08165a0, 0x00007f89c0816ad8]
Event: 2,623 Thread 0x00007f89d0145530 3681       3       sun.reflect.annotation.AnnotationParser::parseArrayElements (101 bytes)
Event: 2,623 Thread 0x00007f89d0145530 nmethod 3681 0x00007f89b92fbb10 code [0x00007f89b92fbd20, 0x00007f89b92fc610]
Event: 2,623 Thread 0x00007f89d0145530 3679       3       org.springframework.core.annotation.AbstractMergedAnnotation::asAnnotationAttributes (14 bytes)
Event: 2,623 Thread 0x00007f89d0145530 nmethod 3679 0x00007f89b92fc810 code [0x00007f89b92fc9e0, 0x00007f89b92fce20]
Event: 2,625 Thread 0x00007f89d0145530 3682       1       org.springframework.beans.factory.support.AbstractBeanDefinition::isAbstract (5 bytes)
Event: 2,625 Thread 0x00007f89d0145530 nmethod 3682 0x00007f89c0816c10 code [0x00007f89c0816da0, 0x00007f89c0816e70]
Event: 2,625 Thread 0x00007f89d0145530 3683       1       org.springframework.beans.factory.support.AbstractBeanDefinition::getFactoryBeanName (5 bytes)
Event: 2,625 Thread 0x00007f89d0145530 nmethod 3683 0x00007f89c0816f10 code [0x00007f89c08170a0, 0x00007f89c0817150]
Event: 2,625 Thread 0x00007f89d0145530 3684       3       org.springframework.util.ClassUtils::isAssignable (84 bytes)
Event: 2,626 Thread 0x00007f89d0145530 nmethod 3684 0x00007f89b92fcf90 code [0x00007f89b92fd1e0, 0x00007f89b92fda90]

GC Heap History (10 events):
Event: 0,617 GC heap before
{Heap before GC invocations=0 (full 0):
 garbage-first heap   total 131072K, used 14304K [0x0000000083c00000, 0x0000000100000000)
  region size 1024K, 13 young (13312K), 0 survivors (0K)
 Metaspace       used 2615K, committed 2752K, reserved 1114112K
  class space    used 262K, committed 320K, reserved 1048576K
}
Event: 0,622 GC heap after
{Heap after GC invocations=1 (full 0):
 garbage-first heap   total 131072K, used 7512K [0x0000000083c00000, 0x0000000100000000)
  region size 1024K, 2 young (2048K), 2 survivors (2048K)
 Metaspace       used 2615K, committed 2752K, reserved 1114112K
  class space    used 262K, committed 320K, reserved 1048576K
}
Event: 0,962 GC heap before
{Heap before GC invocations=1 (full 0):
 garbage-first heap   total 131072K, used 22872K [0x0000000083c00000, 0x0000000100000000)
  region size 1024K, 17 young (17408K), 2 survivors (2048K)
 Metaspace       used 8298K, committed 8512K, reserved 1114112K
  class space    used 926K, committed 1024K, reserved 1048576K
}
Event: 0,967 GC heap after
{Heap after GC invocations=2 (full 0):
 garbage-first heap   total 131072K, used 9393K [0x0000000083c00000, 0x0000000100000000)
  region size 1024K, 2 young (2048K), 2 survivors (2048K)
 Metaspace       used 8298K, committed 8512K, reserved 1114112K
  class space    used 926K, committed 1024K, reserved 1048576K
}
Event: 1,858 GC heap before
{Heap before GC invocations=2 (full 0):
 garbage-first heap   total 131072K, used 65713K [0x0000000083c00000, 0x0000000100000000)
  region size 1024K, 55 young (56320K), 2 survivors (2048K)
 Metaspace       used 21164K, committed 21504K, reserved 1114112K
  class space    used 2514K, committed 2688K, reserved 1048576K
}
Event: 1,868 GC heap after
{Heap after GC invocations=3 (full 0):
 garbage-first heap   total 131072K, used 23708K [0x0000000083c00000, 0x0000000100000000)
  region size 1024K, 10 young (10240K), 10 survivors (10240K)
 Metaspace       used 21164K, committed 21504K, reserved 1114112K
  class space    used 2514K, committed 2688K, reserved 1048576K
}
Event: 2,457 GC heap before
{Heap before GC invocations=4 (full 0):
 garbage-first heap   total 89088K, used 66716K [0x0000000083c00000, 0x0000000100000000)
  region size 1024K, 52 young (53248K), 10 survivors (10240K)
 Metaspace       used 29754K, committed 30080K, reserved 1114112K
  class space    used 3525K, committed 3648K, reserved 1048576K
}
Event: 2,465 GC heap after
{Heap after GC invocations=5 (full 0):
 garbage-first heap   total 89088K, used 28571K [0x0000000083c00000, 0x0000000100000000)
  region size 1024K, 5 young (5120K), 5 survivors (5120K)
 Metaspace       used 29754K, committed 30080K, reserved 1114112K
  class space    used 3525K, committed 3648K, reserved 1048576K
}
Event: 2,476 GC heap before
{Heap before GC invocations=5 (full 0):
 garbage-first heap   total 89088K, used 29595K [0x0000000083c00000, 0x0000000100000000)
  region size 1024K, 6 young (6144K), 5 survivors (5120K)
 Metaspace       used 29782K, committed 30144K, reserved 1114112K
  class space    used 3529K, committed 3648K, reserved 1048576K
}
Event: 2,478 GC heap after
{Heap after GC invocations=6 (full 0):
 garbage-first heap   total 89088K, used 29417K [0x0000000083c00000, 0x0000000100000000)
  region size 1024K, 1 young (1024K), 1 survivors (1024K)
 Metaspace       used 29782K, committed 30144K, reserved 1114112K
  class space    used 3529K, committed 3648K, reserved 1048576K
}

Dll operation events (9 events):
Event: 0,002 Loaded shared library /usr/lib/jvm/java-19-openjdk-amd64/lib/libjava.so
Event: 0,003 Loaded shared library /usr/lib/jvm/java-19-openjdk-amd64/lib/libzip.so
Event: 0,022 Loaded shared library /usr/lib/jvm/java-19-openjdk-amd64/lib/libjsvml.so
Event: 0,103 Loaded shared library /usr/lib/jvm/java-19-openjdk-amd64/lib/libnio.so
Event: 0,108 Loaded shared library /usr/lib/jvm/java-19-openjdk-amd64/lib/libzip.so
Event: 0,339 Loaded shared library /usr/lib/jvm/java-19-openjdk-amd64/lib/libjimage.so
Event: 0,682 Loaded shared library /usr/lib/jvm/java-19-openjdk-amd64/lib/libmanagement.so
Event: 0,684 Loaded shared library /usr/lib/jvm/java-19-openjdk-amd64/lib/libmanagement_ext.so
Event: 0,792 Loaded shared library /usr/lib/jvm/java-19-openjdk-amd64/lib/libnet.so

Deoptimization events (20 events):
Event: 2,426 Thread 0x00007f8958002bd0 Uncommon trap: trap_request=0xffffffd6 fr.pc=0x00007f89c07ee9e4 relative=0x0000000000000424
Event: 2,426 Thread 0x00007f8958002bd0 Uncommon trap: reason=array_check action=maybe_recompile pc=0x00007f89c07ee9e4 method=java.util.AbstractCollection.toArray([Ljava/lang/Object;)[Ljava/lang/Object; @ 116 c2
Event: 2,426 Thread 0x00007f8958002bd0 DEOPT PACKING pc=0x00007f89c07ee9e4 sp=0x00007f89a57f5590
Event: 2,426 Thread 0x00007f8958002bd0 DEOPT UNPACKING pc=0x00007f89c0169299 sp=0x00007f89a57f5530 mode 2
Event: 2,428 Thread 0x00007f8958002bd0 Uncommon trap: trap_request=0xffffffd6 fr.pc=0x00007f89c07ee9e4 relative=0x0000000000000424
Event: 2,428 Thread 0x00007f8958002bd0 Uncommon trap: reason=array_check action=maybe_recompile pc=0x00007f89c07ee9e4 method=java.util.AbstractCollection.toArray([Ljava/lang/Object;)[Ljava/lang/Object; @ 116 c2
Event: 2,428 Thread 0x00007f8958002bd0 DEOPT PACKING pc=0x00007f89c07ee9e4 sp=0x00007f89a57f5550
Event: 2,428 Thread 0x00007f8958002bd0 DEOPT UNPACKING pc=0x00007f89c0169299 sp=0x00007f89a57f5500 mode 2
Event: 2,581 Thread 0x00007f8958002bd0 Uncommon trap: trap_request=0xffffffcc fr.pc=0x00007f89c080ece4 relative=0x0000000000000344
Event: 2,581 Thread 0x00007f8958002bd0 Uncommon trap: reason=intrinsic_or_type_checked_inlining action=make_not_entrant pc=0x00007f89c080ece4 method=java.util.Arrays.copyOf([Ljava/lang/Object;ILjava/lang/Class;)[Ljava/lang/Object; @ 35 c2
Event: 2,581 Thread 0x00007f8958002bd0 DEOPT PACKING pc=0x00007f89c080ece4 sp=0x00007f89a57f5230
Event: 2,581 Thread 0x00007f8958002bd0 DEOPT UNPACKING pc=0x00007f89c0169299 sp=0x00007f89a57f51c0 mode 2
Event: 2,602 Thread 0x00007f8958002bd0 Uncommon trap: trap_request=0xffffff45 fr.pc=0x00007f89c07dbcf0 relative=0x0000000000000fd0
Event: 2,602 Thread 0x00007f8958002bd0 Uncommon trap: reason=unstable_if action=reinterpret pc=0x00007f89c07dbcf0 method=jdk.internal.jimage.ImageStringsReader.stringFromByteBufferMatches(Ljava/nio/ByteBuffer;ILjava/lang/String;I)I @ 48 c2
Event: 2,602 Thread 0x00007f8958002bd0 DEOPT PACKING pc=0x00007f89c07dbcf0 sp=0x00007f89a57f4c20
Event: 2,602 Thread 0x00007f8958002bd0 DEOPT UNPACKING pc=0x00007f89c0169299 sp=0x00007f89a57f4978 mode 2
Event: 2,617 Thread 0x00007f8958002bd0 Uncommon trap: trap_request=0xffffffdc fr.pc=0x00007f89c08159f4 relative=0x0000000000000254
Event: 2,617 Thread 0x00007f8958002bd0 Uncommon trap: reason=class_check action=make_not_entrant pc=0x00007f89c08159f4 method=java.util.ArrayList.toArray([Ljava/lang/Object;)[Ljava/lang/Object; @ 21 c2
Event: 2,617 Thread 0x00007f8958002bd0 DEOPT PACKING pc=0x00007f89c08159f4 sp=0x00007f89a57f4b00
Event: 2,617 Thread 0x00007f8958002bd0 DEOPT UNPACKING pc=0x00007f89c0169299 sp=0x00007f89a57f4ab0 mode 2

Classes loaded (20 events):
Event: 2,625 Loading class org/springframework/beans/factory/config/ConstructorArgumentValues$ValueHolder
Event: 2,625 Loading class org/springframework/beans/factory/config/ConstructorArgumentValues$ValueHolder done
Event: 2,625 Loading class org/springframework/beans/factory/config/ConstructorArgumentValues
Event: 2,625 Loading class org/springframework/beans/factory/config/ConstructorArgumentValues done
Event: 2,625 Loading class org/springframework/beans/factory/config/ConstructorArgumentValues$ValueHolder
Event: 2,625 Loading class org/springframework/beans/factory/config/ConstructorArgumentValues$ValueHolder done
Event: 2,625 Loading class org/springframework/beans/factory/config/ConstructorArgumentValues$ValueHolder
Event: 2,625 Loading class org/springframework/beans/factory/config/ConstructorArgumentValues$ValueHolder done
Event: 2,625 Loading class org/springframework/beans/factory/config/ConstructorArgumentValues
Event: 2,625 Loading class org/springframework/beans/factory/config/ConstructorArgumentValues done
Event: 2,625 Loading class org/springframework/beans/factory/config/ConstructorArgumentValues$ValueHolder
Event: 2,625 Loading class org/springframework/beans/factory/config/ConstructorArgumentValues$ValueHolder done
Event: 2,625 Loading class org/springframework/beans/factory/config/ConstructorArgumentValues$ValueHolder
Event: 2,625 Loading class org/springframework/beans/factory/config/ConstructorArgumentValues$ValueHolder done
Event: 2,625 Loading class org/springframework/boot/autoconfigure/context/PropertyPlaceholderAutoConfiguration
Event: 2,625 Loading class org/springframework/boot/autoconfigure/context/PropertyPlaceholderAutoConfiguration done
Event: 2,626 Loading class org/springframework/context/annotation/ConfigurationClassBeanDefinitionReader$ConfigurationClassBeanDefinition
Event: 2,626 Loading class org/springframework/context/annotation/ConfigurationClassBeanDefinitionReader$ConfigurationClassBeanDefinition done
Event: 2,626 Loading class org/springframework/core/type/StandardMethodMetadata
Event: 2,626 Loading class org/springframework/core/type/StandardMethodMetadata done

Classes unloaded (0 events):
No events

Classes redefined (0 events):
No events

Internal exceptions (20 events):
Event: 1,959 Thread 0x00007f8958002bd0 Exception <a 'java/lang/ClassNotFoundException'{0x00000000889c99b8}: groovy/lang/ExpandoMetaClassBeanInfo> (0x00000000889c99b8) 
thrown [./src/hotspot/share/classfile/systemDictionary.cpp, line 255]
Event: 1,959 Thread 0x00007f8958002bd0 Exception <a 'java/lang/ClassNotFoundException'{0x00000000889cc878}: groovy/lang/MetaClassImplBeanInfo> (0x00000000889cc878) 
thrown [./src/hotspot/share/classfile/systemDictionary.cpp, line 255]
Event: 1,959 Thread 0x00007f8958002bd0 Exception <a 'java/lang/ClassNotFoundException'{0x00000000889cdfa0}: java/lang/ObjectBeanInfo> (0x00000000889cdfa0) 
thrown [./src/hotspot/share/classfile/systemDictionary.cpp, line 255]
Event: 1,959 Thread 0x00007f8958002bd0 Exception <a 'java/lang/ClassNotFoundException'{0x00000000889cfd60}: java/lang/ObjectCustomizer> (0x00000000889cfd60) 
thrown [./src/hotspot/share/classfile/systemDictionary.cpp, line 255]
Event: 1,960 Thread 0x00007f8958002bd0 Exception <a 'java/lang/IncompatibleClassChangeError'{0x00000000889d3c88}: Found class java.lang.Object, but interface was expected> (0x00000000889d3c88) 
thrown [./src/hotspot/share/interpreter/linkResolver.cpp, line 841]
Event: 1,963 Thread 0x00007f8958002bd0 Exception <a 'java/lang/ClassNotFoundException'{0x00000000889e1368}: groovy/lang/MetaClassImplCustomizer> (0x00000000889e1368) 
thrown [./src/hotspot/share/classfile/systemDictionary.cpp, line 255]
Event: 1,970 Thread 0x00007f8958002bd0 Exception <a 'java/lang/ClassNotFoundException'{0x00000000886161d8}: groovy/lang/ExpandoMetaClassCustomizer> (0x00000000886161d8) 
thrown [./src/hotspot/share/classfile/systemDictionary.cpp, line 255]
Event: 1,986 Thread 0x00007f8958002bd0 Exception <a 'java/lang/ClassNotFoundException'{0x0000000088495a50}: org/springframework/beans/factory/groovy/GroovyBeanDefinitionReaderBeanInfo> (0x0000000088495a50) 
thrown [./src/hotspot/share/classfile/systemDictionary.cpp, line 255]
Event: 1,986 Thread 0x00007f8958002bd0 Exception <a 'java/lang/ClassNotFoundException'{0x0000000088499530}: org/springframework/beans/factory/support/AbstractBeanDefinitionReaderBeanInfo> (0x0000000088499530) 
thrown [./src/hotspot/share/classfile/systemDictionary.cpp, line 255]
Event: 1,986 Thread 0x00007f8958002bd0 Exception <a 'java/lang/ClassNotFoundException'{0x000000008849d330}: org/springframework/beans/factory/support/AbstractBeanDefinitionReaderCustomizer> (0x000000008849d330) 
thrown [./src/hotspot/share/classfile/systemDictionary.cpp, line 255]
Event: 1,989 Thread 0x00007f8958002bd0 Exception <a 'java/lang/ClassNotFoundException'{0x00000000884bb9e8}: org/springframework/beans/factory/groovy/GroovyBeanDefinitionReaderCustomizer> (0x00000000884bb9e8) 
thrown [./src/hotspot/share/classfile/systemDictionary.cpp, line 255]
Event: 2,012 Thread 0x00007f894c1527e0 Exception <a 'java/lang/NoSuchMethodError'{0x00000000876c9af8}: 'long java.lang.invoke.DirectMethodHandle$Holder.invokeSpecial(java.lang.Object, java.lang.Object)'> (0x00000000876c9af8) 
thrown [./src/hotspot/share/interpreter/linkResolver.cpp, line 773]
Event: 2,013 Thread 0x00007f894c1527e0 Exception <a 'java/lang/NoSuchMethodError'{0x00000000876d4cf0}: 'long java.lang.invoke.DirectMethodHandle$Holder.invokeStatic(java.lang.Object, java.lang.Object)'> (0x00000000876d4cf0) 
thrown [./src/hotspot/share/interpreter/linkResolver.cpp, line 773]
Event: 2,013 Thread 0x00007f894c1527e0 Exception <a 'java/lang/NoSuchMethodError'{0x00000000876d8548}: 'long java.lang.invoke.DirectMethodHandle$Holder.invokeStaticInit(java.lang.Object, java.lang.Object)'> (0x00000000876d8548) 
thrown [./src/hotspot/share/interpreter/linkResolver.cpp, line 773]
Event: 2,014 Thread 0x00007f894c1527e0 Exception <a 'java/lang/NoSuchMethodError'{0x00000000876e6558}: 'long java.lang.invoke.DirectMethodHandle$Holder.invokeInterface(java.lang.Object, java.lang.Object)'> (0x00000000876e6558) 
thrown [./src/hotspot/share/interpreter/linkResolver.cpp, line 773]
Event: 2,015 Thread 0x00007f894c1527e0 Exception <a 'java/lang/IncompatibleClassChangeError'{0x00000000876e9af0}: Found class java.lang.Object, but interface was expected> (0x00000000876e9af0) 
thrown [./src/hotspot/share/interpreter/linkResolver.cpp, line 841]
Event: 2,021 Thread 0x00007f894c1527e0 Exception <a 'java/lang/NoSuchMethodError'{0x0000000087546630}: 'java.lang.Object java.lang.invoke.DirectMethodHandle$Holder.invokeVirtual(java.lang.Object, java.lang.Object, java.lang.Object, java.lang.Object)'> (0x0000000087546630) 
thrown [./src/hotspot/share/interpreter/linkResolver.cpp, line 773]
Event: 2,092 Thread 0x00007f8958002bd0 Exception <a 'java/lang/NoSuchMethodError'{0x000000008716cf60}: 'int java.lang.invoke.DirectMethodHandle$Holder.invokeSpecial(java.lang.Object, java.lang.Object, java.lang.Object, java.lang.Object, java.lang.Object)'> (0x000000008716cf60) 
thrown [./src/hotspot/share/interpreter/linkResolver.cpp, line 773]
Event: 2,093 Thread 0x00007f8958002bd0 Exception <a 'java/lang/NoSuchMethodError'{0x0000000087175370}: 'void java.lang.invoke.DirectMethodHandle$Holder.invokeVirtual(java.lang.Object, java.lang.Object)'> (0x0000000087175370) 
thrown [./src/hotspot/share/interpreter/linkResolver.cpp, line 773]
Event: 2,261 Thread 0x00007f8958002bd0 Exception <a 'java/lang/NoClassDefFoundError'{0x0000000086ac7b38}: org/glassfish/jersey/server/monitoring/ApplicationEventListener> (0x0000000086ac7b38) 
thrown [./src/hotspot/share/classfile/systemDictionary.cpp, line 244]

VM Operations (20 events):
Event: 1,855 Executing VM operation: HandshakeAllThreads
Event: 1,855 Executing VM operation: HandshakeAllThreads done
Event: 1,858 Executing VM operation: CollectForMetadataAllocation
Event: 1,868 Executing VM operation: CollectForMetadataAllocation done
Event: 1,888 Executing VM operation: G1PauseRemark
Event: 1,890 Executing VM operation: G1PauseRemark done
Event: 1,896 Executing VM operation: G1PauseCleanup
Event: 1,897 Executing VM operation: G1PauseCleanup done
Event: 2,060 Executing VM operation: HandshakeAllThreads
Event: 2,060 Executing VM operation: HandshakeAllThreads done
Event: 2,085 Executing VM operation: HandshakeAllThreads
Event: 2,085 Executing VM operation: HandshakeAllThreads done
Event: 2,347 Executing VM operation: ICBufferFull
Event: 2,347 Executing VM operation: ICBufferFull done
Event: 2,457 Executing VM operation: G1CollectForAllocation
Event: 2,465 Executing VM operation: G1CollectForAllocation done
Event: 2,476 Executing VM operation: G1CollectForAllocation
Event: 2,478 Executing VM operation: G1CollectForAllocation done
Event: 2,548 Executing VM operation: HandshakeAllThreads
Event: 2,548 Executing VM operation: HandshakeAllThreads done

Events (20 events):
Event: 0,061 Thread 0x00007f89d0146a00 Thread added: 0x00007f89d0146a00
Event: 0,074 Protecting memory [0x00007f89b4038000,0x00007f89b403c000] with protection modes 0
Event: 0,087 Thread 0x00007f89d014ec20 Thread added: 0x00007f89d014ec20
Event: 0,087 Protecting memory [0x00007f89a5f00000,0x00007f89a5f04000] with protection modes 0
Event: 0,100 Thread 0x00007f89d0152640 Thread added: 0x00007f89d0152640
Event: 0,111 Protecting memory [0x00007f89a5cfe000,0x00007f89a5d02000] with protection modes 0
Event: 0,597 Thread 0x00007f89800eefa0 Thread added: 0x00007f89800eefa0
Event: 0,597 Protecting memory [0x00007f89a5bfe000,0x00007f89a5c02000] with protection modes 0
Event: 1,068 Thread 0x00007f89d0869e20 Thread added: 0x00007f89d0869e20
Event: 1,068 Protecting memory [0x00007f89a57f8000,0x00007f89a57fc000] with protection modes 0
Event: 1,072 Thread 0x00007f8958002bd0 Thread added: 0x00007f8958002bd0
Event: 1,072 Protecting memory [0x00007f89a56f8000,0x00007f89a56fc000] with protection modes 0
Event: 1,421 Thread 0x00007f894c181dc0 Thread added: 0x00007f894c181dc0
Event: 1,421 Protecting memory [0x00007f89a55f8000,0x00007f89a55fc000] with protection modes 0
Event: 1,428 Thread 0x00007f894c1527e0 Thread added: 0x00007f894c1527e0
Event: 1,428 Protecting memory [0x00007f89a54f8000,0x00007f89a54fc000] with protection modes 0
Event: 2,023 Thread 0x00007f894c1527e0 Thread exited: 0x00007f894c1527e0
Event: 2,226 Thread 0x00007f894c492050 Thread added: 0x00007f894c492050
Event: 2,226 Protecting memory [0x00007f89a54f8000,0x00007f89a54fc000] with protection modes 0
Event: 2,293 Thread 0x00007f894c492050 Thread exited: 0x00007f894c492050


Dynamic libraries:
83c00000-89000000 rw-p 00000000 00:00 0 
89000000-8b900000 ---p 00000000 00:00 0 
8b900000-8ba00000 rw-p 00000000 00:00 0 
8ba00000-ffe00000 ---p 00000000 00:00 0 
ffe00000-ffe77000 rw-p 00d0d000 08:03 3174245                            /usr/lib/jvm/java-19-openjdk-amd64/lib/server/classes.jsa
ffe77000-fff00000 rw-p 00000000 00:00 0 
fff00000-fff81000 rw-p 00c8c000 08:03 3174245                            /usr/lib/jvm/java-19-openjdk-amd64/lib/server/classes.jsa
fff81000-100000000 rw-p 00000000 00:00 0 
800000000-800472000 rw-p 00001000 08:03 3174245                          /usr/lib/jvm/java-19-openjdk-amd64/lib/server/classes.jsa
800472000-800c51000 r--p 00473000 08:03 3174245                          /usr/lib/jvm/java-19-openjdk-amd64/lib/server/classes.jsa
800c51000-801000000 ---p 00000000 00:00 0 
801000000-801040000 rw-p 00000000 00:00 0 
801040000-801080000 rw-p 00000000 00:00 0 
801080000-801100000 rw-p 00000000 00:00 0 
801100000-8011c0000 rw-p 00000000 00:00 0 
8011c0000-801200000 rw-p 00000000 00:00 0 
801200000-8012c0000 rw-p 00000000 00:00 0 
8012c0000-8012d0000 rw-p 00000000 00:00 0 
8012d0000-801300000 ---p 00000000 00:00 0 
801300000-8013e0000 rw-p 00000000 00:00 0 
8013e0000-841000000 ---p 00000000 00:00 0 
55cba7bc7000-55cba7bc8000 r--p 00000000 08:03 3174093                    /usr/lib/jvm/java-19-openjdk-amd64/bin/java
55cba7bc8000-55cba7bc9000 r-xp 00001000 08:03 3174093                    /usr/lib/jvm/java-19-openjdk-amd64/bin/java
55cba7bc9000-55cba7bca000 r--p 00002000 08:03 3174093                    /usr/lib/jvm/java-19-openjdk-amd64/bin/java
55cba7bca000-55cba7bcb000 r--p 00002000 08:03 3174093                    /usr/lib/jvm/java-19-openjdk-amd64/bin/java
55cba7bcb000-55cba7bcc000 rw-p 00003000 08:03 3174093                    /usr/lib/jvm/java-19-openjdk-amd64/bin/java
55cba85f2000-55cba863b000 rw-p 00000000 00:00 0                          [heap]
7f8944000000-7f89442c1000 rw-p 00000000 00:00 0 
7f89442c1000-7f8948000000 ---p 00000000 00:00 0 
7f894c000000-7f894c5ca000 rw-p 00000000 00:00 0 
7f894c5ca000-7f8950000000 ---p 00000000 00:00 0 
7f8950000000-7f8950021000 rw-p 00000000 00:00 0 
7f8950021000-7f8954000000 ---p 00000000 00:00 0 
7f8954000000-7f8954021000 rw-p 00000000 00:00 0 
7f8954021000-7f8958000000 ---p 00000000 00:00 0 
7f8958000000-7f8958021000 rw-p 00000000 00:00 0 
7f8958021000-7f895c000000 ---p 00000000 00:00 0 
7f895c000000-7f895c021000 rw-p 00000000 00:00 0 
7f895c021000-7f8960000000 ---p 00000000 00:00 0 
7f8960000000-7f8960021000 rw-p 00000000 00:00 0 
7f8960021000-7f8964000000 ---p 00000000 00:00 0 
7f8964000000-7f8964021000 rw-p 00000000 00:00 0 
7f8964021000-7f8968000000 ---p 00000000 00:00 0 
7f8968000000-7f8968f99000 rw-p 00000000 00:00 0 
7f8968f99000-7f896c000000 ---p 00000000 00:00 0 
7f896c000000-7f896c021000 rw-p 00000000 00:00 0 
7f896c021000-7f8970000000 ---p 00000000 00:00 0 
7f8970000000-7f8970021000 rw-p 00000000 00:00 0 
7f8970021000-7f8974000000 ---p 00000000 00:00 0 
7f8974000000-7f89745ce000 rw-p 00000000 00:00 0 
7f89745ce000-7f8978000000 ---p 00000000 00:00 0 
7f8978000000-7f8978021000 rw-p 00000000 00:00 0 
7f8978021000-7f897c000000 ---p 00000000 00:00 0 
7f897c000000-7f897c021000 rw-p 00000000 00:00 0 
7f897c021000-7f8980000000 ---p 00000000 00:00 0 
7f8980000000-7f89806ae000 rw-p 00000000 00:00 0 
7f89806ae000-7f8984000000 ---p 00000000 00:00 0 
7f8984000000-7f8984021000 rw-p 00000000 00:00 0 
7f8984021000-7f8988000000 ---p 00000000 00:00 0 
7f8988000000-7f8988021000 rw-p 00000000 00:00 0 
7f8988021000-7f898c000000 ---p 00000000 00:00 0 
7f898c000000-7f898c021000 rw-p 00000000 00:00 0 
7f898c021000-7f8990000000 ---p 00000000 00:00 0 
7f8990000000-7f8990021000 rw-p 00000000 00:00 0 
7f8990021000-7f8994000000 ---p 00000000 00:00 0 
7f8994000000-7f8994021000 rw-p 00000000 00:00 0 
7f8994021000-7f8998000000 ---p 00000000 00:00 0 
7f8998000000-7f8998021000 rw-p 00000000 00:00 0 
7f8998021000-7f899c000000 ---p 00000000 00:00 0 
7f899c000000-7f899c400000 rw-p 00000000 00:00 0 
7f899c400000-7f899c700000 rw-p 00000000 00:00 0 
7f899c700000-7f899c800000 rw-p 00000000 00:00 0 
7f899c800000-7f899cae0000 rw-p 00000000 00:00 0 
7f899cae0000-7f899cb00000 rw-p 00000000 00:00 0 
7f899cb00000-7f899cd00000 rw-p 00000000 00:00 0 
7f899cd00000-7f899d300000 rw-p 00000000 00:00 0 
7f899d300000-7f899d3f0000 rw-p 00000000 00:00 0 
7f899d3f0000-7f899d400000 ---p 00000000 00:00 0 
7f899d400000-7f899da80000 rw-p 00000000 00:00 0 
7f899da80000-7f89a0000000 ---p 00000000 00:00 0 
7f89a0000000-7f89a0021000 rw-p 00000000 00:00 0 
7f89a0021000-7f89a4000000 ---p 00000000 00:00 0 
7f89a54f8000-7f89a54fc000 ---p 00000000 00:00 0 
7f89a54fc000-7f89a55f8000 rw-p 00000000 00:00 0 
7f89a55f8000-7f89a55fc000 ---p 00000000 00:00 0 
7f89a55fc000-7f89a56f8000 rw-p 00000000 00:00 0 
7f89a56f8000-7f89a56fc000 ---p 00000000 00:00 0 
7f89a56fc000-7f89a57f8000 rw-p 00000000 00:00 0 
7f89a57f8000-7f89a57fc000 ---p 00000000 00:00 0 
7f89a57fc000-7f89a58f8000 rw-p 00000000 00:00 0 
7f89a58f8000-7f89a58f9000 ---p 00000000 00:00 0 
7f89a58f9000-7f89a59fa000 rw-p 00000000 00:00 0 
7f89a59fa000-7f89a59fb000 ---p 00000000 00:00 0 
7f89a59fb000-7f89a5afc000 rw-p 00000000 00:00 0 
7f89a5afc000-7f89a5afd000 ---p 00000000 00:00 0 
7f89a5afd000-7f89a5bfe000 rw-p 00000000 00:00 0 
7f89a5bfe000-7f89a5c02000 ---p 00000000 00:00 0 
7f89a5c02000-7f89a5cfe000 rw-p 00000000 00:00 0 
7f89a5cfe000-7f89a5d02000 ---p 00000000 00:00 0 
7f89a5d02000-7f89a5dfe000 rw-p 00000000 00:00 0 
7f89a5dfe000-7f89a5dff000 ---p 00000000 00:00 0 
7f89a5dff000-7f89a5f00000 rw-p 00000000 00:00 0 
7f89a5f00000-7f89a5f04000 ---p 00000000 00:00 0 
7f89a5f04000-7f89a8000000 rw-p 00000000 00:00 0 
7f89a8000000-7f89a8021000 rw-p 00000000 00:00 0 
7f89a8021000-7f89ac000000 ---p 00000000 00:00 0 
7f89ac000000-7f89ac021000 rw-p 00000000 00:00 0 
7f89ac021000-7f89b0000000 ---p 00000000 00:00 0 
7f89b0000000-7f89b0021000 rw-p 00000000 00:00 0 
7f89b0021000-7f89b4000000 ---p 00000000 00:00 0 
7f89b4028000-7f89b402f000 r--s 00000000 08:03 661425                     /usr/lib/x86_64-linux-gnu/gconv/gconv-modules.cache
7f89b402f000-7f89b4031000 r--p 00000000 08:03 3174231                    /usr/lib/jvm/java-19-openjdk-amd64/lib/libmanagement_ext.so
7f89b4031000-7f89b4034000 r-xp 00002000 08:03 3174231                    /usr/lib/jvm/java-19-openjdk-amd64/lib/libmanagement_ext.so
7f89b4034000-7f89b4036000 r--p 00005000 08:03 3174231                    /usr/lib/jvm/java-19-openjdk-amd64/lib/libmanagement_ext.so
7f89b4036000-7f89b4037000 r--p 00006000 08:03 3174231                    /usr/lib/jvm/java-19-openjdk-amd64/lib/libmanagement_ext.so
7f89b4037000-7f89b4038000 rw-p 00007000 08:03 3174231                    /usr/lib/jvm/java-19-openjdk-amd64/lib/libmanagement_ext.so
7f89b4038000-7f89b403c000 ---p 00000000 00:00 0 
7f89b403c000-7f89b4138000 rw-p 00000000 00:00 0 
7f89b4138000-7f89b413c000 ---p 00000000 00:00 0 
7f89b413c000-7f89b4238000 rw-p 00000000 00:00 0 
7f89b4238000-7f89b423c000 ---p 00000000 00:00 0 
7f89b423c000-7f89b4338000 rw-p 00000000 00:00 0 
7f89b4338000-7f89b433c000 ---p 00000000 00:00 0 
7f89b433c000-7f89b4438000 rw-p 00000000 00:00 0 
7f89b4438000-7f89b443c000 ---p 00000000 00:00 0 
7f89b443c000-7f89b4538000 rw-p 00000000 00:00 0 
7f89b4538000-7f89b453c000 ---p 00000000 00:00 0 
7f89b453c000-7f89b4638000 rw-p 00000000 00:00 0 
7f89b4638000-7f89b463c000 ---p 00000000 00:00 0 
7f89b463c000-7f89b4738000 rw-p 00000000 00:00 0 
7f89b4738000-7f89b473c000 ---p 00000000 00:00 0 
7f89b473c000-7f89b4838000 rw-p 00000000 00:00 0 
7f89b4838000-7f89b4dac000 r--p 00000000 08:03 3152617                    /usr/lib/locale/locale-archive
7f89b4dac000-7f89b4efc000 rw-p 00000000 00:00 0 
7f89b4efc000-7f89b4fa0000 ---p 00000000 00:00 0 
7f89b4fa0000-7f89b4fa4000 rw-p 00000000 00:00 0 
7f89b4fa4000-7f89b6cb4000 ---p 00000000 00:00 0 
7f89b6cb4000-7f89b6e0c000 rw-p 00000000 00:00 0 
7f89b6e0c000-7f89b6eb0000 ---p 00000000 00:00 0 
7f89b6eb0000-7f89b6eb4000 rw-p 00000000 00:00 0 
7f89b6eb4000-7f89b8bc4000 ---p 00000000 00:00 0 
7f89b8bc4000-7f89b8bcc000 rw-p 00000000 00:00 0 
7f89b8bcc000-7f89b930c000 rwxp 00000000 00:00 0 
7f89b930c000-7f89c0103000 ---p 00000000 00:00 0 
7f89c0103000-7f89c0373000 rwxp 00000000 00:00 0 
7f89c0373000-7f89c0694000 ---p 00000000 00:00 0 
7f89c0694000-7f89c0904000 rwxp 00000000 00:00 0 
7f89c0904000-7f89c7bcc000 ---p 00000000 00:00 0 
7f89c7bcc000-7f89d0000000 r--s 00000000 08:03 3174242                    /usr/lib/jvm/java-19-openjdk-amd64/lib/modules
7f89d0000000-7f89d0874000 rw-p 00000000 00:00 0 
7f89d0874000-7f89d4000000 ---p 00000000 00:00 0 
7f89d4003000-7f89d4005000 r--p 00000000 08:03 3174229                    /usr/lib/jvm/java-19-openjdk-amd64/lib/libmanagement.so
7f89d4005000-7f89d4006000 r-xp 00002000 08:03 3174229                    /usr/lib/jvm/java-19-openjdk-amd64/lib/libmanagement.so
7f89d4006000-7f89d4007000 r--p 00003000 08:03 3174229                    /usr/lib/jvm/java-19-openjdk-amd64/lib/libmanagement.so
7f89d4007000-7f89d4008000 r--p 00003000 08:03 3174229                    /usr/lib/jvm/java-19-openjdk-amd64/lib/libmanagement.so
7f89d4008000-7f89d4009000 rw-p 00004000 08:03 3174229                    /usr/lib/jvm/java-19-openjdk-amd64/lib/libmanagement.so
7f89d4009000-7f89d403a000 rw-p 00000000 00:00 0 
7f89d403a000-7f89d403d000 r--p 00000000 08:03 3174233                    /usr/lib/jvm/java-19-openjdk-amd64/lib/libnet.so
7f89d403d000-7f89d4046000 r-xp 00003000 08:03 3174233                    /usr/lib/jvm/java-19-openjdk-amd64/lib/libnet.so
7f89d4046000-7f89d4048000 r--p 0000c000 08:03 3174233                    /usr/lib/jvm/java-19-openjdk-amd64/lib/libnet.so
7f89d4048000-7f89d4049000 ---p 0000e000 08:03 3174233                    /usr/lib/jvm/java-19-openjdk-amd64/lib/libnet.so
7f89d4049000-7f89d404a000 r--p 0000e000 08:03 3174233                    /usr/lib/jvm/java-19-openjdk-amd64/lib/libnet.so
7f89d404a000-7f89d404b000 rw-p 0000f000 08:03 3174233                    /usr/lib/jvm/java-19-openjdk-amd64/lib/libnet.so
7f89d404b000-7f89d4052000 r--p 00000000 08:03 3174234                    /usr/lib/jvm/java-19-openjdk-amd64/lib/libnio.so
7f89d4052000-7f89d405b000 r-xp 00007000 08:03 3174234                    /usr/lib/jvm/java-19-openjdk-amd64/lib/libnio.so
7f89d405b000-7f89d405f000 r--p 00010000 08:03 3174234                    /usr/lib/jvm/java-19-openjdk-amd64/lib/libnio.so
7f89d405f000-7f89d4060000 ---p 00014000 08:03 3174234                    /usr/lib/jvm/java-19-openjdk-amd64/lib/libnio.so
7f89d4060000-7f89d4061000 r--p 00014000 08:03 3174234                    /usr/lib/jvm/java-19-openjdk-amd64/lib/libnio.so
7f89d4061000-7f89d4062000 rw-p 00015000 08:03 3174234                    /usr/lib/jvm/java-19-openjdk-amd64/lib/libnio.so
7f89d4062000-7f89d4063000 ---p 00000000 00:00 0 
7f89d4063000-7f89d4164000 rw-p 00000000 00:00 0 
7f89d4164000-7f89d4169000 r--p 00000000 08:03 3174227                    /usr/lib/jvm/java-19-openjdk-amd64/lib/libjsvml.so
7f89d4169000-7f89d41aa000 r-xp 00005000 08:03 3174227                    /usr/lib/jvm/java-19-openjdk-amd64/lib/libjsvml.so
7f89d41aa000-7f89d4233000 r--p 00046000 08:03 3174227                    /usr/lib/jvm/java-19-openjdk-amd64/lib/libjsvml.so
7f89d4233000-7f89d4234000 r--p 000ce000 08:03 3174227                    /usr/lib/jvm/java-19-openjdk-amd64/lib/libjsvml.so
7f89d4234000-7f89d4235000 rw-p 000cf000 08:03 3174227                    /usr/lib/jvm/java-19-openjdk-amd64/lib/libjsvml.so
7f89d4235000-7f89d4352000 rw-p 00000000 00:00 0 
7f89d4352000-7f89d4353000 ---p 00000000 00:00 0 
7f89d4353000-7f89d4454000 rw-p 00000000 00:00 0 
7f89d4454000-7f89d4455000 ---p 00000000 00:00 0 
7f89d4455000-7f89d495a000 rw-p 00000000 00:00 0 
7f89d495a000-7f89d495b000 ---p 00000000 00:00 0 
7f89d495b000-7f89d4a5c000 rw-p 00000000 00:00 0 
7f89d4a5c000-7f89d4a5d000 ---p 00000000 00:00 0 
7f89d4a5d000-7f89d4b5e000 rw-p 00000000 00:00 0 
7f89d4b5e000-7f89d4b5f000 ---p 00000000 00:00 0 
7f89d4b5f000-7f89d4ccd000 rw-p 00000000 00:00 0 
7f89d4ccd000-7f89d4ce1000 ---p 00000000 00:00 0 
7f89d4ce1000-7f89d4ce2000 rw-p 00000000 00:00 0 
7f89d4ce2000-7f89d5084000 ---p 00000000 00:00 0 
7f89d5084000-7f89d50af000 rw-p 00000000 00:00 0 
7f89d50af000-7f89d50c3000 ---p 00000000 00:00 0 
7f89d50c3000-7f89d50c4000 rw-p 00000000 00:00 0 
7f89d50c4000-7f89d5466000 ---p 00000000 00:00 0 
7f89d5466000-7f89d5491000 rw-p 00000000 00:00 0 
7f89d5491000-7f89d54a5000 ---p 00000000 00:00 0 
7f89d54a5000-7f89d54a6000 rw-p 00000000 00:00 0 
7f89d54a6000-7f89d5848000 ---p 00000000 00:00 0 
7f89d5848000-7f89d5c52000 rw-p 00000000 00:00 0 
7f89d5c52000-7f89d5d38000 ---p 00000000 00:00 0 
7f89d5d38000-7f89d5d47000 rw-p 00000000 00:00 0 
7f89d5d47000-7f89d5e23000 ---p 00000000 00:00 0 
7f89d5e23000-7f89d5e28000 rw-p 00000000 00:00 0 
7f89d5e28000-7f89d5e2f000 ---p 00000000 00:00 0 
7f89d5e2f000-7f89d5e31000 r--p 00000000 08:03 3174241                    /usr/lib/jvm/java-19-openjdk-amd64/lib/libzip.so
7f89d5e31000-7f89d5e36000 r-xp 00002000 08:03 3174241                    /usr/lib/jvm/java-19-openjdk-amd64/lib/libzip.so
7f89d5e36000-7f89d5e38000 r--p 00007000 08:03 3174241                    /usr/lib/jvm/java-19-openjdk-amd64/lib/libzip.so
7f89d5e38000-7f89d5e39000 r--p 00008000 08:03 3174241                    /usr/lib/jvm/java-19-openjdk-amd64/lib/libzip.so
7f89d5e39000-7f89d5e3a000 rw-p 00009000 08:03 3174241                    /usr/lib/jvm/java-19-openjdk-amd64/lib/libzip.so
7f89d5e3a000-7f89d5e47000 r--p 00000000 08:03 3174220                    /usr/lib/jvm/java-19-openjdk-amd64/lib/libjava.so
7f89d5e47000-7f89d5e59000 r-xp 0000d000 08:03 3174220                    /usr/lib/jvm/java-19-openjdk-amd64/lib/libjava.so
7f89d5e59000-7f89d5e5f000 r--p 0001f000 08:03 3174220                    /usr/lib/jvm/java-19-openjdk-amd64/lib/libjava.so
7f89d5e5f000-7f89d5e60000 ---p 00025000 08:03 3174220                    /usr/lib/jvm/java-19-openjdk-amd64/lib/libjava.so
7f89d5e60000-7f89d5e61000 r--p 00025000 08:03 3174220                    /usr/lib/jvm/java-19-openjdk-amd64/lib/libjava.so
7f89d5e61000-7f89d5e62000 rw-p 00026000 08:03 3174220                    /usr/lib/jvm/java-19-openjdk-amd64/lib/libjava.so
7f89d5e62000-7f89d5e63000 rw-p 00000000 00:00 0 
7f89d5e63000-7f89d5e6b000 rw-s 00000000 08:03 2883700                    /tmp/hsperfdata_aluno/51181
7f89d5e6b000-7f89d5e6f000 ---p 00000000 00:00 0 
7f89d5e6f000-7f89d5f6b000 rw-p 00000000 00:00 0 
7f89d5f6b000-7f89d5f6e000 r--p 00000000 08:03 3153795                    /usr/lib/x86_64-linux-gnu/libgcc_s.so.1
7f89d5f6e000-7f89d5f85000 r-xp 00003000 08:03 3153795                    /usr/lib/x86_64-linux-gnu/libgcc_s.so.1
7f89d5f85000-7f89d5f89000 r--p 0001a000 08:03 3153795                    /usr/lib/x86_64-linux-gnu/libgcc_s.so.1
7f89d5f89000-7f89d5f8a000 r--p 0001d000 08:03 3153795                    /usr/lib/x86_64-linux-gnu/libgcc_s.so.1
7f89d5f8a000-7f89d5f8b000 rw-p 0001e000 08:03 3153795                    /usr/lib/x86_64-linux-gnu/libgcc_s.so.1
7f89d5f8b000-7f89d5f99000 r--p 00000000 08:03 3154138                    /usr/lib/x86_64-linux-gnu/libm.so.6
7f89d5f99000-7f89d6015000 r-xp 0000e000 08:03 3154138                    /usr/lib/x86_64-linux-gnu/libm.so.6
7f89d6015000-7f89d6070000 r--p 0008a000 08:03 3154138                    /usr/lib/x86_64-linux-gnu/libm.so.6
7f89d6070000-7f89d6071000 r--p 000e4000 08:03 3154138                    /usr/lib/x86_64-linux-gnu/libm.so.6
7f89d6071000-7f89d6072000 rw-p 000e5000 08:03 3154138                    /usr/lib/x86_64-linux-gnu/libm.so.6
7f89d6072000-7f89d610c000 r--p 00000000 08:03 3154618                    /usr/lib/x86_64-linux-gnu/libstdc++.so.6.0.30
7f89d610c000-7f89d621c000 r-xp 0009a000 08:03 3154618                    /usr/lib/x86_64-linux-gnu/libstdc++.so.6.0.30
7f89d621c000-7f89d628b000 r--p 001aa000 08:03 3154618                    /usr/lib/x86_64-linux-gnu/libstdc++.so.6.0.30
7f89d628b000-7f89d6296000 r--p 00218000 08:03 3154618                    /usr/lib/x86_64-linux-gnu/libstdc++.so.6.0.30
7f89d6296000-7f89d6299000 rw-p 00223000 08:03 3154618                    /usr/lib/x86_64-linux-gnu/libstdc++.so.6.0.30
7f89d6299000-7f89d629c000 rw-p 00000000 00:00 0 
7f89d629c000-7f89d6529000 r--p 00000000 08:03 3174248                    /usr/lib/jvm/java-19-openjdk-amd64/lib/server/libjvm.so
7f89d6529000-7f89d72dd000 r-xp 0028d000 08:03 3174248                    /usr/lib/jvm/java-19-openjdk-amd64/lib/server/libjvm.so
7f89d72dd000-7f89d7585000 r--p 01041000 08:03 3174248                    /usr/lib/jvm/java-19-openjdk-amd64/lib/server/libjvm.so
7f89d7585000-7f89d7586000 ---p 012e9000 08:03 3174248                    /usr/lib/jvm/java-19-openjdk-amd64/lib/server/libjvm.so
7f89d7586000-7f89d7652000 r--p 012e9000 08:03 3174248                    /usr/lib/jvm/java-19-openjdk-amd64/lib/server/libjvm.so
7f89d7652000-7f89d7688000 rw-p 013b5000 08:03 3174248                    /usr/lib/jvm/java-19-openjdk-amd64/lib/server/libjvm.so
7f89d7688000-7f89d76e7000 rw-p 00000000 00:00 0 
7f89d76e7000-7f89d76e9000 r--p 00000000 08:03 3154912                    /usr/lib/x86_64-linux-gnu/libz.so.1.2.11
7f89d76e9000-7f89d76fa000 r-xp 00002000 08:03 3154912                    /usr/lib/x86_64-linux-gnu/libz.so.1.2.11
7f89d76fa000-7f89d7700000 r--p 00013000 08:03 3154912                    /usr/lib/x86_64-linux-gnu/libz.so.1.2.11
7f89d7700000-7f89d7701000 ---p 00019000 08:03 3154912                    /usr/lib/x86_64-linux-gnu/libz.so.1.2.11
7f89d7701000-7f89d7702000 r--p 00019000 08:03 3154912                    /usr/lib/x86_64-linux-gnu/libz.so.1.2.11
7f89d7702000-7f89d7703000 rw-p 0001a000 08:03 3154912                    /usr/lib/x86_64-linux-gnu/libz.so.1.2.11
7f89d7703000-7f89d772b000 r--p 00000000 08:03 3153441                    /usr/lib/x86_64-linux-gnu/libc.so.6
7f89d772b000-7f89d78c0000 r-xp 00028000 08:03 3153441                    /usr/lib/x86_64-linux-gnu/libc.so.6
7f89d78c0000-7f89d7918000 r--p 001bd000 08:03 3153441                    /usr/lib/x86_64-linux-gnu/libc.so.6
7f89d7918000-7f89d791c000 r--p 00214000 08:03 3153441                    /usr/lib/x86_64-linux-gnu/libc.so.6
7f89d791c000-7f89d791e000 rw-p 00218000 08:03 3153441                    /usr/lib/x86_64-linux-gnu/libc.so.6
7f89d791e000-7f89d792b000 rw-p 00000000 00:00 0 
7f89d7930000-7f89d7932000 r--s 0000c000 08:03 805458                     /usr/share/java/java-atk-wrapper.jar
7f89d7932000-7f89d7933000 ---p 00000000 00:00 0 
7f89d7933000-7f89d7934000 r--p 00000000 00:00 0 
7f89d7934000-7f89d7936000 r--p 00000000 08:03 3174223                    /usr/lib/jvm/java-19-openjdk-amd64/lib/libjimage.so
7f89d7936000-7f89d7939000 r-xp 00002000 08:03 3174223                    /usr/lib/jvm/java-19-openjdk-amd64/lib/libjimage.so
7f89d7939000-7f89d793a000 r--p 00005000 08:03 3174223                    /usr/lib/jvm/java-19-openjdk-amd64/lib/libjimage.so
7f89d793a000-7f89d793b000 ---p 00006000 08:03 3174223                    /usr/lib/jvm/java-19-openjdk-amd64/lib/libjimage.so
7f89d793b000-7f89d793c000 r--p 00006000 08:03 3174223                    /usr/lib/jvm/java-19-openjdk-amd64/lib/libjimage.so
7f89d793c000-7f89d793d000 rw-p 00007000 08:03 3174223                    /usr/lib/jvm/java-19-openjdk-amd64/lib/libjimage.so
7f89d793d000-7f89d793f000 r--p 00000000 08:03 3174224                    /usr/lib/jvm/java-19-openjdk-amd64/lib/libjli.so
7f89d793f000-7f89d7949000 r-xp 00002000 08:03 3174224                    /usr/lib/jvm/java-19-openjdk-amd64/lib/libjli.so
7f89d7949000-7f89d794c000 r--p 0000c000 08:03 3174224                    /usr/lib/jvm/java-19-openjdk-amd64/lib/libjli.so
7f89d794c000-7f89d794d000 r--p 0000e000 08:03 3174224                    /usr/lib/jvm/java-19-openjdk-amd64/lib/libjli.so
7f89d794d000-7f89d794e000 rw-p 0000f000 08:03 3174224                    /usr/lib/jvm/java-19-openjdk-amd64/lib/libjli.so
7f89d794e000-7f89d7950000 rw-p 00000000 00:00 0 
7f89d7950000-7f89d7952000 r--p 00000000 08:03 3153050                    /usr/lib/x86_64-linux-gnu/ld-linux-x86-64.so.2
7f89d7952000-7f89d797c000 r-xp 00002000 08:03 3153050                    /usr/lib/x86_64-linux-gnu/ld-linux-x86-64.so.2
7f89d797c000-7f89d7987000 r--p 0002c000 08:03 3153050                    /usr/lib/x86_64-linux-gnu/ld-linux-x86-64.so.2
7f89d7987000-7f89d7988000 rwxp 00000000 00:00 0 
7f89d7988000-7f89d798a000 r--p 00037000 08:03 3153050                    /usr/lib/x86_64-linux-gnu/ld-linux-x86-64.so.2
7f89d798a000-7f89d798c000 rw-p 00039000 08:03 3153050                    /usr/lib/x86_64-linux-gnu/ld-linux-x86-64.so.2
7ffe27366000-7ffe27388000 rw-p 00000000 00:00 0                          [stack]
7ffe273c2000-7ffe273c6000 r--p 00000000 00:00 0                          [vvar]
7ffe273c6000-7ffe273c8000 r-xp 00000000 00:00 0                          [vdso]
ffffffffff600000-ffffffffff601000 --xp 00000000 00:00 0                  [vsyscall]


VM Arguments:
jvm_args: -XX:+ShowCodeDetailsInExceptionMessages -Dspring.jmx.enabled=true -Dmanagement.endpoints.jmx.exposure.include=* -Dspring.application.admin.enabled=true -Dspring.boot.project.name=oficinamecanica -Djava.rmi.server.hostname=localhost 
java_command: web.oficinamecanica.OficinamecanicaApplication
java_class_path (initial): /home/aluno/Documents/trabalho/oficinamecanica/target/classes:/home/aluno/.m2/repository/org/springframework/boot/spring-boot-starter/3.1.0/spring-boot-starter-3.1.0.jar:/home/aluno/.m2/repository/org/springframework/boot/spring-boot/3.1.0/spring-boot-3.1.0.jar:/home/aluno/.m2/repository/org/springframework/spring-context/6.0.9/spring-context-6.0.9.jar:/home/aluno/.m2/repository/org/springframework/boot/spring-boot-autoconfigure/3.1.0/spring-boot-autoconfigure-3.1.0.jar:/home/aluno/.m2/repository/jakarta/annotation/jakarta.annotation-api/2.1.1/jakarta.annotation-api-2.1.1.jar:/home/aluno/.m2/repository/org/springframework/spring-core/6.0.9/spring-core-6.0.9.jar:/home/aluno/.m2/repository/org/springframework/spring-jcl/6.0.9/spring-jcl-6.0.9.jar:/home/aluno/.m2/repository/org/yaml/snakeyaml/1.33/snakeyaml-1.33.jar:/home/aluno/.m2/repository/org/springframework/boot/spring-boot-starter-web/3.1.0/spring-boot-starter-web-3.1.0.jar:/home/aluno/.m2/repository/org/springframework/boot/spring-boot-starter-json/3.1.0/spring-boot-starter-json-3.1.0.jar:/home/aluno/.m2/repository/com/fasterxml/jackson/core/jackson-databind/2.15.0/jackson-databind-2.15.0.jar:/home/aluno/.m2/repository/com/fasterxml/jackson/core/jackson-annotations/2.15.0/jackson-annotations-2.15.0.jar:/home/aluno/.m2/repository/com/fasterxml/jackson/datatype/jackson-datatype-jdk8/2.15.0/jackson-datatype-jdk8-2.15.0.jar:/home/aluno/.m2/repository/com/fasterxml/jackson/datatype/jackson-datatype-jsr310/2.15.0/jackson-datatype-jsr310-2.15.0.jar:/home/aluno/.m2/repository/com/fasterxml/jackson/module/jackson-module-parameter-names/2.15.0/jackson-module-parameter-names-2.15.0.jar:/home/aluno/.m2/repository/org/springframework/boot/spring-boot-starter-tomcat/3.1.0/spring-boot-starter-tomcat-3.1.0.jar:/home/aluno/.m2/repository/org/apache/tomcat/embed/tomcat-embed-core/10.1.8/tomcat-embed-core-10.1.8.jar:/home/aluno/.m2/repository/org/apache/tomcat/embed/tomcat-embed-websocket/10.1.8/tomcat-embed-websocket-10.1.8.jar:/home/aluno/.m2/repository/org/springframework/spring-web/6.0.9/spring-web-6.0.9.jar:/home/aluno/.m2/repository/org/springframework/spring-beans/6.0.9/spring-beans-6.0.9.jar:/home/aluno/.m2/repository/org/springframework/spring-webmvc/6.0.9/spring-webmvc-6.0.9.jar:/home/aluno/.m2/repository/org/springframework/spring-expression/6.0.9/spring-expression-6.0.9.jar:/home/aluno/.m2/repository/org/springframework/boot/spring-boot-starter-thymeleaf/3.1.0/spring-boot-starter-thymeleaf-3.1.0.jar:/home/aluno/.m2/repository/org/thymeleaf/thymeleaf-spring6/3.1.1.RELEASE/thymeleaf-spring6-3.1.1.RELEASE.jar:/home/aluno/.m2/repository/nz/net/ultraq/thymeleaf/thymeleaf-layout-dialect/3.2.1/thymeleaf-layout-dialect-3.2.1.jar:/home/aluno/.m2/repository/org/apache/groovy/groovy/4.0.12/groovy-4.0.12.jar:/home/aluno/.m2/repository/nz/net/ultraq/groovy/groovy-extensions/2.1.0/groovy-extensions-2.1.0.jar:/home/aluno/.m2/repository/nz/net/ultraq/thymeleaf/thymeleaf-expression-processor/3.1.1/thymeleaf-expression-processor-3.1.1.jar:/home/aluno/.m2/repository/org/thymeleaf/thymeleaf/3.1.1.RELEASE/thymeleaf-3.1.1.RELEASE.jar:/home/aluno/.m2/repository/ognl/ognl/3.3.4/ognl-3.3.4.jar:/home/aluno/.m2/repository/org/javassist/javassist/3.29.0-GA/javassist-3.29.0-GA.jar:/home/aluno/.m2/repository/org/attoparser/attoparser/2.0.6.RELEASE/attoparser-2.0.6.RELEASE.jar:/home/aluno/.m2/repository/org/unbescape/unbescape/1.1.6.RELEASE/unbescape-1.1.6.RELEASE.jar:/home/aluno/.m2/repository/org/slf4j/slf4j-api/2.0.7/slf4j-api-2.0.7.jar:/home/aluno/.m2/repository/org/springframework/boot/spring-boot-starter-log4j2/3.1.0/spring-boot-starter-log4j2-3.1.0.jar:/home/aluno/.m2/repository/org/apache/logging/log4j/log4j-slf4j2-impl/2.20.0/log4j-slf4j2-impl-2.20.0.jar:/home/aluno/.m2/repository/org/apache/logging/log4j/log4j-api/2.20.0/log4j-api-2.20.0.jar:/home/aluno/.m2/repository/org/apache/logging/log4j/log4j-core/2.20.0/log4j-core-2.20.0.jar:/home/aluno/.m2/repository/org/apache/logging/log4j/log4j-jul/2.20.0/log4j-jul-2.20.0.jar:/home/aluno/.m2/repository/com/lmax/disruptor/3.4.4/disruptor-3.4.4.jar:/home/aluno/.m2/repository/org/springframework/boot/spring-boot-starter-aop/3.1.0/spring-boot-starter-aop-3.1.0.jar:/home/aluno/.m2/repository/org/springframework/spring-aop/6.0.9/spring-aop-6.0.9.jar:/home/aluno/.m2/repository/org/aspectj/aspectjweaver/1.9.19/aspectjweaver-1.9.19.jar:/home/aluno/.m2/repository/org/springframework/boot/spring-boot-starter-data-jpa/3.1.0/spring-boot-starter-data-jpa-3.1.0.jar:/home/aluno/.m2/repository/org/springframework/boot/spring-boot-starter-jdbc/3.1.0/spring-boot-starter-jdbc-3.1.0.jar:/home/aluno/.m2/repository/com/zaxxer/HikariCP/5.0.1/HikariCP-5.0.1.jar:/home/aluno/.m2/repository/org/springframework/spring-jdbc/6.0.9/spring-jdbc-6.0.9.jar:/home/aluno/.m2/repository/org/hibernate/orm/hibernate-core/6.2.2.Final/hibernate-core-6.2.2.Final.jar:/home/aluno/.m2/repository/jakarta/persistence/jakarta.persistence-api/3.1.0/jakarta.persistence-api-3.1.0.jar:/home/aluno/.m2/repository/jakarta/transaction/jakarta.transaction-api/2.0.1/jakarta.transaction-api-2.0.1.jar:/home/aluno/.m2/repository/org/jboss/logging/jboss-logging/3.5.0.Final/jboss-logging-3.5.0.Final.jar:/home/aluno/.m2/repository/org/hibernate/common/hibernate-commons-annotations/6.0.6.Final/hibernate-commons-annotations-6.0.6.Final.jar:/home/aluno/.m2/repository/io/smallrye/jandex/3.0.5/jandex-3.0.5.jar:/home/aluno/.m2/repository/com/fasterxml/classmate/1.5.1/classmate-1.5.1.jar:/home/aluno/.m2/repository/net/bytebuddy/byte-buddy/1.14.4/byte-buddy-1.14.4.jar:/home/aluno/.m2/repository/jakarta/xml/bind/jakarta.xml.bind-api/4.0.0/jakarta.xml.bind-api-4.0.0.jar:/home/aluno/.m2/repository/jakarta/activation/jakarta.activation-api/2.1.2/jakarta.activation-api-2.1.2.jar:/home/aluno/.m2/repository/org/glassfish/jaxb/jaxb-runtime/4.0.2/jaxb-runtime-4.0.2.jar:/home/aluno/.m2/repository/org/glassfish/jaxb/jaxb-core/4.0.2/jaxb-core-4.0.2.jar:/home/aluno/.m2/repository/org/eclipse/angus/angus-activation/2.0.0/angus-activation-2.0.0.jar:/home/aluno/.m2/repository/org/glassfish/jaxb/txw2/4.0.2/txw2-4.0.2.jar:/home/aluno/.m2/repository/com/sun/istack/istack-commons-runtime/4.1.1/istack-commons-runtime-4.1.1.jar:/home/aluno/.m2/repository/jakarta/inject/jakarta.inject-api/2.0.1/jakarta.inject-api-2.0.1.jar:/home/aluno/.m2/repository/org/antlr/antlr4-runtime/4.10.1/antlr4-runtime-4.10.1.jar:/home/aluno/.m2/repository/org/springframework/data/spring-data-jpa/3.1.0/spring-data-jpa-3.1.0.jar:/home/aluno/.m2/repository/org/springframework/data/spring-data-commons/3.1.0/spring-data-commons-3.1.0.jar:/home/aluno/.m2/repository/org/springframework/spring-orm/6.0.9/spring-orm-6.0.9.jar:/home/aluno/.m2/repository/org/springframework/spring-tx/6.0.9/spring-tx-6.0.9.jar:/home/aluno/.m2/repository/org/springframework/spring-aspects/6.0.9/spring-aspects-6.0.9.jar:/home/aluno/.m2/repository/org/postgresql/postgresql/42.6.0/postgresql-42.6.0.jar:/home/aluno/.m2/repository/org/checkerframework/checker-qual/3.31.0/checker-qual-3.31.0.jar:/home/aluno/.m2/repository/org/flywaydb/flyway-core/9.16.3/flyway-core-9.16.3.jar:/home/aluno/.m2/repository/com/fasterxml/jackson/dataformat/jackson-dataformat-toml/2.15.0/jackson-dataformat-toml-2.15.0.jar:/home/aluno/.m2/repository/com/fasterxml/jackson/core/jackson-core/2.15.0/jackson-core-2.15.0.jar:/home/aluno/.m2/repository/org/apache/commons/commons-text/1.10.0/commons-text-1.10.0.jar:/home/aluno/.m2/repository/org/apache/commons/commons-lang3/3.12.0/commons-lang3-3.12.0.jar:/home/aluno/.m2/repository/org/springframework/boot/spring-boot-starter-validation/3.1.0/spring-boot-starter-validation-3.1.0.jar:/home/aluno/.m2/repository/org/apache/tomcat/embed/tomcat-embed-el/10.1.8/tomcat-embed-el-10.1.8.jar:/home/aluno/.m2/repository/org/hibernate/validator/hibernate-validator/8.0.0.Final/hibernate-validator-8.0.0.Final.jar:/home/aluno/.m2/repository/jakarta/validation/jakarta.validation-api/3.0.2/jakarta.validation-api-3.0.2.jar:/home/aluno/.m2/repository/commons-validator/commons-validator/1.7/commons-validator-1.7.jar:/home/aluno/.m2/repository/commons-beanutils/commons-beanutils/1.9.4/commons-beanutils-1.9.4.jar:/home/aluno/.m2/repository/commons-digester/commons-digester/2.1/commons-digester-2.1.jar:/home/aluno/.m2/repository/commons-logging/commons-logging/1.2/commons-logging-1.2.jar:/home/aluno/.m2/repository/commons-collections/commons-collections/3.2.2/commons-collections-3.2.2.jar:/home/aluno/.m2/repository/org/springframework/boot/spring-boot-devtools/3.1.0/spring-boot-devtools-3.1.0.jar:/home/aluno/.m2/repository/org/springframework/boot/spring-boot-starter-actuator/3.1.0/spring-boot-starter-actuator-3.1.0.jar:/home/aluno/.m2/repository/org/springframework/boot/spring-boot-actuator-autoconfigure/3.1.0/spring-boot-actuator-autoconfigure-3.1.0.jar:/home/aluno/.m2/repository/org/springframework/boot/spring-boot-actuator/3.1.0/spring-boot-actuator-3.1.0.jar:/home/aluno/.m2/repository/io/micrometer/micrometer-observation/1.11.0/micrometer-observation-1.11.0.jar:/home/aluno/.m2/repository/io/micrometer/micrometer-commons/1.11.0/micrometer-commons-1.11.0.jar:/home/aluno/.m2/repository/io/micrometer/micrometer-core/1.11.0/micrometer-core-1.11.0.jar:/home/aluno/.m2/repository/org/hdrhistogram/HdrHistogram/2.1.12/HdrHistogram-2.1.12.jar:/home/aluno/.m2/repository/org/latencyutils/LatencyUtils/2.0.3/LatencyUtils-2.0.3.jar:/home/aluno/.m2/repository/org/webjars/bootstrap/5.1.3/bootstrap-5.1.3.jar:/home/aluno/.m2/repository/org/webjars/popper.js/2.9.3/popper.js-2.9.3.jar:/home/aluno/.m2/repository/org/webjars/npm/bootstrap-icons/1.7.0/bootstrap-icons-1.7.0.jar:/home/aluno/.m2/repository/org/webjars/bowergithub/mohammadyounes/alertifyjs/1.11.4/alertifyjs-1.11.4.jar
Launcher Type: SUN_STANDARD

[Global flags]
     intx CICompilerCount                          = 3                                         {product} {ergonomic}
     uint ConcGCThreads                            = 1                                         {product} {ergonomic}
     uint G1ConcRefinementThreads                  = 4                                         {product} {ergonomic}
   size_t G1HeapRegionSize                         = 1048576                                   {product} {ergonomic}
    uintx GCDrainStackTargetSize                   = 64                                        {product} {ergonomic}
   size_t InitialHeapSize                          = 132120576                                 {product} {ergonomic}
   size_t MarkStackSize                            = 4194304                                   {product} {ergonomic}
   size_t MaxHeapSize                              = 2084569088                                {product} {ergonomic}
   size_t MaxNewSize                               = 1249902592                                {product} {ergonomic}
   size_t MinHeapDeltaBytes                        = 1048576                                   {product} {ergonomic}
   size_t MinHeapSize                              = 8388608                                   {product} {ergonomic}
    uintx NonNMethodCodeHeapSize                   = 5832780                                {pd product} {ergonomic}
    uintx NonProfiledCodeHeapSize                  = 122912730                              {pd product} {ergonomic}
    uintx ProfiledCodeHeapSize                     = 122912730                              {pd product} {ergonomic}
    uintx ReservedCodeCacheSize                    = 251658240                              {pd product} {ergonomic}
     bool SegmentedCodeCache                       = true                                      {product} {ergonomic}
     bool ShowCodeDetailsInExceptionMessages       = true                                   {manageable} {command line}
   size_t SoftMaxHeapSize                          = 2084569088                             {manageable} {ergonomic}
     bool UseCompressedClassPointers               = true                           {product lp64_product} {ergonomic}
     bool UseCompressedOops                        = true                           {product lp64_product} {ergonomic}
     bool UseG1GC                                  = true                                      {product} {ergonomic}

Logging:
Log output configuration:
 #0: stdout all=warning uptime,level,tags foldmultilines=false
 #1: stderr all=off uptime,level,tags foldmultilines=false

Environment Variables:
JAVA_HOME=/usr/lib/jvm/java-19-openjdk-amd64
PATH=/home/aluno/Programas/apache-maven-3.9.0/bin:/home/aluno/Programas/apache-maven-3.9.0/bin:/usr/local/sbin:/usr/local/bin:/usr/sbin:/usr/bin:/sbin:/bin:/usr/games:/usr/local/games:/snap/bin:/usr/lib/jvm/java-19-openjdk-amd64/bin:/usr/lib/jvm/java-19-openjdk-amd64/bin
SHELL=/bin/bash
DISPLAY=:0
LANG=en_US.UTF-8
LC_NUMERIC=pt_BR.UTF-8
TERM=xterm-256color

Active Locale:
LC_ALL=LC_CTYPE=en_US.UTF-8;LC_NUMERIC=pt_BR.UTF-8;LC_TIME=en_US.UTF-8;LC_COLLATE=en_US.UTF-8;LC_MONETARY=pt_BR.UTF-8;LC_MESSAGES=en_US.UTF-8;LC_PAPER=pt_BR.UTF-8;LC_NAME=pt_BR.UTF-8;LC_ADDRESS=pt_BR.UTF-8;LC_TELEPHONE=pt_BR.UTF-8;LC_MEASUREMENT=pt_BR.UTF-8;LC_IDENTIFICATION=pt_BR.UTF-8
LC_COLLATE=en_US.UTF-8
LC_CTYPE=en_US.UTF-8
LC_MESSAGES=en_US.UTF-8
LC_MONETARY=pt_BR.UTF-8
LC_NUMERIC=pt_BR.UTF-8
LC_TIME=en_US.UTF-8

Signal Handlers:
   SIGSEGV: 0x00007f89d7258700 in libjvm.so+16500480, mask=11100100010111111101111111111110, flags=SA_RESTART|SA_SIGINFO
    SIGBUS: 0x00007f89d7258700 in libjvm.so+16500480, mask=11100100010111111101111111111110, flags=SA_RESTART|SA_SIGINFO
    SIGFPE: 0x00007f89d7258700 in libjvm.so+16500480, mask=11100100010111111101111111111110, flags=SA_RESTART|SA_SIGINFO
   SIGPIPE: 0x00007f89d70e98b0 in libjvm.so+14997680, mask=11100100010111111101111111111110, flags=SA_RESTART|SA_SIGINFO
   SIGXFSZ: 0x00007f89d70e98b0 in libjvm.so+14997680, mask=11100100010111111101111111111110, flags=SA_RESTART|SA_SIGINFO
    SIGILL: 0x00007f89d7258700 in libjvm.so+16500480, mask=11100100010111111101111111111110, flags=SA_RESTART|SA_SIGINFO
   SIGUSR2: 0x00007f89d70e8f10 in libjvm.so+14995216, mask=00000000000000000000000000000000, flags=SA_RESTART|SA_SIGINFO
    SIGHUP: 0x00007f89d70e8e40 in libjvm.so+14995008, mask=11100100010111111101111111111110, flags=SA_RESTART|SA_SIGINFO
    SIGINT: 0x00007f89d70e8e40 in libjvm.so+14995008, mask=11100100010111111101111111111110, flags=SA_RESTART|SA_SIGINFO
   SIGTERM: 0x00007f89d70e8e40 in libjvm.so+14995008, mask=11100100010111111101111111111110, flags=SA_RESTART|SA_SIGINFO
   SIGQUIT: 0x00007f89d70e8e40 in libjvm.so+14995008, mask=11100100010111111101111111111110, flags=SA_RESTART|SA_SIGINFO
   SIGTRAP: 0x00007f89d7258700 in libjvm.so+16500480, mask=11100100010111111101111111111110, flags=SA_RESTART|SA_SIGINFO


---------------  S Y S T E M  ---------------

OS:
DISTRIB_ID=LinuxMint
DISTRIB_RELEASE=21.1
DISTRIB_CODENAME=vera
DISTRIB_DESCRIPTION="Linux Mint 21.1 Vera"
uname: Linux 5.15.0-60-generic #66-Ubuntu SMP Fri Jan 20 14:29:49 UTC 2023 x86_64
OS uptime: 0 days 2:21 hours
libc: glibc 2.35 NPTL 2.35 
rlimit (soft/hard): STACK 8192k/infinity , CORE 0k/infinity , NPROC 31305/31305 , NOFILE 1048576/1048576 , AS infinity/infinity , CPU infinity/infinity , DATA infinity/infinity , FSIZE infinity/infinity , MEMLOCK 1017544k/1017544k
load average: 1,11 1,04 1,02

/proc/meminfo:
MemTotal:        8140352 kB
MemFree:         1188776 kB
MemAvailable:    3457136 kB
Buffers:          117748 kB
Cached:          2528256 kB
SwapCached:            0 kB
Active:          1104780 kB
Inactive:        5506536 kB
Active(anon):      10368 kB
Inactive(anon):  4161776 kB
Active(file):    1094412 kB
Inactive(file):  1344760 kB
Unevictable:          48 kB
Mlocked:              48 kB
SwapTotal:       2097148 kB
SwapFree:        2097148 kB
Dirty:               340 kB
Writeback:             0 kB
AnonPages:       3965452 kB
Mapped:          1087240 kB
Shmem:            206832 kB
KReclaimable:      96092 kB
Slab:             179284 kB
SReclaimable:      96092 kB
SUnreclaim:        83192 kB
KernelStack:       15664 kB
PageTables:        37980 kB
NFS_Unstable:          0 kB
Bounce:                0 kB
WritebackTmp:          0 kB
CommitLimit:     6167324 kB
Committed_AS:   10297228 kB
VmallocTotal:   34359738367 kB
VmallocUsed:       61672 kB
VmallocChunk:          0 kB
Percpu:             3024 kB
HardwareCorrupted:     0 kB
AnonHugePages:         0 kB
ShmemHugePages:        0 kB
ShmemPmdMapped:        0 kB
FileHugePages:         0 kB
FilePmdMapped:         0 kB
HugePages_Total:       0
HugePages_Free:        0
HugePages_Rsvd:        0
HugePages_Surp:        0
Hugepagesize:       2048 kB
Hugetlb:               0 kB
DirectMap4k:      255936 kB
DirectMap2M:     8132608 kB

/sys/kernel/mm/transparent_hugepage/enabled: always [madvise] never
/sys/kernel/mm/transparent_hugepage/defrag (defrag/compaction efforts parameter): always defer defer+madvise [madvise] never

Process Memory:
Virtual Size: 5432168K (peak: 5497676K)
Resident Set Size: 204756K (peak: 204756K) (anon: 174956K, file: 29800K, shmem: 0K)
Swapped out: 0K
C-Heap outstanding allocations: 46313K, retained: 12286K
glibc malloc tunables: (default)

/proc/sys/kernel/threads-max (system-wide limit on the number of threads): 62610
/proc/sys/vm/max_map_count (maximum number of memory map areas a process may have): 65530
/proc/sys/kernel/pid_max (system-wide limit on number of process identifiers): 4194304

container (cgroup) information:
container_type: cgroupv2
cpu_cpuset_cpus: not supported
cpu_memory_nodes: not supported
active_processor_count: 4
cpu_quota: not supported
cpu_period: not supported
cpu_shares: not supported
memory_limit_in_bytes: unlimited
memory_and_swap_limit_in_bytes: unlimited
memory_soft_limit_in_bytes: unlimited
memory_usage_in_bytes: 5508628 k
memory_max_usage_in_bytes: not supported
maximum number of tasks: unlimited
current number of tasks: 582

KVM virtualization detected
Steal ticks since vm start: 0
Steal ticks percentage since vm start:  0,000

CPU: total 4 (initial active 4) (4 cores per cpu, 1 threads per core) family 6 model 165 stepping 3 microcode 0x0, cx8, cmov, fxsr, mmx, 3dnowpref, sse, sse2, sse3, ssse3, sse4.1, sse4.2, popcnt, lzcnt, tsc, tscinvbit, avx, avx2, aes, clmul, bmi1, bmi2, vzeroupper, clflush, clflushopt, hv, rdtscp
CPU Model and flags from /proc/cpuinfo:
model name	: Intel(R) Core(TM) i3-10100F CPU @ 3.60GHz
flags		: fpu vme de pse tsc msr pae mce cx8 apic sep mtrr pge mca cmov pat pse36 clflush mmx fxsr sse sse2 ht syscall nx rdtscp lm constant_tsc rep_good nopl xtopology nonstop_tsc cpuid tsc_known_freq pni pclmulqdq ssse3 cx16 pcid sse4_1 sse4_2 x2apic movbe popcnt aes xsave avx rdrand hypervisor lahf_lm abm 3dnowprefetch invpcid_single fsgsbase bmi1 avx2 bmi2 invpcid rdseed clflushopt md_clear flush_l1d arch_capabilities

Online cpus: 0-3
Offline cpus: 
BIOS frequency limitation: <Not Available>
Frequency switch latency (ns): <Not Available>
Available cpu frequencies: <Not Available>
Current governor: <Not Available>
Core performance/turbo boost: <Not Available>

Memory: 4k page, physical 8140352k(1188776k free), swap 2097148k(2097148k free)
Page Sizes: 4k

vm_info: OpenJDK 64-Bit Server VM (19.0.1+10-Ubuntu-1ubuntu122.04) for linux-amd64 JRE (19.0.1+10-Ubuntu-1ubuntu122.04), built on 2022-10-24T12:26:08Z by "buildd" with gcc 12.1.0

END.
