#
# A fatal error has been detected by the Java Runtime Environment:
#
#  SIGSEGV (0xb) at pc=0x0000000000000000, pid=3263, tid=3285
#
# JRE version: OpenJDK Runtime Environment Temurin-17.0.6+10 (17.0.6+10) (build 17.0.6+10)
# Java VM: OpenJDK 64-Bit Server VM Temurin-17.0.6+10 (17.0.6+10, mixed mode, tiered, compressed oops, compressed class ptrs, parallel gc, linux-amd64)
# Problematic frame:
# C  0x0000000000000000
#
# Core dump will be written. Default location: Core dumps may be processed with "/lib/systemd/systemd-coredump %P %u %g %s %t 9223372036854775808 %h" (or dumping to /home/aluno/Documents/trabalho/oficinamecanica/core.3263)
#
# If you would like to submit a bug report, please visit:
#   https://github.com/adoptium/adoptium-support/issues
#

---------------  S U M M A R Y ------------

Command Line: --add-modules=ALL-SYSTEM --add-opens=java.base/java.util=ALL-UNNAMED --add-opens=java.base/java.lang=ALL-UNNAMED --add-opens=java.base/sun.nio.fs=ALL-UNNAMED -Declipse.application=org.eclipse.jdt.ls.core.id1 -Dosgi.bundles.defaultStartLevel=4 -Declipse.product=org.eclipse.jdt.ls.core.product -Djava.import.generatesMetadataFilesAtProjectRoot=false -Dfile.encoding=utf8 -XX:+UseParallelGC -XX:GCTimeRatio=4 -XX:AdaptiveSizePolicyWeight=90 -Dsun.zip.disableMemoryMapping=true -Xmx1G -Xms100m -Xlog:disable -javaagent:/home/aluno/.vscode/extensions/redhat.java-1.16.0-linux-x64/lombok/lombok-1.18.24.jar -XX:+HeapDumpOnOutOfMemoryError -XX:HeapDumpPath=/home/aluno/.config/Code/User/workspaceStorage/a41239de572d7979f13732d0ee9faa97/redhat.java /home/aluno/.vscode/extensions/redhat.java-1.16.0-linux-x64/server/plugins/org.eclipse.equinox.launcher_1.6.400.v20210924-0641.jar -configuration /home/aluno/.config/Code/User/globalStorage/redhat.java/1.16.0/config_linux -data /home/aluno/.config/Code/User/workspaceStorage/a41239de572d7979f13732d0ee9faa97/redhat.java/jdt_ws

Host: Intel(R) Core(TM) i3-10100F CPU @ 3.60GHz, 4 cores, 7G, Linux Mint 21.1 Vera
Time: Tue Jun 13 14:42:10 2023 -03 elapsed time: 2026.515598 seconds (0d 0h 33m 46s)

---------------  T H R E A D  ---------------

Current thread (0x00007f3c60192900):  JavaThread "C2 CompilerThread0" daemon [_thread_in_native, id=3285, stack(0x00007f3c2ff00000,0x00007f3c30000000)]


Current CompileTask:
C2:2026515 14841 % !   4       org.eclipse.jdt.internal.compiler.parser.Scanner::jumpOverMethodBody @ 454 (2085 bytes)

Stack: [0x00007f3c2ff00000,0x00007f3c30000000],  sp=0x00007f3c2fffba78,  free space=1006k

siginfo: si_signo: 11 (SIGSEGV), si_code: 1 (SEGV_MAPERR), si_addr: 0x0000000000000000

Register to memory mapping:

RAX=0x00007f3c14160210 points into unknown readable memory: 0x0000000000000000 | 00 00 00 00 00 00 00 00
RBX=0x00007f3c28547360 points into unknown readable memory: 0x00007f3c14160210 | 10 02 16 14 3c 7f 00 00
RCX=0x00007f3c66f44d00: <offset 0x000000000042bd00> in /home/aluno/.vscode/extensions/redhat.java-1.16.0-linux-x64/jre/17.0.6-linux-x86_64/lib/server/libjvm.so at 0x00007f3c66b19000
RDX=0x000000000000003c is an unknown value
RSP=0x00007f3c2fffba78 is pointing into the stack for thread: 0x00007f3c60192900
RBP=0x00007f3c2fffbb60 is pointing into the stack for thread: 0x00007f3c60192900
RSI=0x0000000040020000 is an unknown value
RDI=0x00007f3c28547360 points into unknown readable memory: 0x00007f3c14160210 | 10 02 16 14 3c 7f 00 00
R8 =0x00007f3c28019f58 points into unknown readable memory: 0x00007f3c67d2c4d8 | d8 c4 d2 67 3c 7f 00 00
R9 =0x00007f3c28019eb0 points into unknown readable memory: 0x00007f3c67d2c4d8 | d8 c4 d2 67 3c 7f 00 00
R10=0x00007f3c28019f58 points into unknown readable memory: 0x00007f3c67d2c4d8 | d8 c4 d2 67 3c 7f 00 00
R11=0x0 is NULL
R12=0x00000000000000d4 is an unknown value
R13=0x00007f3c2882ba00 points into unknown readable memory: 0x00007f3c67da7668 | 68 76 da 67 3c 7f 00 00
R14=0x00007f3c2fffc760 is pointing into the stack for thread: 0x00007f3c60192900
R15=0x00007f3c6003f660 points into unknown readable memory: 0x00007f3c67da7248 | 48 72 da 67 3c 7f 00 00


Registers:
RAX=0x00007f3c14160210, RBX=0x00007f3c28547360, RCX=0x00007f3c66f44d00, RDX=0x000000000000003c
RSP=0x00007f3c2fffba78, RBP=0x00007f3c2fffbb60, RSI=0x0000000040020000, RDI=0x00007f3c28547360
R8 =0x00007f3c28019f58, R9 =0x00007f3c28019eb0, R10=0x00007f3c28019f58, R11=0x0000000000000000
R12=0x00000000000000d4, R13=0x00007f3c2882ba00, R14=0x00007f3c2fffc760, R15=0x00007f3c6003f660
RIP=0x0000000000000000, EFLAGS=0x0000000000010293, CSGSFS=0x002b000000000033, ERR=0x0000000000000014
  TRAPNO=0x000000000000000e

Top of Stack: (sp=0x00007f3c2fffba78)
0x00007f3c2fffba78:   00007f3c6777ab9c 00007f3c67e1b620
0x00007f3c2fffba88:   00007f3c2fffbd40 00007f3c2fffc760
0x00007f3c2fffba98:   00007f3c60191250 0000000000000020
0x00007f3c2fffbaa8:   00007f3c2fffbae0 00007f3c2fffc760 

Instructions: (pc=0x0000000000000000)
0xffffffffffffff00:   


Stack slot to memory mapping:
stack at sp + 0 slots: 0x00007f3c6777ab9c: <offset 0x0000000000c61b9c> in /home/aluno/.vscode/extensions/redhat.java-1.16.0-linux-x64/jre/17.0.6-linux-x86_64/lib/server/libjvm.so at 0x00007f3c66b19000
stack at sp + 1 slots: 0x00007f3c67e1b620: <offset 0x0000000001302620> in /home/aluno/.vscode/extensions/redhat.java-1.16.0-linux-x64/jre/17.0.6-linux-x86_64/lib/server/libjvm.so at 0x00007f3c66b19000
stack at sp + 2 slots: 0x00007f3c2fffbd40 is pointing into the stack for thread: 0x00007f3c60192900
stack at sp + 3 slots: 0x00007f3c2fffc760 is pointing into the stack for thread: 0x00007f3c60192900
stack at sp + 4 slots: 0x00007f3c60191250 points into unknown readable memory: 0x0000000700000006 | 06 00 00 00 07 00 00 00
stack at sp + 5 slots: 0x0000000000000020 is an unknown value
stack at sp + 6 slots: 0x00007f3c2fffbae0 is pointing into the stack for thread: 0x00007f3c60192900
stack at sp + 7 slots: 0x00007f3c2fffc760 is pointing into the stack for thread: 0x00007f3c60192900


---------------  P R O C E S S  ---------------

Threads class SMR info:
_java_thread_list=0x00007f3c288c9740, length=36, elements={
0x00007f3c60027b30, 0x00007f3c60163220, 0x00007f3c60164790, 0x00007f3c6018ca50,
0x00007f3c60190340, 0x00007f3c601912b0, 0x00007f3c60192900, 0x00007f3c60193db0,
0x00007f3c601951f0, 0x00007f3c60222920, 0x00007f3c60300130, 0x00007f3c604d7750,
0x00007f3c605216b0, 0x00007f3c605242c0, 0x00007f3bf0033000, 0x00007f3bf02937f0,
0x00007f3bf03409d0, 0x00007f3bf08df310, 0x00007f3c605e08c0, 0x00007f3c607434d0,
0x00007f3bec02ac40, 0x00007f3c3c000eb0, 0x00007f3bd81c0e00, 0x00007f3bfc001790,
0x00007f3bf80b5820, 0x00007f3bf80dce10, 0x00007f3bf819bcd0, 0x00007f3c14054480,
0x00007f3be48dcde0, 0x00007f3c08006830, 0x00007f3be006c4c0, 0x00007f3bd0503d50,
0x00007f3bd00657a0, 0x00007f3bd0065d10, 0x00007f3c0c040c70, 0x00007f3c2849cde0
}

Java Threads: ( => current thread )
  0x00007f3c60027b30 JavaThread "main" [_thread_blocked, id=3266, stack(0x00007f3c6692d000,0x00007f3c66a2d000)]
  0x00007f3c60163220 JavaThread "Reference Handler" daemon [_thread_blocked, id=3272, stack(0x00007f3c4c9f2000,0x00007f3c4caf2000)]
  0x00007f3c60164790 JavaThread "Finalizer" daemon [_thread_blocked, id=3273, stack(0x00007f3c4c8f2000,0x00007f3c4c9f2000)]
  0x00007f3c6018ca50 JavaThread "Signal Dispatcher" daemon [_thread_blocked, id=3277, stack(0x00007f3c4c27e000,0x00007f3c4c37e000)]
  0x00007f3c60190340 JavaThread "Service Thread" daemon [_thread_blocked, id=3278, stack(0x00007f3c4c17e000,0x00007f3c4c27e000)]
  0x00007f3c601912b0 JavaThread "Monitor Deflation Thread" daemon [_thread_blocked, id=3284, stack(0x00007f3c4c07e000,0x00007f3c4c17e000)]
=>0x00007f3c60192900 JavaThread "C2 CompilerThread0" daemon [_thread_in_native, id=3285, stack(0x00007f3c2ff00000,0x00007f3c30000000)]
  0x00007f3c60193db0 JavaThread "C1 CompilerThread0" daemon [_thread_in_native, id=3286, stack(0x00007f3c2fe00000,0x00007f3c2ff00000)]
  0x00007f3c601951f0 JavaThread "Sweeper thread" daemon [_thread_blocked, id=3287, stack(0x00007f3c2fd00000,0x00007f3c2fe00000)]
  0x00007f3c60222920 JavaThread "Common-Cleaner" daemon [_thread_blocked, id=3290, stack(0x00007f3c2fc00000,0x00007f3c2fd00000)]
  0x00007f3c60300130 JavaThread "Notification Thread" daemon [_thread_blocked, id=3295, stack(0x00007f3c2fb00000,0x00007f3c2fc00000)]
  0x00007f3c604d7750 JavaThread "Active Thread: Equinox Container: af23d397-e598-4ea5-beb8-1f84a6cb48c1" [_thread_blocked, id=3311, stack(0x00007f3c2ebfa000,0x00007f3c2ecfa000)]
  0x00007f3c605216b0 JavaThread "Framework Event Dispatcher: Equinox Container: af23d397-e598-4ea5-beb8-1f84a6cb48c1" daemon [_thread_blocked, id=3314, stack(0x00007f3c2eafa000,0x00007f3c2ebfa000)]
  0x00007f3c605242c0 JavaThread "Start Level: Equinox Container: af23d397-e598-4ea5-beb8-1f84a6cb48c1" daemon [_thread_blocked, id=3315, stack(0x00007f3c2e9fa000,0x00007f3c2eafa000)]
  0x00007f3bf0033000 JavaThread "SCR Component Actor" daemon [_thread_blocked, id=3317, stack(0x00007f3c2e8fa000,0x00007f3c2e9fa000)]
  0x00007f3bf02937f0 JavaThread "Worker-JM" [_thread_blocked, id=3322, stack(0x00007f3c2e400000,0x00007f3c2e500000)]
  0x00007f3bf03409d0 JavaThread "Worker-0" [_thread_blocked, id=3325, stack(0x00007f3c2db00000,0x00007f3c2dc00000)]
  0x00007f3bf08df310 JavaThread "Java indexing" daemon [_thread_blocked, id=3329, stack(0x00007f3c2d900000,0x00007f3c2da00000)]
  0x00007f3c605e08c0 JavaThread "pool-2-thread-1" [_thread_blocked, id=3331, stack(0x00007f3c2d800000,0x00007f3c2d900000)]
  0x00007f3c607434d0 JavaThread "pool-1-thread-1" [_thread_blocked, id=3333, stack(0x00007f3c2ccb1000,0x00007f3c2cdb1000)]
  0x00007f3bec02ac40 JavaThread "Bundle File Closer" daemon [_thread_blocked, id=3487, stack(0x00007f3c2e500000,0x00007f3c2e600000)]
  0x00007f3c3c000eb0 JavaThread "Attach Listener" daemon [_thread_blocked, id=3579, stack(0x00007f3c2da00000,0x00007f3c2db00000)]
  0x00007f3bd81c0e00 JavaThread "Java Debug Server" daemon [_thread_in_native, id=4301, stack(0x00007f3c2ce00000,0x00007f3c2cf00000)]
  0x00007f3bfc001790 JavaThread "pool-3-thread-1" [_thread_in_native, id=4302, stack(0x00007f3c2c300000,0x00007f3c2c400000)]
  0x00007f3bf80b5820 JavaThread "RxSchedulerPurge-1" daemon [_thread_blocked, id=4304, stack(0x00007f3c2c000000,0x00007f3c2c100000)]
  0x00007f3bf80dce10 JavaThread "RxCachedWorkerPoolEvictor-1" daemon [_thread_blocked, id=4305, stack(0x00007f3bc70cc000,0x00007f3bc71cc000)]
  0x00007f3bf819bcd0 JavaThread "RxNewThreadScheduler-1" daemon [_thread_blocked, id=4306, stack(0x00007f3bc5f00000,0x00007f3bc6000000)]
  0x00007f3c14054480 JavaThread "process reaper" daemon [_thread_blocked, id=4338, stack(0x00007f3c4c05c000,0x00007f3c4c07e000)]
  0x00007f3be48dcde0 JavaThread "Worker-20" [_thread_blocked, id=12989, stack(0x00007f3c2c200000,0x00007f3c2c300000)]
  0x00007f3c08006830 JavaThread "Worker-24" [_thread_blocked, id=14730, stack(0x00007f3c2c100000,0x00007f3c2c200000)]
  0x00007f3be006c4c0 JavaThread "Worker-26" [_thread_blocked, id=15202, stack(0x00007f3bc71cc000,0x00007f3bc72cc000)]
  0x00007f3bd0503d50 JavaThread "ForkJoinPool.commonPool-worker-8" daemon [_thread_in_Java, id=15309, stack(0x00007f3bc5d00000,0x00007f3bc5e00000)]
  0x00007f3bd00657a0 JavaThread "ForkJoinPool.commonPool-worker-9" daemon [_thread_in_Java, id=15312, stack(0x00007f3bc5e00000,0x00007f3bc5f00000)]
  0x00007f3bd0065d10 JavaThread "ForkJoinPool.commonPool-worker-10" daemon [_thread_blocked, id=15314, stack(0x00007f3c2cf00000,0x00007f3c2d000000)]
  0x00007f3c0c040c70 JavaThread "ForkJoinPool.commonPool-worker-11" daemon [_thread_in_Java, id=15316, stack(0x00007f3bc72cc000,0x00007f3bc73cc000)]
  0x00007f3c2849cde0 JavaThread "C2 CompilerThread1" daemon [_thread_in_native, id=15628, stack(0x00007f3c2f8fe000,0x00007f3c2f9fe000)]

Other Threads:
  0x00007f3c601535b0 VMThread "VM Thread" [stack: 0x00007f3c4caf4000,0x00007f3c4cbf4000] [id=3271]
  0x00007f3c60072ad0 WatcherThread [stack: 0x00007f3c2fa00000,0x00007f3c2fb00000] [id=3296]
  0x00007f3c6003f6f0 GCTaskThread "GC Thread#0" [stack: 0x00007f3c663f9000,0x00007f3c664f9000] [id=3268]
  0x00007f3c40001210 GCTaskThread "GC Thread#1" [stack: 0x00007f3c2ef00000,0x00007f3c2f000000] [id=3306]
  0x00007f3c40002c90 GCTaskThread "GC Thread#2" [stack: 0x00007f3c2edfe000,0x00007f3c2eefe000] [id=3307]
  0x00007f3c40003690 GCTaskThread "GC Thread#3" [stack: 0x00007f3c2ecfc000,0x00007f3c2edfc000] [id=3308]

Threads with active compile tasks:
C2 CompilerThread0  2026516 14841 % !   4       org.eclipse.jdt.internal.compiler.parser.Scanner::jumpOverMethodBody @ 454 (2085 bytes)
C1 CompilerThread0  2026516 14861   !   2       org.eclipse.jdt.internal.compiler.parser.Scanner::getNextChar (168 bytes)
C2 CompilerThread1  2026516 14826   !   4       org.eclipse.osgi.internal.loader.classpath.ClasspathManager::defineClass (636 bytes)

VM state: not at safepoint (normal execution)

VM Mutex/Monitor currently owned by a thread: None

Heap address: 0x00000000c0000000, size: 1024 MB, Compressed Oops mode: 32-bit

CDS archive(s) not mapped
Compressed class space mapped at: 0x0000000100000000-0x0000000140000000, reserved size: 1073741824
Narrow klass base: 0x0000000000000000, Narrow klass shift: 3, Narrow klass range: 0x140000000

GC Precious Log:
 CPUs: 4 total, 4 available
 Memory: 7949M
 Large Page Support: Disabled
 NUMA Support: Disabled
 Compressed Oops: Enabled (32-bit)
 Alignments: Space 512K, Generation 512K, Heap 2M
 Heap Min Capacity: 100M
 Heap Initial Capacity: 100M
 Heap Max Capacity: 1G
 Pre-touch: Disabled
 Parallel Workers: 4

Heap:
 PSYoungGen      total 24064K, used 16748K [0x00000000eab00000, 0x00000000ec500000, 0x0000000100000000)
  eden space 22528K, 70% used [0x00000000eab00000,0x00000000eba6e520,0x00000000ec100000)
  from space 1536K, 61% used [0x00000000ec280000,0x00000000ec36ce48,0x00000000ec400000)
  to   space 1024K, 0% used [0x00000000ec400000,0x00000000ec400000,0x00000000ec500000)
 ParOldGen       total 123904K, used 113712K [0x00000000c0000000, 0x00000000c7900000, 0x00000000eab00000)
  object space 123904K, 91% used [0x00000000c0000000,0x00000000c6f0c188,0x00000000c7900000)
 Metaspace       used 80929K, committed 82048K, reserved 1122304K
  class space    used 8421K, committed 8960K, reserved 1048576K

Card table byte_map: [0x00007f3c664f9000,0x00007f3c666fa000] _byte_map_base: 0x00007f3c65ef9000

Marking Bits: (ParMarkBitMap*) 0x00007f3c67e33780
 Begin Bits: [0x00007f3c642a1000, 0x00007f3c652a1000)
 End Bits:   [0x00007f3c652a1000, 0x00007f3c662a1000)

Polling page: 0x00007f3c680d1000

Metaspace:

Usage:
  Non-class:     70,81 MB used.
      Class:      8,22 MB used.
       Both:     79,03 MB used.

Virtual space:
  Non-class space:       72,00 MB reserved,      71,38 MB (>99%) committed,  9 nodes.
      Class space:        1,00 GB reserved,       8,75 MB ( <1%) committed,  1 nodes.
             Both:        1,07 GB reserved,      80,12 MB (  7%) committed. 

Chunk freelists:
   Non-Class:  208,00 KB
       Class:  3,22 MB
        Both:  3,42 MB

MaxMetaspaceSize: unlimited
CompressedClassSpaceSize: 1,00 GB
Initial GC threshold: 21,00 MB
Current GC threshold: 125,88 MB
CDS: off
MetaspaceReclaimPolicy: balanced
 - commit_granule_bytes: 65536.
 - commit_granule_words: 8192.
 - virtual_space_node_default_size: 1048576.
 - enlarge_chunks_in_place: 1.
 - new_chunks_are_fully_committed: 0.
 - uncommit_free_chunks: 1.
 - use_allocation_guard: 0.
 - handle_deallocations: 1.


Internal statistics:

num_allocs_failed_limit: 9.
num_arena_births: 952.
num_arena_deaths: 232.
num_vsnodes_births: 10.
num_vsnodes_deaths: 0.
num_space_committed: 1282.
num_space_uncommitted: 0.
num_chunks_returned_to_freelist: 298.
num_chunks_taken_from_freelist: 4363.
num_chunk_merges: 92.
num_chunk_splits: 2614.
num_chunks_enlarged: 1467.
num_purges: 4.
num_inconsistent_stats: 0.

CodeHeap 'non-profiled nmethods': size=120032Kb used=8915Kb max_used=8915Kb free=111117Kb
 bounds [0x00007f3c55eb4000, 0x00007f3c56774000, 0x00007f3c5d3ec000]
CodeHeap 'profiled nmethods': size=120028Kb used=25105Kb max_used=25105Kb free=94922Kb
 bounds [0x00007f3c4e3ec000, 0x00007f3c4fc7c000, 0x00007f3c55923000]
CodeHeap 'non-nmethods': size=5700Kb used=1412Kb max_used=1570Kb free=4287Kb
 bounds [0x00007f3c55923000, 0x00007f3c55b93000, 0x00007f3c55eb4000]
 total_blobs=12621 nmethods=11850 adapters=682
 compilation: enabled
              stopped_count=0, restarted_count=0
 full_count=0

Compilation events (20 events):
Event: 2026,423 Thread 0x00007f3c60192900 14808       4       com.google.gson.stream.JsonReader::endObject (100 bytes)
Event: 2026,431 Thread 0x00007f3c60192900 nmethod 14808 0x00007f3c56767490 code [0x00007f3c56767620, 0x00007f3c56767778]
Event: 2026,431 Thread 0x00007f3c60192900 14761       4       java.util.stream.ReferencePipeline::makeNodeBuilder (6 bytes)
Event: 2026,435 Thread 0x00007f3c60192900 nmethod 14761 0x00007f3c56767910 code [0x00007f3c56767ac0, 0x00007f3c56767ef8]
Event: 2026,439 Thread 0x00007f3c60192900 14830       4       org.eclipse.osgi.internal.weaving.WeavingHookConfigurator::recordClassDefine (65 bytes)
Event: 2026,439 Thread 0x00007f3c60193db0 14832       3       org.eclipse.jdt.internal.compiler.parser.Parser::consumeToken (2309 bytes)
Event: 2026,445 Thread 0x00007f3c60193db0 nmethod 14832 0x00007f3c4fc0d710 code [0x00007f3c4fc0e4e0, 0x00007f3c4fc17510]
Event: 2026,445 Thread 0x00007f3c60193db0 14839 % !   3       org.eclipse.jdt.internal.compiler.parser.Parser::parse @ 52 (907 bytes)
Event: 2026,446 Thread 0x00007f3c60193db0 nmethod 14839% 0x00007f3c4fc19510 code [0x00007f3c4fc199c0, 0x00007f3c4fc1ca70]
Event: 2026,447 Thread 0x00007f3c60193db0 14834       3       org.eclipse.jdt.internal.compiler.parser.Parser::consumeRule (7834 bytes)
Event: 2026,466 Thread 0x00007f3c60192900 nmethod 14830 0x00007f3c56768210 code [0x00007f3c567683e0, 0x00007f3c56768778]
Event: 2026,466 Thread 0x00007f3c60192900 14841 % !   4       org.eclipse.jdt.internal.compiler.parser.Scanner::jumpOverMethodBody @ 454 (2085 bytes)
Event: 2026,475 Thread 0x00007f3c60193db0 nmethod 14834 0x00007f3c4fc1dd90 code [0x00007f3c4fc228e0, 0x00007f3c4fc52620]
Event: 2026,475 Thread 0x00007f3c60193db0 14851   !   3       org.eclipse.jdt.internal.compiler.parser.Parser::parse (907 bytes)
Event: 2026,480 Thread 0x00007f3c60193db0 nmethod 14851 0x00007f3c4fc58110 code [0x00007f3c4fc585c0, 0x00007f3c4fc5b350]
Event: 2026,480 Thread 0x00007f3c60193db0 14860   !   2       org.eclipse.jdt.internal.compiler.parser.Scanner::getNextToken0 (2562 bytes)
Event: 2026,483 Thread 0x00007f3c60193db0 nmethod 14860 0x00007f3c4fc5c610 code [0x00007f3c4fc5cec0, 0x00007f3c4fc60740]
Event: 2026,483 Thread 0x00007f3c60193db0 14850       3       org.eclipse.jdt.internal.codeassist.impl.AssistParser::isInsideMethod (56 bytes)
Event: 2026,483 Thread 0x00007f3c60193db0 nmethod 14850 0x00007f3c4fc62b90 code [0x00007f3c4fc62d60, 0x00007f3c4fc63090]
Event: 2026,483 Thread 0x00007f3c60193db0 14857       2       lombok.eclipse.EclipseNode::traverse (800 bytes)

GC Heap History (20 events):
Event: 1972,051 GC heap before
{Heap before GC invocations=129 (full 6):
 PSYoungGen      total 25088K, used 25046K [0x00000000eab00000, 0x00000000ee000000, 0x0000000100000000)
  eden space 21504K, 99% used [0x00000000eab00000,0x00000000ebff9248,0x00000000ec000000)
  from space 3584K, 99% used [0x00000000ec100000,0x00000000ec47c7b8,0x00000000ec480000)
  to   space 16384K, 0% used [0x00000000ed000000,0x00000000ed000000,0x00000000ee000000)
 ParOldGen       total 123904K, used 107428K [0x00000000c0000000, 0x00000000c7900000, 0x00000000eab00000)
  object space 123904K, 86% used [0x00000000c0000000,0x00000000c68e92a8,0x00000000c7900000)
 Metaspace       used 78580K, committed 79680K, reserved 1122304K
  class space    used 8158K, committed 8640K, reserved 1048576K
}
Event: 1972,056 GC heap after
{Heap after GC invocations=129 (full 6):
 PSYoungGen      total 28160K, used 6243K [0x00000000eab00000, 0x00000000ed680000, 0x0000000100000000)
  eden space 21504K, 0% used [0x00000000eab00000,0x00000000eab00000,0x00000000ec000000)
  from space 6656K, 93% used [0x00000000ed000000,0x00000000ed618dd8,0x00000000ed680000)
  to   space 9216K, 0% used [0x00000000ec480000,0x00000000ec480000,0x00000000ecd80000)
 ParOldGen       total 123904K, used 107970K [0x00000000c0000000, 0x00000000c7900000, 0x00000000eab00000)
  object space 123904K, 87% used [0x00000000c0000000,0x00000000c6970a28,0x00000000c7900000)
 Metaspace       used 78580K, committed 79680K, reserved 1122304K
  class space    used 8158K, committed 8640K, reserved 1048576K
}
Event: 1974,317 GC heap before
{Heap before GC invocations=130 (full 6):
 PSYoungGen      total 28160K, used 27747K [0x00000000eab00000, 0x00000000ed680000, 0x0000000100000000)
  eden space 21504K, 100% used [0x00000000eab00000,0x00000000ec000000,0x00000000ec000000)
  from space 6656K, 93% used [0x00000000ed000000,0x00000000ed618dd8,0x00000000ed680000)
  to   space 9216K, 0% used [0x00000000ec480000,0x00000000ec480000,0x00000000ecd80000)
 ParOldGen       total 123904K, used 107970K [0x00000000c0000000, 0x00000000c7900000, 0x00000000eab00000)
  object space 123904K, 87% used [0x00000000c0000000,0x00000000c6970a28,0x00000000c7900000)
 Metaspace       used 79961K, committed 81088K, reserved 1122304K
  class space    used 8323K, committed 8896K, reserved 1048576K
}
Event: 1974,322 GC heap after
{Heap after GC invocations=130 (full 6):
 PSYoungGen      total 28160K, used 6245K [0x00000000eab00000, 0x00000000ed080000, 0x0000000100000000)
  eden space 21504K, 0% used [0x00000000eab00000,0x00000000eab00000,0x00000000ec000000)
  from space 6656K, 93% used [0x00000000ec480000,0x00000000eca99600,0x00000000ecb00000)
  to   space 5632K, 0% used [0x00000000ecb00000,0x00000000ecb00000,0x00000000ed080000)
 ParOldGen       total 123904K, used 107978K [0x00000000c0000000, 0x00000000c7900000, 0x00000000eab00000)
  object space 123904K, 87% used [0x00000000c0000000,0x00000000c6972a28,0x00000000c7900000)
 Metaspace       used 79961K, committed 81088K, reserved 1122304K
  class space    used 8323K, committed 8896K, reserved 1048576K
}
Event: 1974,383 GC heap before
{Heap before GC invocations=131 (full 6):
 PSYoungGen      total 28160K, used 27589K [0x00000000eab00000, 0x00000000ed080000, 0x0000000100000000)
  eden space 21504K, 99% used [0x00000000eab00000,0x00000000ebfd80c0,0x00000000ec000000)
  from space 6656K, 93% used [0x00000000ec480000,0x00000000eca99600,0x00000000ecb00000)
  to   space 5632K, 0% used [0x00000000ecb00000,0x00000000ecb00000,0x00000000ed080000)
 ParOldGen       total 123904K, used 107978K [0x00000000c0000000, 0x00000000c7900000, 0x00000000eab00000)
  object space 123904K, 87% used [0x00000000c0000000,0x00000000c6972a28,0x00000000c7900000)
 Metaspace       used 80052K, committed 81216K, reserved 1122304K
  class space    used 8323K, committed 8896K, reserved 1048576K
}
Event: 1974,390 GC heap after
{Heap after GC invocations=131 (full 6):
 PSYoungGen      total 28160K, used 5611K [0x00000000eab00000, 0x00000000ed080000, 0x0000000100000000)
  eden space 22528K, 0% used [0x00000000eab00000,0x00000000eab00000,0x00000000ec100000)
  from space 5632K, 99% used [0x00000000ecb00000,0x00000000ed07ad00,0x00000000ed080000)
  to   space 7168K, 0% used [0x00000000ec280000,0x00000000ec280000,0x00000000ec980000)
 ParOldGen       total 123904K, used 108997K [0x00000000c0000000, 0x00000000c7900000, 0x00000000eab00000)
  object space 123904K, 87% used [0x00000000c0000000,0x00000000c6a715b8,0x00000000c7900000)
 Metaspace       used 80052K, committed 81216K, reserved 1122304K
  class space    used 8323K, committed 8896K, reserved 1048576K
}
Event: 1976,077 GC heap before
{Heap before GC invocations=132 (full 6):
 PSYoungGen      total 28160K, used 28139K [0x00000000eab00000, 0x00000000ed080000, 0x0000000100000000)
  eden space 22528K, 100% used [0x00000000eab00000,0x00000000ec100000,0x00000000ec100000)
  from space 5632K, 99% used [0x00000000ecb00000,0x00000000ed07ad00,0x00000000ed080000)
  to   space 7168K, 0% used [0x00000000ec280000,0x00000000ec280000,0x00000000ec980000)
 ParOldGen       total 123904K, used 108997K [0x00000000c0000000, 0x00000000c7900000, 0x00000000eab00000)
  object space 123904K, 87% used [0x00000000c0000000,0x00000000c6a715b8,0x00000000c7900000)
 Metaspace       used 80117K, committed 81280K, reserved 1122304K
  class space    used 8325K, committed 8896K, reserved 1048576K
}
Event: 1976,080 GC heap after
{Heap after GC invocations=132 (full 6):
 PSYoungGen      total 27648K, used 4993K [0x00000000eab00000, 0x00000000ecc00000, 0x0000000100000000)
  eden space 22528K, 0% used [0x00000000eab00000,0x00000000eab00000,0x00000000ec100000)
  from space 5120K, 97% used [0x00000000ec280000,0x00000000ec760410,0x00000000ec780000)
  to   space 4608K, 0% used [0x00000000ec780000,0x00000000ec780000,0x00000000ecc00000)
 ParOldGen       total 123904K, used 109061K [0x00000000c0000000, 0x00000000c7900000, 0x00000000eab00000)
  object space 123904K, 88% used [0x00000000c0000000,0x00000000c6a815b8,0x00000000c7900000)
 Metaspace       used 80117K, committed 81280K, reserved 1122304K
  class space    used 8325K, committed 8896K, reserved 1048576K
}
Event: 2023,565 GC heap before
{Heap before GC invocations=133 (full 6):
 PSYoungGen      total 27648K, used 27521K [0x00000000eab00000, 0x00000000ecc00000, 0x0000000100000000)
  eden space 22528K, 100% used [0x00000000eab00000,0x00000000ec100000,0x00000000ec100000)
  from space 5120K, 97% used [0x00000000ec280000,0x00000000ec760410,0x00000000ec780000)
  to   space 4608K, 0% used [0x00000000ec780000,0x00000000ec780000,0x00000000ecc00000)
 ParOldGen       total 123904K, used 109061K [0x00000000c0000000, 0x00000000c7900000, 0x00000000eab00000)
  object space 123904K, 88% used [0x00000000c0000000,0x00000000c6a815b8,0x00000000c7900000)
 Metaspace       used 80181K, committed 81344K, reserved 1122304K
  class space    used 8325K, committed 8896K, reserved 1048576K
}
Event: 2023,570 GC heap after
{Heap after GC invocations=133 (full 6):
 PSYoungGen      total 27136K, used 4582K [0x00000000eab00000, 0x00000000ecc00000, 0x0000000100000000)
  eden space 22528K, 0% used [0x00000000eab00000,0x00000000eab00000,0x00000000ec100000)
  from space 4608K, 99% used [0x00000000ec780000,0x00000000ecbf9b10,0x00000000ecc00000)
  to   space 5120K, 0% used [0x00000000ec200000,0x00000000ec200000,0x00000000ec700000)
 ParOldGen       total 123904K, used 109389K [0x00000000c0000000, 0x00000000c7900000, 0x00000000eab00000)
  object space 123904K, 88% used [0x00000000c0000000,0x00000000c6ad35b8,0x00000000c7900000)
 Metaspace       used 80181K, committed 81344K, reserved 1122304K
  class space    used 8325K, committed 8896K, reserved 1048576K
}
Event: 2024,853 GC heap before
{Heap before GC invocations=134 (full 6):
 PSYoungGen      total 27136K, used 27110K [0x00000000eab00000, 0x00000000ecc00000, 0x0000000100000000)
  eden space 22528K, 100% used [0x00000000eab00000,0x00000000ec100000,0x00000000ec100000)
  from space 4608K, 99% used [0x00000000ec780000,0x00000000ecbf9b10,0x00000000ecc00000)
  to   space 5120K, 0% used [0x00000000ec200000,0x00000000ec200000,0x00000000ec700000)
 ParOldGen       total 123904K, used 109389K [0x00000000c0000000, 0x00000000c7900000, 0x00000000eab00000)
  object space 123904K, 88% used [0x00000000c0000000,0x00000000c6ad35b8,0x00000000c7900000)
 Metaspace       used 80250K, committed 81408K, reserved 1122304K
  class space    used 8331K, committed 8896K, reserved 1048576K
}
Event: 2024,856 GC heap after
{Heap after GC invocations=134 (full 6):
 PSYoungGen      total 27136K, used 4246K [0x00000000eab00000, 0x00000000eca00000, 0x0000000100000000)
  eden space 22528K, 0% used [0x00000000eab00000,0x00000000eab00000,0x00000000ec100000)
  from space 4608K, 92% used [0x00000000ec200000,0x00000000ec625b00,0x00000000ec680000)
  to   space 3584K, 0% used [0x00000000ec680000,0x00000000ec680000,0x00000000eca00000)
 ParOldGen       total 123904K, used 110512K [0x00000000c0000000, 0x00000000c7900000, 0x00000000eab00000)
  object space 123904K, 89% used [0x00000000c0000000,0x00000000c6bec3c8,0x00000000c7900000)
 Metaspace       used 80250K, committed 81408K, reserved 1122304K
  class space    used 8331K, committed 8896K, reserved 1048576K
}
Event: 2025,246 GC heap before
{Heap before GC invocations=135 (full 6):
 PSYoungGen      total 27136K, used 26774K [0x00000000eab00000, 0x00000000eca00000, 0x0000000100000000)
  eden space 22528K, 100% used [0x00000000eab00000,0x00000000ec100000,0x00000000ec100000)
  from space 4608K, 92% used [0x00000000ec200000,0x00000000ec625b00,0x00000000ec680000)
  to   space 3584K, 0% used [0x00000000ec680000,0x00000000ec680000,0x00000000eca00000)
 ParOldGen       total 123904K, used 110512K [0x00000000c0000000, 0x00000000c7900000, 0x00000000eab00000)
  object space 123904K, 89% used [0x00000000c0000000,0x00000000c6bec3c8,0x00000000c7900000)
 Metaspace       used 80297K, committed 81472K, reserved 1122304K
  class space    used 8332K, committed 8896K, reserved 1048576K
}
Event: 2025,249 GC heap after
{Heap after GC invocations=135 (full 6):
 PSYoungGen      total 26112K, used 3580K [0x00000000eab00000, 0x00000000eca00000, 0x0000000100000000)
  eden space 22528K, 0% used [0x00000000eab00000,0x00000000eab00000,0x00000000ec100000)
  from space 3584K, 99% used [0x00000000ec680000,0x00000000ec9ff200,0x00000000eca00000)
  to   space 4096K, 0% used [0x00000000ec200000,0x00000000ec200000,0x00000000ec600000)
 ParOldGen       total 123904K, used 110853K [0x00000000c0000000, 0x00000000c7900000, 0x00000000eab00000)
  object space 123904K, 89% used [0x00000000c0000000,0x00000000c6c415a0,0x00000000c7900000)
 Metaspace       used 80297K, committed 81472K, reserved 1122304K
  class space    used 8332K, committed 8896K, reserved 1048576K
}
Event: 2025,283 GC heap before
{Heap before GC invocations=136 (full 6):
 PSYoungGen      total 26112K, used 26108K [0x00000000eab00000, 0x00000000eca00000, 0x0000000100000000)
  eden space 22528K, 100% used [0x00000000eab00000,0x00000000ec100000,0x00000000ec100000)
  from space 3584K, 99% used [0x00000000ec680000,0x00000000ec9ff200,0x00000000eca00000)
  to   space 4096K, 0% used [0x00000000ec200000,0x00000000ec200000,0x00000000ec600000)
 ParOldGen       total 123904K, used 110853K [0x00000000c0000000, 0x00000000c7900000, 0x00000000eab00000)
  object space 123904K, 89% used [0x00000000c0000000,0x00000000c6c415a0,0x00000000c7900000)
 Metaspace       used 80322K, committed 81472K, reserved 1122304K
  class space    used 8332K, committed 8896K, reserved 1048576K
}
Event: 2025,286 GC heap after
{Heap after GC invocations=136 (full 6):
 PSYoungGen      total 25088K, used 1340K [0x00000000eab00000, 0x00000000ec700000, 0x0000000100000000)
  eden space 23552K, 0% used [0x00000000eab00000,0x00000000eab00000,0x00000000ec200000)
  from space 1536K, 87% used [0x00000000ec200000,0x00000000ec34f248,0x00000000ec380000)
  to   space 2560K, 0% used [0x00000000ec480000,0x00000000ec480000,0x00000000ec700000)
 ParOldGen       total 123904K, used 113704K [0x00000000c0000000, 0x00000000c7900000, 0x00000000eab00000)
  object space 123904K, 91% used [0x00000000c0000000,0x00000000c6f0a188,0x00000000c7900000)
 Metaspace       used 80322K, committed 81472K, reserved 1122304K
  class space    used 8332K, committed 8896K, reserved 1048576K
}
Event: 2025,321 GC heap before
{Heap before GC invocations=137 (full 6):
 PSYoungGen      total 25088K, used 24892K [0x00000000eab00000, 0x00000000ec700000, 0x0000000100000000)
  eden space 23552K, 100% used [0x00000000eab00000,0x00000000ec200000,0x00000000ec200000)
  from space 1536K, 87% used [0x00000000ec200000,0x00000000ec34f248,0x00000000ec380000)
  to   space 2560K, 0% used [0x00000000ec480000,0x00000000ec480000,0x00000000ec700000)
 ParOldGen       total 123904K, used 113704K [0x00000000c0000000, 0x00000000c7900000, 0x00000000eab00000)
  object space 123904K, 91% used [0x00000000c0000000,0x00000000c6f0a188,0x00000000c7900000)
 Metaspace       used 80327K, committed 81472K, reserved 1122304K
  class space    used 8332K, committed 8896K, reserved 1048576K
}
Event: 2025,322 GC heap after
{Heap after GC invocations=137 (full 6):
 PSYoungGen      total 24064K, used 851K [0x00000000eab00000, 0x00000000ec580000, 0x0000000100000000)
  eden space 23040K, 0% used [0x00000000eab00000,0x00000000eab00000,0x00000000ec180000)
  from space 1024K, 83% used [0x00000000ec480000,0x00000000ec554e48,0x00000000ec580000)
  to   space 1536K, 0% used [0x00000000ec280000,0x00000000ec280000,0x00000000ec400000)
 ParOldGen       total 123904K, used 113712K [0x00000000c0000000, 0x00000000c7900000, 0x00000000eab00000)
  object space 123904K, 91% used [0x00000000c0000000,0x00000000c6f0c188,0x00000000c7900000)
 Metaspace       used 80327K, committed 81472K, reserved 1122304K
  class space    used 8332K, committed 8896K, reserved 1048576K
}
Event: 2026,464 GC heap before
{Heap before GC invocations=138 (full 6):
 PSYoungGen      total 24064K, used 23891K [0x00000000eab00000, 0x00000000ec580000, 0x0000000100000000)
  eden space 23040K, 100% used [0x00000000eab00000,0x00000000ec180000,0x00000000ec180000)
  from space 1024K, 83% used [0x00000000ec480000,0x00000000ec554e48,0x00000000ec580000)
  to   space 1536K, 0% used [0x00000000ec280000,0x00000000ec280000,0x00000000ec400000)
 ParOldGen       total 123904K, used 113712K [0x00000000c0000000, 0x00000000c7900000, 0x00000000eab00000)
  object space 123904K, 91% used [0x00000000c0000000,0x00000000c6f0c188,0x00000000c7900000)
 Metaspace       used 80830K, committed 81920K, reserved 1122304K
  class space    used 8417K, committed 8960K, reserved 1048576K
}
Event: 2026,466 GC heap after
{Heap after GC invocations=138 (full 6):
 PSYoungGen      total 24064K, used 947K [0x00000000eab00000, 0x00000000ec500000, 0x0000000100000000)
  eden space 22528K, 0% used [0x00000000eab00000,0x00000000eab00000,0x00000000ec100000)
  from space 1536K, 61% used [0x00000000ec280000,0x00000000ec36ce48,0x00000000ec400000)
  to   space 1024K, 0% used [0x00000000ec400000,0x00000000ec400000,0x00000000ec500000)
 ParOldGen       total 123904K, used 113712K [0x00000000c0000000, 0x00000000c7900000, 0x00000000eab00000)
  object space 123904K, 91% used [0x00000000c0000000,0x00000000c6f0c188,0x00000000c7900000)
 Metaspace       used 80830K, committed 81920K, reserved 1122304K
  class space    used 8417K, committed 8960K, reserved 1048576K
}

Dll operation events (10 events):
Event: 0,001 Loaded shared library /home/aluno/.vscode/extensions/redhat.java-1.16.0-linux-x64/jre/17.0.6-linux-x86_64/lib/libjava.so
Event: 0,507 Loaded shared library /home/aluno/.vscode/extensions/redhat.java-1.16.0-linux-x64/jre/17.0.6-linux-x86_64/lib/libzip.so
Event: 0,511 Loaded shared library /home/aluno/.vscode/extensions/redhat.java-1.16.0-linux-x64/jre/17.0.6-linux-x86_64/lib/libinstrument.so
Event: 0,538 Loaded shared library /home/aluno/.vscode/extensions/redhat.java-1.16.0-linux-x64/jre/17.0.6-linux-x86_64/lib/libnio.so
Event: 0,569 Loaded shared library /home/aluno/.vscode/extensions/redhat.java-1.16.0-linux-x64/jre/17.0.6-linux-x86_64/lib/libzip.so
Event: 0,588 Loaded shared library /home/aluno/.vscode/extensions/redhat.java-1.16.0-linux-x64/jre/17.0.6-linux-x86_64/lib/libjimage.so
Event: 0,692 Loaded shared library /home/aluno/.vscode/extensions/redhat.java-1.16.0-linux-x64/jre/17.0.6-linux-x86_64/lib/libverify.so
Event: 1,533 Loaded shared library /home/aluno/.vscode/extensions/redhat.java-1.16.0-linux-x64/jre/17.0.6-linux-x86_64/lib/libnet.so
Event: 1,878 Loaded shared library /home/aluno/.config/Code/User/globalStorage/redhat.java/1.16.0/config_linux/org.eclipse.equinox.launcher/org.eclipse.equinox.launcher.gtk.linux.x86_64_1.2.700.v20221108-1024/eclipse_11801.so
Event: 5,760 Loaded shared library /home/aluno/.vscode/extensions/redhat.java-1.16.0-linux-x64/jre/17.0.6-linux-x86_64/lib/libextnet.so

Deoptimization events (20 events):
Event: 2026,447 Thread 0x00007f3bd0065d10 Uncommon trap: trap_request=0xffffff45 fr.pc=0x00007f3c564ec870 relative=0x00000000000000d0
Event: 2026,447 Thread 0x00007f3bd0065d10 Uncommon trap: reason=unstable_if action=reinterpret pc=0x00007f3c564ec870 method=org.eclipse.jdt.internal.codeassist.impl.AssistParser.isInsideMethod()Z @ 14 c2
Event: 2026,447 Thread 0x00007f3bd0065d10 DEOPT PACKING pc=0x00007f3c564ec870 sp=0x00007f3c2cffd9a0
Event: 2026,447 Thread 0x00007f3bd0065d10 DEOPT UNPACKING pc=0x00007f3c55979399 sp=0x00007f3c2cffd958 mode 2
Event: 2026,486 Thread 0x00007f3bd0065d10 Uncommon trap: trap_request=0xffffff45 fr.pc=0x00007f3c563b4620 relative=0x0000000000000360
Event: 2026,486 Thread 0x00007f3bd0065d10 Uncommon trap: reason=unstable_if action=reinterpret pc=0x00007f3c563b4620 method=org.eclipse.jdt.core.compiler.CharOperation.equals([C[CZ)Z @ 1 c2
Event: 2026,486 Thread 0x00007f3bd0065d10 DEOPT PACKING pc=0x00007f3c563b4620 sp=0x00007f3c2cffdb40
Event: 2026,486 Thread 0x00007f3bd0065d10 DEOPT UNPACKING pc=0x00007f3c55979399 sp=0x00007f3c2cffdb18 mode 2
Event: 2026,486 Thread 0x00007f3bd0065d10 Uncommon trap: trap_request=0xffffff45 fr.pc=0x00007f3c5617d920 relative=0x00000000000003e0
Event: 2026,486 Thread 0x00007f3bd0065d10 Uncommon trap: reason=unstable_if action=reinterpret pc=0x00007f3c5617d920 method=org.eclipse.jdt.core.compiler.CharOperation.prefixEquals([C[CZI)Z @ 16 c2
Event: 2026,486 Thread 0x00007f3bd0065d10 DEOPT PACKING pc=0x00007f3c5617d920 sp=0x00007f3c2cffdb00
Event: 2026,486 Thread 0x00007f3bd0065d10 DEOPT UNPACKING pc=0x00007f3c55979399 sp=0x00007f3c2cffdab0 mode 2
Event: 2026,487 Thread 0x00007f3bd0065d10 Uncommon trap: trap_request=0xffffff45 fr.pc=0x00007f3c5617cc7c relative=0x00000000000003bc
Event: 2026,487 Thread 0x00007f3bd0065d10 Uncommon trap: reason=unstable_if action=reinterpret pc=0x00007f3c5617cc7c method=org.eclipse.jdt.internal.core.index.Index.isMatch([C[CI)Z @ 14 c2
Event: 2026,487 Thread 0x00007f3bd0065d10 DEOPT PACKING pc=0x00007f3c5617cc7c sp=0x00007f3c2cffcb70
Event: 2026,487 Thread 0x00007f3bd0065d10 DEOPT UNPACKING pc=0x00007f3c55979399 sp=0x00007f3c2cffcb38 mode 2
Event: 2026,487 Thread 0x00007f3bd0065d10 Uncommon trap: trap_request=0xffffff45 fr.pc=0x00007f3c564fd14c relative=0x000000000000032c
Event: 2026,487 Thread 0x00007f3bd0065d10 Uncommon trap: reason=unstable_if action=reinterpret pc=0x00007f3c564fd14c method=org.eclipse.jdt.internal.compiler.util.HashtableOfObject.putUnsafely([CLjava/lang/Object;)V @ 70 c2
Event: 2026,487 Thread 0x00007f3bd0065d10 DEOPT PACKING pc=0x00007f3c564fd14c sp=0x00007f3c2cffcac0
Event: 2026,487 Thread 0x00007f3bd0065d10 DEOPT UNPACKING pc=0x00007f3c55979399 sp=0x00007f3c2cffca88 mode 2

Classes unloaded (20 events):
Event: 1443,962 Thread 0x00007f3c601535b0 Unloading class 0x00000001002b1800 'java/lang/invoke/LambdaForm$MH+0x00000001002b1800'
Event: 1443,962 Thread 0x00007f3c601535b0 Unloading class 0x00000001002b1400 'java/lang/invoke/LambdaForm$MH+0x00000001002b1400'
Event: 1443,962 Thread 0x00007f3c601535b0 Unloading class 0x00000001002b0c00 'java/lang/invoke/LambdaForm$MH+0x00000001002b0c00'
Event: 1443,962 Thread 0x00007f3c601535b0 Unloading class 0x00000001002b0000 'java/lang/invoke/LambdaForm$MH+0x00000001002b0000'
Event: 1443,962 Thread 0x00007f3c601535b0 Unloading class 0x0000000100217800 'java/lang/invoke/LambdaForm$MH+0x0000000100217800'
Event: 1443,962 Thread 0x00007f3c601535b0 Unloading class 0x00000001001cf000 'jdk/internal/reflect/GeneratedConstructorAccessor4'
Event: 1443,962 Thread 0x00007f3c601535b0 Unloading class 0x00000001001a2800 'java/lang/invoke/LambdaForm$MH+0x00000001001a2800'
Event: 1443,962 Thread 0x00007f3c601535b0 Unloading class 0x00000001001a2000 'java/lang/invoke/LambdaForm$MH+0x00000001001a2000'
Event: 1443,962 Thread 0x00007f3c601535b0 Unloading class 0x00000001001a1c00 'java/lang/invoke/LambdaForm$MH+0x00000001001a1c00'
Event: 1443,962 Thread 0x00007f3c601535b0 Unloading class 0x00000001001a1800 'java/lang/invoke/LambdaForm$MH+0x00000001001a1800'
Event: 1443,962 Thread 0x00007f3c601535b0 Unloading class 0x00000001001a1000 'java/lang/invoke/LambdaForm$MH+0x00000001001a1000'
Event: 1443,962 Thread 0x00007f3c601535b0 Unloading class 0x00000001001a0c00 'java/lang/invoke/LambdaForm$MH+0x00000001001a0c00'
Event: 1443,962 Thread 0x00007f3c601535b0 Unloading class 0x00000001001a0800 'java/lang/invoke/LambdaForm$MH+0x00000001001a0800'
Event: 1443,962 Thread 0x00007f3c601535b0 Unloading class 0x00000001001a0000 'java/lang/invoke/LambdaForm$MH+0x00000001001a0000'
Event: 1443,962 Thread 0x00007f3c601535b0 Unloading class 0x000000010016d000 'jdk/internal/reflect/GeneratedMethodAccessor5'
Event: 1443,962 Thread 0x00007f3c601535b0 Unloading class 0x000000010016cc00 'jdk/internal/reflect/GeneratedMethodAccessor4'
Event: 1443,962 Thread 0x00007f3c601535b0 Unloading class 0x000000010016c800 'jdk/internal/reflect/GeneratedMethodAccessor3'
Event: 1443,962 Thread 0x00007f3c601535b0 Unloading class 0x000000010016c400 'jdk/internal/reflect/GeneratedMethodAccessor2'
Event: 1443,962 Thread 0x00007f3c601535b0 Unloading class 0x000000010016c000 'jdk/internal/reflect/GeneratedMethodAccessor1'
Event: 1443,962 Thread 0x00007f3c601535b0 Unloading class 0x00000001000c9400 'java/lang/invoke/LambdaForm$DMH+0x00000001000c9400'

Classes redefined (0 events):
No events

Internal exceptions (20 events):
Event: 2026,380 Thread 0x00007f3be006c4c0 Exception <a 'java/lang/NullPointerException'{0x00000000ebd4d6d8}> (0x00000000ebd4d6d8) 
thrown [src/hotspot/share/interpreter/linkResolver.cpp, line 1350]
Event: 2026,380 Thread 0x00007f3be006c4c0 Exception <a 'java/lang/NullPointerException'{0x00000000ebd4e6c0}> (0x00000000ebd4e6c0) 
thrown [src/hotspot/share/interpreter/linkResolver.cpp, line 1350]
Event: 2026,380 Thread 0x00007f3be006c4c0 Exception <a 'java/lang/NullPointerException'{0x00000000ebd53518}> (0x00000000ebd53518) 
thrown [src/hotspot/share/interpreter/linkResolver.cpp, line 1350]
Event: 2026,388 Thread 0x00007f3be006c4c0 Exception <a 'java/lang/NullPointerException'{0x00000000ebe7e640}> (0x00000000ebe7e640) 
thrown [src/hotspot/share/interpreter/linkResolver.cpp, line 1350]
Event: 2026,388 Thread 0x00007f3be006c4c0 Exception <a 'java/lang/NullPointerException'{0x00000000ebe7f578}> (0x00000000ebe7f578) 
thrown [src/hotspot/share/interpreter/linkResolver.cpp, line 1350]
Event: 2026,388 Thread 0x00007f3be006c4c0 Exception <a 'java/lang/NullPointerException'{0x00000000ebe81378}> (0x00000000ebe81378) 
thrown [src/hotspot/share/interpreter/linkResolver.cpp, line 1350]
Event: 2026,388 Thread 0x00007f3be006c4c0 Exception <a 'java/lang/NullPointerException'{0x00000000ebe82148}> (0x00000000ebe82148) 
thrown [src/hotspot/share/interpreter/linkResolver.cpp, line 1350]
Event: 2026,388 Thread 0x00007f3be006c4c0 Exception <a 'java/lang/NullPointerException'{0x00000000ebe83e28}> (0x00000000ebe83e28) 
thrown [src/hotspot/share/interpreter/linkResolver.cpp, line 1350]
Event: 2026,447 Thread 0x00007f3bd0065d10 Exception <a 'java/lang/NullPointerException'{0x00000000ec00cbb0}> (0x00000000ec00cbb0) 
thrown [src/hotspot/share/interpreter/linkResolver.cpp, line 1350]
Event: 2026,448 Thread 0x00007f3bd0065d10 Exception <a 'java/lang/NullPointerException'{0x00000000ec00dd00}> (0x00000000ec00dd00) 
thrown [src/hotspot/share/interpreter/linkResolver.cpp, line 1350]
Event: 2026,448 Thread 0x00007f3bd0065d10 Exception <a 'java/lang/NullPointerException'{0x00000000ec012d78}> (0x00000000ec012d78) 
thrown [src/hotspot/share/interpreter/linkResolver.cpp, line 1350]
Event: 2026,448 Thread 0x00007f3bd0065d10 Exception <a 'java/lang/NullPointerException'{0x00000000ec013d60}> (0x00000000ec013d60) 
thrown [src/hotspot/share/interpreter/linkResolver.cpp, line 1350]
Event: 2026,449 Thread 0x00007f3bd0065d10 Exception <a 'java/lang/NullPointerException'{0x00000000ec018930}> (0x00000000ec018930) 
thrown [src/hotspot/share/interpreter/linkResolver.cpp, line 1350]
Event: 2026,450 Thread 0x00007f3bd0065d10 Exception <a 'java/lang/ArrayIndexOutOfBoundsException'{0x00000000ec029c00}: Index 3682 out of bounds for length 3682> (0x00000000ec029c00) 
thrown [src/hotspot/share/interpreter/interpreterRuntime.cpp, line 428]
Event: 2026,450 Thread 0x00007f3bd0065d10 Exception <a 'java/lang/ArrayIndexOutOfBoundsException'{0x00000000ec02a088}: Index 3682 out of bounds for length 3682> (0x00000000ec02a088) 
thrown [src/hotspot/share/interpreter/interpreterRuntime.cpp, line 428]
Event: 2026,450 Thread 0x00007f3bd0065d10 Exception <a 'java/lang/ArrayIndexOutOfBoundsException'{0x00000000ec02a498}: Index 3683 out of bounds for length 3682> (0x00000000ec02a498) 
thrown [src/hotspot/share/interpreter/interpreterRuntime.cpp, line 428]
Event: 2026,470 Thread 0x00007f3bd0065d10 Exception <a 'java/lang/NullPointerException'{0x00000000ead98be8}> (0x00000000ead98be8) 
thrown [src/hotspot/share/interpreter/linkResolver.cpp, line 1350]
Event: 2026,470 Thread 0x00007f3bd0065d10 Exception <a 'java/lang/NullPointerException'{0x00000000ead9bef8}> (0x00000000ead9bef8) 
thrown [src/hotspot/share/interpreter/linkResolver.cpp, line 1350]
Event: 2026,470 Thread 0x00007f3bd0065d10 Exception <a 'java/lang/NullPointerException'{0x00000000ead9d6b0}> (0x00000000ead9d6b0) 
thrown [src/hotspot/share/interpreter/linkResolver.cpp, line 1350]
Event: 2026,472 Thread 0x00007f3bd0065d10 Exception <a 'java/lang/NullPointerException'{0x00000000eadb8e30}> (0x00000000eadb8e30) 
thrown [src/hotspot/share/interpreter/linkResolver.cpp, line 1350]

VM Operations (20 events):
Event: 2026,386 Executing VM operation: HandshakeAllThreads
Event: 2026,386 Executing VM operation: HandshakeAllThreads done
Event: 2026,406 Executing VM operation: HandshakeAllThreads
Event: 2026,407 Executing VM operation: HandshakeAllThreads done
Event: 2026,416 Executing VM operation: HandshakeAllThreads
Event: 2026,416 Executing VM operation: HandshakeAllThreads done
Event: 2026,431 Executing VM operation: HandshakeAllThreads
Event: 2026,431 Executing VM operation: HandshakeAllThreads done
Event: 2026,434 Executing VM operation: HandshakeAllThreads
Event: 2026,434 Executing VM operation: HandshakeAllThreads done
Event: 2026,438 Executing VM operation: HandshakeAllThreads
Event: 2026,438 Executing VM operation: HandshakeAllThreads done
Event: 2026,443 Executing VM operation: HandshakeAllThreads
Event: 2026,444 Executing VM operation: HandshakeAllThreads done
Event: 2026,462 Executing VM operation: HandshakeAllThreads
Event: 2026,462 Executing VM operation: HandshakeAllThreads done
Event: 2026,464 Executing VM operation: ParallelGCFailedAllocation
Event: 2026,466 Executing VM operation: ParallelGCFailedAllocation done
Event: 2026,479 Executing VM operation: HandshakeAllThreads
Event: 2026,480 Executing VM operation: HandshakeAllThreads done

Events (20 events):
Event: 1974,316 Thread 0x00007f3c20430950 Thread added: 0x00007f3c20430950
Event: 1974,317 Protecting memory [0x00007f3c2f8fe000,0x00007f3c2f902000] with protection modes 0
Event: 1975,744 Thread 0x00007f3c20430950 Thread exited: 0x00007f3c20430950
Event: 1976,036 Thread 0x00007f3c20430950 Thread added: 0x00007f3c20430950
Event: 1976,036 Protecting memory [0x00007f3c2f8fe000,0x00007f3c2f902000] with protection modes 0
Event: 1976,394 Thread 0x00007f3c20430950 Thread exited: 0x00007f3c20430950
Event: 2023,305 Thread 0x00007f3c20430950 Thread added: 0x00007f3c20430950
Event: 2023,305 Protecting memory [0x00007f3c2f8fe000,0x00007f3c2f902000] with protection modes 0
Event: 2023,564 Thread 0x00007f3c20430950 Thread exited: 0x00007f3c20430950
Event: 2023,722 Thread 0x00007f3c283b7c80 Thread added: 0x00007f3c283b7c80
Event: 2023,722 Protecting memory [0x00007f3c2f8fe000,0x00007f3c2f902000] with protection modes 0
Event: 2024,800 Thread 0x00007f3c283b7c80 Thread exited: 0x00007f3c283b7c80
Event: 2024,839 Thread 0x00007f3c207eb310 Thread added: 0x00007f3c207eb310
Event: 2024,839 Protecting memory [0x00007f3c2f8fe000,0x00007f3c2f902000] with protection modes 0
Event: 2025,332 Thread 0x00007f3c601951f0 flushing nmethod 0x00007f3c4e4f3310
Event: 2025,336 Thread 0x00007f3c601951f0 flushing nmethod 0x00007f3c4ed3ec90
Event: 2025,339 Thread 0x00007f3c601951f0 flushing nmethod 0x00007f3c4f34aa10
Event: 2025,898 Thread 0x00007f3c207eb310 Thread exited: 0x00007f3c207eb310
Event: 2026,027 Thread 0x00007f3c2849cde0 Thread added: 0x00007f3c2849cde0
Event: 2026,028 Protecting memory [0x00007f3c2f8fe000,0x00007f3c2f902000] with protection modes 0


Dynamic libraries:
c0000000-c7900000 rw-p 00000000 00:00 0 
c7900000-eab00000 ---p 00000000 00:00 0 
eab00000-ec500000 rw-p 00000000 00:00 0 
ec500000-100000000 ---p 00000000 00:00 0 
100000000-100020000 rw-p 00000000 00:00 0 
100020000-100040000 rw-p 00000000 00:00 0 
100040000-1000c0000 rw-p 00000000 00:00 0 
1000c0000-1000e0000 rw-p 00000000 00:00 0 
1000e0000-100140000 rw-p 00000000 00:00 0 
100140000-100260000 rw-p 00000000 00:00 0 
100260000-100280000 rw-p 00000000 00:00 0 
100280000-100380000 rw-p 00000000 00:00 0 
100380000-100540000 rw-p 00000000 00:00 0 
100540000-1005c0000 rw-p 00000000 00:00 0 
1005c0000-100640000 rw-p 00000000 00:00 0 
100640000-100670000 rw-p 00000000 00:00 0 
100670000-100680000 ---p 00000000 00:00 0 
100680000-1008d0000 rw-p 00000000 00:00 0 
1008d0000-140000000 ---p 00000000 00:00 0 
56272d251000-56272d252000 r--p 00000000 08:03 1344056                    /home/aluno/.vscode/extensions/redhat.java-1.16.0-linux-x64/jre/17.0.6-linux-x86_64/bin/java
56272d252000-56272d253000 r-xp 00001000 08:03 1344056                    /home/aluno/.vscode/extensions/redhat.java-1.16.0-linux-x64/jre/17.0.6-linux-x86_64/bin/java
56272d253000-56272d254000 r--p 00002000 08:03 1344056                    /home/aluno/.vscode/extensions/redhat.java-1.16.0-linux-x64/jre/17.0.6-linux-x86_64/bin/java
56272d254000-56272d255000 r--p 00002000 08:03 1344056                    /home/aluno/.vscode/extensions/redhat.java-1.16.0-linux-x64/jre/17.0.6-linux-x86_64/bin/java
56272d255000-56272d256000 rw-p 00003000 08:03 1344056                    /home/aluno/.vscode/extensions/redhat.java-1.16.0-linux-x64/jre/17.0.6-linux-x86_64/bin/java
56272da7a000-56272db70000 rw-p 00000000 00:00 0                          [heap]
7f3bc5400000-7f3bc5bd0000 rw-p 00000000 00:00 0 
7f3bc5bd0000-7f3bc5c04000 ---p 00000000 00:00 0 
7f3bc5c04000-7f3bc5d00000 rw-p 00000000 00:00 0 
7f3bc5d00000-7f3bc5d04000 ---p 00000000 00:00 0 
7f3bc5d04000-7f3bc5e00000 rw-p 00000000 00:00 0 
7f3bc5e00000-7f3bc5e04000 ---p 00000000 00:00 0 
7f3bc5e04000-7f3bc5f00000 rw-p 00000000 00:00 0 
7f3bc5f00000-7f3bc5f04000 ---p 00000000 00:00 0 
7f3bc5f04000-7f3bc6500000 rw-p 00000000 00:00 0 
7f3bc6500000-7f3bc6590000 rw-p 00000000 00:00 0 
7f3bc6590000-7f3bc6600000 ---p 00000000 00:00 0 
7f3bc6600000-7f3bc6800000 rw-p 00000000 00:00 0 
7f3bc6800000-7f3bc6d00000 rw-p 00000000 00:00 0 
7f3bc6d00000-7f3bc6e00000 rw-p 00000000 00:00 0 
7f3bc6e00000-7f3bc7000000 rw-p 00000000 00:00 0 
7f3bc70cc000-7f3bc70d0000 ---p 00000000 00:00 0 
7f3bc70d0000-7f3bc71cc000 rw-p 00000000 00:00 0 
7f3bc71cc000-7f3bc71d0000 ---p 00000000 00:00 0 
7f3bc71d0000-7f3bc72cc000 rw-p 00000000 00:00 0 
7f3bc72cc000-7f3bc72d0000 ---p 00000000 00:00 0 
7f3bc72d0000-7f3bc73cc000 rw-p 00000000 00:00 0 
7f3bc73cc000-7f3bcf800000 r--s 00000000 08:03 3174242                    /usr/lib/jvm/java-19-openjdk-amd64/lib/modules
7f3bcf800000-7f3bcf900000 rw-p 00000000 00:00 0 
7f3bcf900000-7f3bcfb00000 rw-p 00000000 00:00 0 
7f3bcfb00000-7f3bcfbc0000 rw-p 00000000 00:00 0 
7f3bcfbc0000-7f3bcfd00000 rw-p 00000000 00:00 0 
7f3bcfd00000-7f3bcfe00000 rw-p 00000000 00:00 0 
7f3bcfe00000-7f3bd0000000 rw-p 00000000 00:00 0 
7f3bd0000000-7f3bd0510000 rw-p 00000000 00:00 0 
7f3bd0510000-7f3bd4000000 ---p 00000000 00:00 0 
7f3bd4000000-7f3bd6c1c000 rw-p 00000000 00:00 0 
7f3bd6c1c000-7f3bd8000000 ---p 00000000 00:00 0 
7f3bd8000000-7f3bd821e000 rw-p 00000000 00:00 0 
7f3bd821e000-7f3bdc000000 ---p 00000000 00:00 0 
7f3bdc000000-7f3bdc6cd000 rw-p 00000000 00:00 0 
7f3bdc6cd000-7f3be0000000 ---p 00000000 00:00 0 
7f3be0000000-7f3be00a4000 rw-p 00000000 00:00 0 
7f3be00a4000-7f3be4000000 ---p 00000000 00:00 0 
7f3be4000000-7f3be533a000 rw-p 00000000 00:00 0 
7f3be533a000-7f3be8000000 ---p 00000000 00:00 0 
7f3be8000000-7f3be81d6000 rw-p 00000000 00:00 0 
7f3be81d6000-7f3bec000000 ---p 00000000 00:00 0 
7f3bec000000-7f3bec267000 rw-p 00000000 00:00 0 
7f3bec267000-7f3bf0000000 ---p 00000000 00:00 0 
7f3bf0000000-7f3bf106f000 rw-p 00000000 00:00 0 
7f3bf106f000-7f3bf4000000 ---p 00000000 00:00 0 
7f3bf4000000-7f3bf4231000 rw-p 00000000 00:00 0 
7f3bf4231000-7f3bf8000000 ---p 00000000 00:00 0 
7f3bf8000000-7f3bf82e8000 rw-p 00000000 00:00 0 
7f3bf82e8000-7f3bfc000000 ---p 00000000 00:00 0 
7f3bfc000000-7f3bfdd68000 rw-p 00000000 00:00 0 
7f3bfdd68000-7f3c00000000 ---p 00000000 00:00 0 
7f3c00000000-7f3c00038000 rw-p 00000000 00:00 0 
7f3c00038000-7f3c04000000 ---p 00000000 00:00 0 
7f3c04000000-7f3c040dc000 rw-p 00000000 00:00 0 
7f3c040dc000-7f3c08000000 ---p 00000000 00:00 0 
7f3c08000000-7f3c0803a000 rw-p 00000000 00:00 0 
7f3c0803a000-7f3c0c000000 ---p 00000000 00:00 0 
7f3c0c000000-7f3c0c06a000 rw-p 00000000 00:00 0 
7f3c0c06a000-7f3c10000000 ---p 00000000 00:00 0 
7f3c10000000-7f3c10021000 rw-p 00000000 00:00 0 
7f3c10021000-7f3c14000000 ---p 00000000 00:00 0 
7f3c14000000-7f3c141ec000 rw-p 00000000 00:00 0 
7f3c141ec000-7f3c18000000 ---p 00000000 00:00 0 
7f3c18000000-7f3c187af000 rw-p 00000000 00:00 0 
7f3c187af000-7f3c1c000000 ---p 00000000 00:00 0 
7f3c1c000000-7f3c1c11b000 rw-p 00000000 00:00 0 
7f3c1c11b000-7f3c20000000 ---p 00000000 00:00 0 
7f3c20000000-7f3c20ee6000 rw-p 00000000 00:00 0 
7f3c20ee6000-7f3c24000000 ---p 00000000 00:00 0 
7f3c24000000-7f3c241ac000 rw-p 00000000 00:00 0 
7f3c241ac000-7f3c28000000 ---p 00000000 00:00 0 
7f3c28000000-7f3c2a560000 rw-p 00000000 00:00 0 
7f3c2a560000-7f3c2c000000 ---p 00000000 00:00 0 
7f3c2c000000-7f3c2c004000 ---p 00000000 00:00 0 
7f3c2c004000-7f3c2c100000 rw-p 00000000 00:00 0 
7f3c2c100000-7f3c2c104000 ---p 00000000 00:00 0 
7f3c2c104000-7f3c2c200000 rw-p 00000000 00:00 0 
7f3c2c200000-7f3c2c204000 ---p 00000000 00:00 0 
7f3c2c204000-7f3c2c300000 rw-p 00000000 00:00 0 
7f3c2c300000-7f3c2c304000 ---p 00000000 00:00 0 
7f3c2c304000-7f3c2cb00000 rw-p 00000000 00:00 0 
7f3c2cb00000-7f3c2cc00000 rw-p 00000000 00:00 0 
7f3c2ccb1000-7f3c2ccb5000 ---p 00000000 00:00 0 
7f3c2ccb5000-7f3c2cdb1000 rw-p 00000000 00:00 0 
7f3c2ce00000-7f3c2ce04000 ---p 00000000 00:00 0 
7f3c2ce04000-7f3c2cf00000 rw-p 00000000 00:00 0 
7f3c2cf00000-7f3c2cf04000 ---p 00000000 00:00 0 
7f3c2cf04000-7f3c2d380000 rw-p 00000000 00:00 0 
7f3c2d380000-7f3c2d400000 rw-p 00000000 00:00 0 
7f3c2d400000-7f3c2d500000 rw-p 00000000 00:00 0 
7f3c2d500000-7f3c2d600000 rw-p 00000000 00:00 0 
7f3c2d600000-7f3c2d800000 rw-p 00000000 00:00 0 
7f3c2d800000-7f3c2d804000 ---p 00000000 00:00 0 
7f3c2d804000-7f3c2d900000 rw-p 00000000 00:00 0 
7f3c2d900000-7f3c2d904000 ---p 00000000 00:00 0 
7f3c2d904000-7f3c2da00000 rw-p 00000000 00:00 0 
7f3c2da00000-7f3c2da04000 ---p 00000000 00:00 0 
7f3c2da04000-7f3c2db00000 rw-p 00000000 00:00 0 
7f3c2db00000-7f3c2db04000 ---p 00000000 00:00 0 
7f3c2db04000-7f3c2de00000 rw-p 00000000 00:00 0 
7f3c2de00000-7f3c2e100000 rw-p 00000000 00:00 0 
7f3c2e100000-7f3c2e200000 rw-p 00000000 00:00 0 
7f3c2e200000-7f3c2e400000 rw-p 00000000 00:00 0 
7f3c2e400000-7f3c2e404000 ---p 00000000 00:00 0 
7f3c2e404000-7f3c2e500000 rw-p 00000000 00:00 0 
7f3c2e500000-7f3c2e504000 ---p 00000000 00:00 0 
7f3c2e504000-7f3c2e600000 rw-p 00000000 00:00 0 
7f3c2e600000-7f3c2e610000 r-xp 00000000 08:03 1330419                    /home/aluno/.config/Code/User/globalStorage/redhat.java/1.16.0/config_linux/org.eclipse.equinox.launcher/org.eclipse.equinox.launcher.gtk.linux.x86_64_1.2.700.v20221108-1024/eclipse_11801.so
7f3c2e610000-7f3c2e80f000 ---p 00010000 08:03 1330419                    /home/aluno/.config/Code/User/globalStorage/redhat.java/1.16.0/config_linux/org.eclipse.equinox.launcher/org.eclipse.equinox.launcher.gtk.linux.x86_64_1.2.700.v20221108-1024/eclipse_11801.so
7f3c2e80f000-7f3c2e810000 r--p 0000f000 08:03 1330419                    /home/aluno/.config/Code/User/globalStorage/redhat.java/1.16.0/config_linux/org.eclipse.equinox.launcher/org.eclipse.equinox.launcher.gtk.linux.x86_64_1.2.700.v20221108-1024/eclipse_11801.so
7f3c2e810000-7f3c2e811000 rw-p 00010000 08:03 1330419                    /home/aluno/.config/Code/User/globalStorage/redhat.java/1.16.0/config_linux/org.eclipse.equinox.launcher/org.eclipse.equinox.launcher.gtk.linux.x86_64_1.2.700.v20221108-1024/eclipse_11801.so
7f3c2e811000-7f3c2e812000 rw-p 00000000 00:00 0 
7f3c2e8fa000-7f3c2e8fe000 ---p 00000000 00:00 0 
7f3c2e8fe000-7f3c2e9fa000 rw-p 00000000 00:00 0 
7f3c2e9fa000-7f3c2e9fe000 ---p 00000000 00:00 0 
7f3c2e9fe000-7f3c2eafa000 rw-p 00000000 00:00 0 
7f3c2eafa000-7f3c2eafe000 ---p 00000000 00:00 0 
7f3c2eafe000-7f3c2ebfa000 rw-p 00000000 00:00 0 
7f3c2ebfa000-7f3c2ebfe000 ---p 00000000 00:00 0 
7f3c2ebfe000-7f3c2ecfa000 rw-p 00000000 00:00 0 
7f3c2ecfa000-7f3c2ecfb000 ---p 00000000 00:00 0 
7f3c2ecfb000-7f3c2edfc000 rw-p 00000000 00:00 0 
7f3c2edfc000-7f3c2edfd000 ---p 00000000 00:00 0 
7f3c2edfd000-7f3c2eefe000 rw-p 00000000 00:00 0 
7f3c2eefe000-7f3c2eeff000 ---p 00000000 00:00 0 
7f3c2eeff000-7f3c2f100000 rw-p 00000000 00:00 0 
7f3c2f100000-7f3c2f300000 rw-p 00000000 00:00 0 
7f3c2f300000-7f3c2f580000 rw-p 00000000 00:00 0 
7f3c2f580000-7f3c2f700000 rw-p 00000000 00:00 0 
7f3c2f700000-7f3c2f800000 rw-p 00000000 00:00 0 
7f3c2f8fe000-7f3c2f902000 ---p 00000000 00:00 0 
7f3c2f902000-7f3c2f9fe000 rw-p 00000000 00:00 0 
7f3c2f9fe000-7f3c2f9ff000 ---p 00000000 00:00 0 
7f3c2f9ff000-7f3c2fb00000 rw-p 00000000 00:00 0 
7f3c2fb00000-7f3c2fb04000 ---p 00000000 00:00 0 
7f3c2fb04000-7f3c2fc00000 rw-p 00000000 00:00 0 
7f3c2fc00000-7f3c2fc04000 ---p 00000000 00:00 0 
7f3c2fc04000-7f3c2fd00000 rw-p 00000000 00:00 0 
7f3c2fd00000-7f3c2fd04000 ---p 00000000 00:00 0 
7f3c2fd04000-7f3c2fe00000 rw-p 00000000 00:00 0 
7f3c2fe00000-7f3c2fe04000 ---p 00000000 00:00 0 
7f3c2fe04000-7f3c2ff00000 rw-p 00000000 00:00 0 
7f3c2ff00000-7f3c2ff04000 ---p 00000000 00:00 0 
7f3c2ff04000-7f3c30000000 rw-p 00000000 00:00 0 
7f3c30000000-7f3c3026f000 rw-p 00000000 00:00 0 
7f3c3026f000-7f3c34000000 ---p 00000000 00:00 0 
7f3c34000000-7f3c342a1000 rw-p 00000000 00:00 0 
7f3c342a1000-7f3c38000000 ---p 00000000 00:00 0 
7f3c38000000-7f3c38021000 rw-p 00000000 00:00 0 
7f3c38021000-7f3c3c000000 ---p 00000000 00:00 0 
7f3c3c000000-7f3c3c021000 rw-p 00000000 00:00 0 
7f3c3c021000-7f3c40000000 ---p 00000000 00:00 0 
7f3c40000000-7f3c4012b000 rw-p 00000000 00:00 0 
7f3c4012b000-7f3c44000000 ---p 00000000 00:00 0 
7f3c44000000-7f3c44021000 rw-p 00000000 00:00 0 
7f3c44021000-7f3c48000000 ---p 00000000 00:00 0 
7f3c48000000-7f3c48021000 rw-p 00000000 00:00 0 
7f3c48021000-7f3c4c000000 ---p 00000000 00:00 0 
7f3c4c055000-7f3c4c05c000 r--s 00000000 08:03 661425                     /usr/lib/x86_64-linux-gnu/gconv/gconv-modules.cache
7f3c4c05c000-7f3c4c060000 ---p 00000000 00:00 0 
7f3c4c060000-7f3c4c07e000 rw-p 00000000 00:00 0 
7f3c4c07e000-7f3c4c082000 ---p 00000000 00:00 0 
7f3c4c082000-7f3c4c17e000 rw-p 00000000 00:00 0 
7f3c4c17e000-7f3c4c182000 ---p 00000000 00:00 0 
7f3c4c182000-7f3c4c27e000 rw-p 00000000 00:00 0 
7f3c4c27e000-7f3c4c282000 ---p 00000000 00:00 0 
7f3c4c282000-7f3c4c37e000 rw-p 00000000 00:00 0 
7f3c4c37e000-7f3c4c8f2000 r--p 00000000 08:03 3152617                    /usr/lib/locale/locale-archive
7f3c4c8f2000-7f3c4c8f6000 ---p 00000000 00:00 0 
7f3c4c8f6000-7f3c4c9f2000 rw-p 00000000 00:00 0 
7f3c4c9f2000-7f3c4c9f6000 ---p 00000000 00:00 0 
7f3c4c9f6000-7f3c4caf2000 rw-p 00000000 00:00 0 
7f3c4caf2000-7f3c4caf3000 ---p 00000000 00:00 0 
7f3c4caf3000-7f3c4dc00000 rw-p 00000000 00:00 0 
7f3c4dc00000-7f3c4dc80000 rw-p 00000000 00:00 0 
7f3c4dc80000-7f3c4dd00000 rw-p 00000000 00:00 0 
7f3c4dd00000-7f3c4e000000 rw-p 00000000 00:00 0 
7f3c4e002000-7f3c4e003000 r--p 00000000 08:03 1344433                    /home/aluno/.vscode/extensions/redhat.java-1.16.0-linux-x64/jre/17.0.6-linux-x86_64/lib/libextnet.so
7f3c4e003000-7f3c4e004000 r-xp 00001000 08:03 1344433                    /home/aluno/.vscode/extensions/redhat.java-1.16.0-linux-x64/jre/17.0.6-linux-x86_64/lib/libextnet.so
7f3c4e004000-7f3c4e005000 r--p 00002000 08:03 1344433                    /home/aluno/.vscode/extensions/redhat.java-1.16.0-linux-x64/jre/17.0.6-linux-x86_64/lib/libextnet.so
7f3c4e005000-7f3c4e006000 r--p 00002000 08:03 1344433                    /home/aluno/.vscode/extensions/redhat.java-1.16.0-linux-x64/jre/17.0.6-linux-x86_64/lib/libextnet.so
7f3c4e006000-7f3c4e007000 rw-p 00003000 08:03 1344433                    /home/aluno/.vscode/extensions/redhat.java-1.16.0-linux-x64/jre/17.0.6-linux-x86_64/lib/libextnet.so
7f3c4e007000-7f3c4e008000 r--p 00000000 08:03 3154297                    /usr/lib/x86_64-linux-gnu/libnss_mdns4_minimal.so.2
7f3c4e008000-7f3c4e00a000 r-xp 00001000 08:03 3154297                    /usr/lib/x86_64-linux-gnu/libnss_mdns4_minimal.so.2
7f3c4e00a000-7f3c4e00b000 r--p 00003000 08:03 3154297                    /usr/lib/x86_64-linux-gnu/libnss_mdns4_minimal.so.2
7f3c4e00b000-7f3c4e00c000 r--p 00003000 08:03 3154297                    /usr/lib/x86_64-linux-gnu/libnss_mdns4_minimal.so.2
7f3c4e00c000-7f3c4e00d000 rw-p 00004000 08:03 3154297                    /usr/lib/x86_64-linux-gnu/libnss_mdns4_minimal.so.2
7f3c4e00d000-7f3c4e3ec000 rw-p 00000000 00:00 0 
7f3c4e3ec000-7f3c4fc7c000 rwxp 00000000 00:00 0 
7f3c4fc7c000-7f3c55923000 ---p 00000000 00:00 0 
7f3c55923000-7f3c55b93000 rwxp 00000000 00:00 0 
7f3c55b93000-7f3c55eb4000 ---p 00000000 00:00 0 
7f3c55eb4000-7f3c56774000 rwxp 00000000 00:00 0 
7f3c56774000-7f3c5d3ec000 ---p 00000000 00:00 0 
7f3c5d3ec000-7f3c60000000 r--s 00000000 08:03 1344462                    /home/aluno/.vscode/extensions/redhat.java-1.16.0-linux-x64/jre/17.0.6-linux-x86_64/lib/modules
7f3c60000000-7f3c60748000 rw-p 00000000 00:00 0 
7f3c60748000-7f3c64000000 ---p 00000000 00:00 0 
7f3c64003000-7f3c64007000 r--p 00000000 08:03 1344460                    /home/aluno/.vscode/extensions/redhat.java-1.16.0-linux-x64/jre/17.0.6-linux-x86_64/lib/libverify.so
7f3c64007000-7f3c6400e000 r-xp 00004000 08:03 1344460                    /home/aluno/.vscode/extensions/redhat.java-1.16.0-linux-x64/jre/17.0.6-linux-x86_64/lib/libverify.so
7f3c6400e000-7f3c64010000 r--p 0000b000 08:03 1344460                    /home/aluno/.vscode/extensions/redhat.java-1.16.0-linux-x64/jre/17.0.6-linux-x86_64/lib/libverify.so
7f3c64010000-7f3c64012000 r--p 0000c000 08:03 1344460                    /home/aluno/.vscode/extensions/redhat.java-1.16.0-linux-x64/jre/17.0.6-linux-x86_64/lib/libverify.so
7f3c64012000-7f3c64013000 rw-p 0000e000 08:03 1344460                    /home/aluno/.vscode/extensions/redhat.java-1.16.0-linux-x64/jre/17.0.6-linux-x86_64/lib/libverify.so
7f3c64013000-7f3c64017000 r--p 00000000 08:03 1344453                    /home/aluno/.vscode/extensions/redhat.java-1.16.0-linux-x64/jre/17.0.6-linux-x86_64/lib/libnet.so
7f3c64017000-7f3c64025000 r-xp 00004000 08:03 1344453                    /home/aluno/.vscode/extensions/redhat.java-1.16.0-linux-x64/jre/17.0.6-linux-x86_64/lib/libnet.so
7f3c64025000-7f3c64029000 r--p 00012000 08:03 1344453                    /home/aluno/.vscode/extensions/redhat.java-1.16.0-linux-x64/jre/17.0.6-linux-x86_64/lib/libnet.so
7f3c64029000-7f3c6402a000 r--p 00015000 08:03 1344453                    /home/aluno/.vscode/extensions/redhat.java-1.16.0-linux-x64/jre/17.0.6-linux-x86_64/lib/libnet.so
7f3c6402a000-7f3c6402b000 rw-p 00016000 08:03 1344453                    /home/aluno/.vscode/extensions/redhat.java-1.16.0-linux-x64/jre/17.0.6-linux-x86_64/lib/libnet.so
7f3c6402b000-7f3c64032000 r--p 00000000 08:03 1344454                    /home/aluno/.vscode/extensions/redhat.java-1.16.0-linux-x64/jre/17.0.6-linux-x86_64/lib/libnio.so
7f3c64032000-7f3c6403b000 r-xp 00007000 08:03 1344454                    /home/aluno/.vscode/extensions/redhat.java-1.16.0-linux-x64/jre/17.0.6-linux-x86_64/lib/libnio.so
7f3c6403b000-7f3c6403f000 r--p 00010000 08:03 1344454                    /home/aluno/.vscode/extensions/redhat.java-1.16.0-linux-x64/jre/17.0.6-linux-x86_64/lib/libnio.so
7f3c6403f000-7f3c64040000 ---p 00014000 08:03 1344454                    /home/aluno/.vscode/extensions/redhat.java-1.16.0-linux-x64/jre/17.0.6-linux-x86_64/lib/libnio.so
7f3c64040000-7f3c64041000 r--p 00014000 08:03 1344454                    /home/aluno/.vscode/extensions/redhat.java-1.16.0-linux-x64/jre/17.0.6-linux-x86_64/lib/libnio.so
7f3c64041000-7f3c64042000 rw-p 00015000 08:03 1344454                    /home/aluno/.vscode/extensions/redhat.java-1.16.0-linux-x64/jre/17.0.6-linux-x86_64/lib/libnio.so
7f3c64042000-7f3c64044000 r--p 00000000 08:03 1344461                    /home/aluno/.vscode/extensions/redhat.java-1.16.0-linux-x64/jre/17.0.6-linux-x86_64/lib/libzip.so
7f3c64044000-7f3c64048000 r-xp 00002000 08:03 1344461                    /home/aluno/.vscode/extensions/redhat.java-1.16.0-linux-x64/jre/17.0.6-linux-x86_64/lib/libzip.so
7f3c64048000-7f3c6404a000 r--p 00006000 08:03 1344461                    /home/aluno/.vscode/extensions/redhat.java-1.16.0-linux-x64/jre/17.0.6-linux-x86_64/lib/libzip.so
7f3c6404a000-7f3c6404b000 r--p 00007000 08:03 1344461                    /home/aluno/.vscode/extensions/redhat.java-1.16.0-linux-x64/jre/17.0.6-linux-x86_64/lib/libzip.so
7f3c6404b000-7f3c6404c000 rw-p 00008000 08:03 1344461                    /home/aluno/.vscode/extensions/redhat.java-1.16.0-linux-x64/jre/17.0.6-linux-x86_64/lib/libzip.so
7f3c6404c000-7f3c662de000 rw-p 00000000 00:00 0 
7f3c662de000-7f3c663f7000 ---p 00000000 00:00 0 
7f3c663f7000-7f3c663f8000 ---p 00000000 00:00 0 
7f3c663f8000-7f3c66536000 rw-p 00000000 00:00 0 
7f3c66536000-7f3c6664e000 ---p 00000000 00:00 0 
7f3c6664e000-7f3c6665c000 rw-p 00000000 00:00 0 
7f3c6665c000-7f3c666f9000 ---p 00000000 00:00 0 
7f3c666f9000-7f3c6670c000 rw-p 00000000 00:00 0 
7f3c6670c000-7f3c667e5000 ---p 00000000 00:00 0 
7f3c667e5000-7f3c66817000 rw-p 00000000 00:00 0 
7f3c66817000-7f3c668d0000 ---p 00000000 00:00 0 
7f3c668d0000-7f3c668d5000 rw-p 00000000 00:00 0 
7f3c668d5000-7f3c668dc000 ---p 00000000 00:00 0 
7f3c668dc000-7f3c668e4000 rw-s 00000000 08:03 2883690                    /tmp/hsperfdata_aluno/3263
7f3c668e4000-7f3c668f1000 r--p 00000000 08:03 1344440                    /home/aluno/.vscode/extensions/redhat.java-1.16.0-linux-x64/jre/17.0.6-linux-x86_64/lib/libjava.so
7f3c668f1000-7f3c66903000 r-xp 0000d000 08:03 1344440                    /home/aluno/.vscode/extensions/redhat.java-1.16.0-linux-x64/jre/17.0.6-linux-x86_64/lib/libjava.so
7f3c66903000-7f3c66909000 r--p 0001f000 08:03 1344440                    /home/aluno/.vscode/extensions/redhat.java-1.16.0-linux-x64/jre/17.0.6-linux-x86_64/lib/libjava.so
7f3c66909000-7f3c6690a000 ---p 00025000 08:03 1344440                    /home/aluno/.vscode/extensions/redhat.java-1.16.0-linux-x64/jre/17.0.6-linux-x86_64/lib/libjava.so
7f3c6690a000-7f3c6690b000 r--p 00025000 08:03 1344440                    /home/aluno/.vscode/extensions/redhat.java-1.16.0-linux-x64/jre/17.0.6-linux-x86_64/lib/libjava.so
7f3c6690b000-7f3c6690c000 rw-p 00026000 08:03 1344440                    /home/aluno/.vscode/extensions/redhat.java-1.16.0-linux-x64/jre/17.0.6-linux-x86_64/lib/libjava.so
7f3c6690c000-7f3c6690d000 rw-p 00000000 00:00 0 
7f3c6690d000-7f3c66911000 r--p 00000000 08:03 1344444                    /home/aluno/.vscode/extensions/redhat.java-1.16.0-linux-x64/jre/17.0.6-linux-x86_64/lib/libjimage.so
7f3c66911000-7f3c66924000 r-xp 00004000 08:03 1344444                    /home/aluno/.vscode/extensions/redhat.java-1.16.0-linux-x64/jre/17.0.6-linux-x86_64/lib/libjimage.so
7f3c66924000-7f3c6692a000 r--p 00017000 08:03 1344444                    /home/aluno/.vscode/extensions/redhat.java-1.16.0-linux-x64/jre/17.0.6-linux-x86_64/lib/libjimage.so
7f3c6692a000-7f3c6692c000 r--p 0001c000 08:03 1344444                    /home/aluno/.vscode/extensions/redhat.java-1.16.0-linux-x64/jre/17.0.6-linux-x86_64/lib/libjimage.so
7f3c6692c000-7f3c6692d000 rw-p 0001e000 08:03 1344444                    /home/aluno/.vscode/extensions/redhat.java-1.16.0-linux-x64/jre/17.0.6-linux-x86_64/lib/libjimage.so
7f3c6692d000-7f3c66931000 ---p 00000000 00:00 0 
7f3c66931000-7f3c66a2d000 rw-p 00000000 00:00 0 
7f3c66a2d000-7f3c66a3b000 r--p 00000000 08:03 3154138                    /usr/lib/x86_64-linux-gnu/libm.so.6
7f3c66a3b000-7f3c66ab7000 r-xp 0000e000 08:03 3154138                    /usr/lib/x86_64-linux-gnu/libm.so.6
7f3c66ab7000-7f3c66b12000 r--p 0008a000 08:03 3154138                    /usr/lib/x86_64-linux-gnu/libm.so.6
7f3c66b12000-7f3c66b13000 r--p 000e4000 08:03 3154138                    /usr/lib/x86_64-linux-gnu/libm.so.6
7f3c66b13000-7f3c66b14000 rw-p 000e5000 08:03 3154138                    /usr/lib/x86_64-linux-gnu/libm.so.6
7f3c66b14000-7f3c66b15000 r--p 00000000 08:03 3154503                    /usr/lib/x86_64-linux-gnu/librt.so.1
7f3c66b15000-7f3c66b16000 r-xp 00001000 08:03 3154503                    /usr/lib/x86_64-linux-gnu/librt.so.1
7f3c66b16000-7f3c66b17000 r--p 00002000 08:03 3154503                    /usr/lib/x86_64-linux-gnu/librt.so.1
7f3c66b17000-7f3c66b18000 r--p 00002000 08:03 3154503                    /usr/lib/x86_64-linux-gnu/librt.so.1
7f3c66b18000-7f3c66b19000 rw-p 00003000 08:03 3154503                    /usr/lib/x86_64-linux-gnu/librt.so.1
7f3c66b19000-7f3c66d6b000 r--p 00000000 08:03 1344472                    /home/aluno/.vscode/extensions/redhat.java-1.16.0-linux-x64/jre/17.0.6-linux-x86_64/lib/server/libjvm.so
7f3c66d6b000-7f3c67a88000 r-xp 00252000 08:03 1344472                    /home/aluno/.vscode/extensions/redhat.java-1.16.0-linux-x64/jre/17.0.6-linux-x86_64/lib/server/libjvm.so
7f3c67a88000-7f3c67d14000 r--p 00f6f000 08:03 1344472                    /home/aluno/.vscode/extensions/redhat.java-1.16.0-linux-x64/jre/17.0.6-linux-x86_64/lib/server/libjvm.so
7f3c67d14000-7f3c67dcd000 r--p 011fa000 08:03 1344472                    /home/aluno/.vscode/extensions/redhat.java-1.16.0-linux-x64/jre/17.0.6-linux-x86_64/lib/server/libjvm.so
7f3c67dcd000-7f3c67e02000 rw-p 012b3000 08:03 1344472                    /home/aluno/.vscode/extensions/redhat.java-1.16.0-linux-x64/jre/17.0.6-linux-x86_64/lib/server/libjvm.so
7f3c67e02000-7f3c67e60000 rw-p 00000000 00:00 0 
7f3c67e60000-7f3c67e88000 r--p 00000000 08:03 3153441                    /usr/lib/x86_64-linux-gnu/libc.so.6
7f3c67e88000-7f3c6801d000 r-xp 00028000 08:03 3153441                    /usr/lib/x86_64-linux-gnu/libc.so.6
7f3c6801d000-7f3c68075000 r--p 001bd000 08:03 3153441                    /usr/lib/x86_64-linux-gnu/libc.so.6
7f3c68075000-7f3c68079000 r--p 00214000 08:03 3153441                    /usr/lib/x86_64-linux-gnu/libc.so.6
7f3c68079000-7f3c6807b000 rw-p 00218000 08:03 3153441                    /usr/lib/x86_64-linux-gnu/libc.so.6
7f3c6807b000-7f3c68088000 rw-p 00000000 00:00 0 
7f3c68088000-7f3c68089000 r--p 00000000 08:03 3153605                    /usr/lib/x86_64-linux-gnu/libdl.so.2
7f3c68089000-7f3c6808a000 r-xp 00001000 08:03 3153605                    /usr/lib/x86_64-linux-gnu/libdl.so.2
7f3c6808a000-7f3c6808b000 r--p 00002000 08:03 3153605                    /usr/lib/x86_64-linux-gnu/libdl.so.2
7f3c6808b000-7f3c6808c000 r--p 00002000 08:03 3153605                    /usr/lib/x86_64-linux-gnu/libdl.so.2
7f3c6808c000-7f3c6808d000 rw-p 00003000 08:03 3153605                    /usr/lib/x86_64-linux-gnu/libdl.so.2
7f3c6808d000-7f3c6808e000 r--p 00000000 08:03 3154447                    /usr/lib/x86_64-linux-gnu/libpthread.so.0
7f3c6808e000-7f3c6808f000 r-xp 00001000 08:03 3154447                    /usr/lib/x86_64-linux-gnu/libpthread.so.0
7f3c6808f000-7f3c68090000 r--p 00002000 08:03 3154447                    /usr/lib/x86_64-linux-gnu/libpthread.so.0
7f3c68090000-7f3c68091000 r--p 00002000 08:03 3154447                    /usr/lib/x86_64-linux-gnu/libpthread.so.0
7f3c68091000-7f3c68092000 rw-p 00003000 08:03 3154447                    /usr/lib/x86_64-linux-gnu/libpthread.so.0
7f3c68092000-7f3c68095000 r--p 00000000 08:03 1344445                    /home/aluno/.vscode/extensions/redhat.java-1.16.0-linux-x64/jre/17.0.6-linux-x86_64/lib/libjli.so
7f3c68095000-7f3c6809f000 r-xp 00003000 08:03 1344445                    /home/aluno/.vscode/extensions/redhat.java-1.16.0-linux-x64/jre/17.0.6-linux-x86_64/lib/libjli.so
7f3c6809f000-7f3c680a2000 r--p 0000d000 08:03 1344445                    /home/aluno/.vscode/extensions/redhat.java-1.16.0-linux-x64/jre/17.0.6-linux-x86_64/lib/libjli.so
7f3c680a2000-7f3c680a3000 ---p 00010000 08:03 1344445                    /home/aluno/.vscode/extensions/redhat.java-1.16.0-linux-x64/jre/17.0.6-linux-x86_64/lib/libjli.so
7f3c680a3000-7f3c680a4000 r--p 00010000 08:03 1344445                    /home/aluno/.vscode/extensions/redhat.java-1.16.0-linux-x64/jre/17.0.6-linux-x86_64/lib/libjli.so
7f3c680a4000-7f3c680a5000 rw-p 00011000 08:03 1344445                    /home/aluno/.vscode/extensions/redhat.java-1.16.0-linux-x64/jre/17.0.6-linux-x86_64/lib/libjli.so
7f3c680a5000-7f3c680a7000 r--p 00000000 08:03 3154912                    /usr/lib/x86_64-linux-gnu/libz.so.1.2.11
7f3c680a7000-7f3c680b8000 r-xp 00002000 08:03 3154912                    /usr/lib/x86_64-linux-gnu/libz.so.1.2.11
7f3c680b8000-7f3c680be000 r--p 00013000 08:03 3154912                    /usr/lib/x86_64-linux-gnu/libz.so.1.2.11
7f3c680be000-7f3c680bf000 ---p 00019000 08:03 3154912                    /usr/lib/x86_64-linux-gnu/libz.so.1.2.11
7f3c680bf000-7f3c680c0000 r--p 00019000 08:03 3154912                    /usr/lib/x86_64-linux-gnu/libz.so.1.2.11
7f3c680c0000-7f3c680c1000 rw-p 0001a000 08:03 3154912                    /usr/lib/x86_64-linux-gnu/libz.so.1.2.11
7f3c680c4000-7f3c680c6000 r--p 00000000 08:03 1344435                    /home/aluno/.vscode/extensions/redhat.java-1.16.0-linux-x64/jre/17.0.6-linux-x86_64/lib/libinstrument.so
7f3c680c6000-7f3c680cc000 r-xp 00002000 08:03 1344435                    /home/aluno/.vscode/extensions/redhat.java-1.16.0-linux-x64/jre/17.0.6-linux-x86_64/lib/libinstrument.so
7f3c680cc000-7f3c680cf000 r--p 00008000 08:03 1344435                    /home/aluno/.vscode/extensions/redhat.java-1.16.0-linux-x64/jre/17.0.6-linux-x86_64/lib/libinstrument.so
7f3c680cf000-7f3c680d0000 r--p 0000a000 08:03 1344435                    /home/aluno/.vscode/extensions/redhat.java-1.16.0-linux-x64/jre/17.0.6-linux-x86_64/lib/libinstrument.so
7f3c680d0000-7f3c680d1000 rw-p 0000b000 08:03 1344435                    /home/aluno/.vscode/extensions/redhat.java-1.16.0-linux-x64/jre/17.0.6-linux-x86_64/lib/libinstrument.so
7f3c680d1000-7f3c680d2000 ---p 00000000 00:00 0 
7f3c680d2000-7f3c680d3000 r--p 00000000 00:00 0 
7f3c680d3000-7f3c680d5000 rw-p 00000000 00:00 0 
7f3c680d5000-7f3c680d7000 r--p 00000000 08:03 3153050                    /usr/lib/x86_64-linux-gnu/ld-linux-x86-64.so.2
7f3c680d7000-7f3c68101000 r-xp 00002000 08:03 3153050                    /usr/lib/x86_64-linux-gnu/ld-linux-x86-64.so.2
7f3c68101000-7f3c6810c000 r--p 0002c000 08:03 3153050                    /usr/lib/x86_64-linux-gnu/ld-linux-x86-64.so.2
7f3c6810c000-7f3c6810d000 ---p 00000000 00:00 0 
7f3c6810d000-7f3c6810f000 r--p 00037000 08:03 3153050                    /usr/lib/x86_64-linux-gnu/ld-linux-x86-64.so.2
7f3c6810f000-7f3c68111000 rw-p 00039000 08:03 3153050                    /usr/lib/x86_64-linux-gnu/ld-linux-x86-64.so.2
7fff3ea20000-7fff3ea41000 rw-p 00000000 00:00 0                          [stack]
7fff3eb21000-7fff3eb25000 r--p 00000000 00:00 0                          [vvar]
7fff3eb25000-7fff3eb27000 r-xp 00000000 00:00 0                          [vdso]
ffffffffff600000-ffffffffff601000 --xp 00000000 00:00 0                  [vsyscall]


VM Arguments:
jvm_args: --add-modules=ALL-SYSTEM --add-opens=java.base/java.util=ALL-UNNAMED --add-opens=java.base/java.lang=ALL-UNNAMED --add-opens=java.base/sun.nio.fs=ALL-UNNAMED -Declipse.application=org.eclipse.jdt.ls.core.id1 -Dosgi.bundles.defaultStartLevel=4 -Declipse.product=org.eclipse.jdt.ls.core.product -Djava.import.generatesMetadataFilesAtProjectRoot=false -Dfile.encoding=utf8 -XX:+UseParallelGC -XX:GCTimeRatio=4 -XX:AdaptiveSizePolicyWeight=90 -Dsun.zip.disableMemoryMapping=true -Xmx1G -Xms100m -Xlog:disable -javaagent:/home/aluno/.vscode/extensions/redhat.java-1.16.0-linux-x64/lombok/lombok-1.18.24.jar -XX:+HeapDumpOnOutOfMemoryError -XX:HeapDumpPath=/home/aluno/.config/Code/User/workspaceStorage/a41239de572d7979f13732d0ee9faa97/redhat.java 
java_command: /home/aluno/.vscode/extensions/redhat.java-1.16.0-linux-x64/server/plugins/org.eclipse.equinox.launcher_1.6.400.v20210924-0641.jar -configuration /home/aluno/.config/Code/User/globalStorage/redhat.java/1.16.0/config_linux -data /home/aluno/.config/Code/User/workspaceStorage/a41239de572d7979f13732d0ee9faa97/redhat.java/jdt_ws
java_class_path (initial): /home/aluno/.vscode/extensions/redhat.java-1.16.0-linux-x64/server/plugins/org.eclipse.equinox.launcher_1.6.400.v20210924-0641.jar
Launcher Type: SUN_STANDARD

[Global flags]
    uintx AdaptiveSizePolicyWeight                 = 90                                        {product} {command line}
     intx CICompilerCount                          = 3                                         {product} {ergonomic}
    uintx GCTimeRatio                              = 4                                         {product} {command line}
     bool HeapDumpOnOutOfMemoryError               = true                                   {manageable} {command line}
    ccstr HeapDumpPath                             = /home/aluno/.config/Code/User/workspaceStorage/a41239de572d7979f13732d0ee9faa97/redhat.java         {manageable} {command line}
   size_t InitialHeapSize                          = 104857600                                 {product} {command line}
   size_t MaxHeapSize                              = 1073741824                                {product} {command line}
   size_t MaxNewSize                               = 357564416                                 {product} {ergonomic}
   size_t MinHeapDeltaBytes                        = 524288                                    {product} {ergonomic}
   size_t MinHeapSize                              = 104857600                                 {product} {command line}
   size_t NewSize                                  = 34603008                                  {product} {ergonomic}
    uintx NonNMethodCodeHeapSize                   = 5832780                                {pd product} {ergonomic}
    uintx NonProfiledCodeHeapSize                  = 122912730                              {pd product} {ergonomic}
   size_t OldSize                                  = 70254592                                  {product} {ergonomic}
    uintx ProfiledCodeHeapSize                     = 122912730                              {pd product} {ergonomic}
    uintx ReservedCodeCacheSize                    = 251658240                              {pd product} {ergonomic}
     bool SegmentedCodeCache                       = true                                      {product} {ergonomic}
   size_t SoftMaxHeapSize                          = 1073741824                             {manageable} {ergonomic}
     bool UseCompressedClassPointers               = true                           {product lp64_product} {ergonomic}
     bool UseCompressedOops                        = true                           {product lp64_product} {ergonomic}
     bool UseParallelGC                            = true                                      {product} {command line}

Logging:
Log output configuration:
 #0: stdout all=off uptime,level,tags
 #1: stderr all=off uptime,level,tags

Environment Variables:
JAVA_HOME=/usr/lib/jvm/java-19-openjdk-amd64
PATH=/home/aluno/Programas/apache-maven-3.9.0/bin:/usr/local/sbin:/usr/local/bin:/usr/sbin:/usr/bin:/sbin:/bin:/usr/games:/usr/local/games:/snap/bin:/usr/lib/jvm/java-19-openjdk-amd64/bin
SHELL=/bin/bash
DISPLAY=:0
LANG=en_US.UTF-8
LC_NUMERIC=pt_BR.UTF-8

Signal Handlers:
   SIGSEGV: crash_handler in libjvm.so, mask=11100100010111111101111111111110, flags=SA_RESTART|SA_SIGINFO
    SIGBUS: crash_handler in libjvm.so, mask=11100100010111111101111111111110, flags=SA_RESTART|SA_SIGINFO
    SIGFPE: crash_handler in libjvm.so, mask=11100100010111111101111111111110, flags=SA_RESTART|SA_SIGINFO
   SIGPIPE: javaSignalHandler in libjvm.so, mask=11100100010111111101111111111110, flags=SA_RESTART|SA_SIGINFO
   SIGXFSZ: javaSignalHandler in libjvm.so, mask=11100100010111111101111111111110, flags=SA_RESTART|SA_SIGINFO
    SIGILL: crash_handler in libjvm.so, mask=11100100010111111101111111111110, flags=SA_RESTART|SA_SIGINFO
   SIGUSR2: SR_handler in libjvm.so, mask=00000000000000000000000000000000, flags=SA_RESTART|SA_SIGINFO
    SIGHUP: UserHandler in libjvm.so, mask=11100100010111111101111111111110, flags=SA_RESTART|SA_SIGINFO
    SIGINT: UserHandler in libjvm.so, mask=11100100010111111101111111111110, flags=SA_RESTART|SA_SIGINFO
   SIGTERM: UserHandler in libjvm.so, mask=11100100010111111101111111111110, flags=SA_RESTART|SA_SIGINFO
   SIGQUIT: UserHandler in libjvm.so, mask=11100100010111111101111111111110, flags=SA_RESTART|SA_SIGINFO
   SIGTRAP: crash_handler in libjvm.so, mask=11100100010111111101111111111110, flags=SA_RESTART|SA_SIGINFO


---------------  S Y S T E M  ---------------

OS:
DISTRIB_ID=LinuxMint
DISTRIB_RELEASE=21.1
DISTRIB_CODENAME=vera
DISTRIB_DESCRIPTION="Linux Mint 21.1 Vera"
uname: Linux 5.15.0-60-generic #66-Ubuntu SMP Fri Jan 20 14:29:49 UTC 2023 x86_64
OS uptime: 0 days 0:34 hours
libc: glibc 2.35 NPTL 2.35 
rlimit (soft/hard): STACK 8192k/infinity , CORE 0k/infinity , NPROC 31305/31305 , NOFILE 1048576/1048576 , AS infinity/infinity , CPU infinity/infinity , DATA infinity/infinity , FSIZE infinity/infinity , MEMLOCK 1017544k/1017544k
load average: 0,76 0,50 0,46

/proc/meminfo:
MemTotal:        8140352 kB
MemFree:         1820644 kB
MemAvailable:    3691768 kB
Buffers:           86620 kB
Cached:          2167696 kB
SwapCached:            0 kB
Active:           865116 kB
Inactive:        5135688 kB
Active(anon):       9608 kB
Inactive(anon):  3944924 kB
Active(file):     855508 kB
Inactive(file):  1190764 kB
Unevictable:          48 kB
Mlocked:              48 kB
SwapTotal:       2097148 kB
SwapFree:        2097148 kB
Dirty:               272 kB
Writeback:             0 kB
AnonPages:       3746668 kB
Mapped:          1002612 kB
Shmem:            208044 kB
KReclaimable:      87420 kB
Slab:             167676 kB
SReclaimable:      87420 kB
SUnreclaim:        80256 kB
KernelStack:       15968 kB
PageTables:        37936 kB
NFS_Unstable:          0 kB
Bounce:                0 kB
WritebackTmp:          0 kB
CommitLimit:     6167324 kB
Committed_AS:   10426500 kB
VmallocTotal:   34359738367 kB
VmallocUsed:       60884 kB
VmallocChunk:          0 kB
Percpu:             2928 kB
HardwareCorrupted:     0 kB
AnonHugePages:         0 kB
ShmemHugePages:        0 kB
ShmemPmdMapped:        0 kB
FileHugePages:         0 kB
FilePmdMapped:         0 kB
HugePages_Total:       0
HugePages_Free:        0
HugePages_Rsvd:        0
HugePages_Surp:        0
Hugepagesize:       2048 kB
Hugetlb:               0 kB
DirectMap4k:      247744 kB
DirectMap2M:     8140800 kB

/sys/kernel/mm/transparent_hugepage/enabled: always [madvise] never
/sys/kernel/mm/transparent_hugepage/defrag (defrag/compaction efforts parameter): always defer defer+madvise [madvise] never

Process Memory:
Virtual Size: 4761744K (peak: 4768964K)
Resident Set Size: 497984K (peak: 497984K) (anon: 464152K, file: 33832K, shmem: 0K)
Swapped out: 0K
C-Heap outstanding allocations: 100866K, retained: 110193K
glibc malloc tunables: (default)

/proc/sys/kernel/threads-max (system-wide limit on the number of threads): 62610
/proc/sys/vm/max_map_count (maximum number of memory map areas a process may have): 65530
/proc/sys/kernel/pid_max (system-wide limit on number of process identifiers): 4194304

container (cgroup) information:
container_type: cgroupv2
cpu_cpuset_cpus: not supported
cpu_memory_nodes: not supported
active_processor_count: 4
cpu_quota: not supported
cpu_period: not supported
cpu_shares: not supported
memory_limit_in_bytes: unlimited
memory_and_swap_limit_in_bytes: unlimited
memory_soft_limit_in_bytes: unlimited
memory_usage_in_bytes: 5103056 k
memory_max_usage_in_bytes: not supported
memory_swap_current_in_bytes: unlimited
memory_swap_max_limit_in_bytes: unlimited
maximum number of tasks: unlimited
current number of tasks: 592

KVM virtualization detected
Steal ticks since vm start: 0
Steal ticks percentage since vm start:  0,000

CPU: total 4 (initial active 4) (4 cores per cpu, 1 threads per core) family 6 model 165 stepping 3 microcode 0x0, cx8, cmov, fxsr, mmx, 3dnowpref, sse, sse2, sse3, ssse3, sse4.1, sse4.2, popcnt, lzcnt, tsc, tscinvbit, avx, avx2, aes, clmul, bmi1, bmi2, vzeroupper, clflush, clflushopt, hv
CPU Model and flags from /proc/cpuinfo:
model name	: Intel(R) Core(TM) i3-10100F CPU @ 3.60GHz
flags		: fpu vme de pse tsc msr pae mce cx8 apic sep mtrr pge mca cmov pat pse36 clflush mmx fxsr sse sse2 ht syscall nx rdtscp lm constant_tsc rep_good nopl xtopology nonstop_tsc cpuid tsc_known_freq pni pclmulqdq ssse3 cx16 pcid sse4_1 sse4_2 x2apic movbe popcnt aes xsave avx rdrand hypervisor lahf_lm abm 3dnowprefetch invpcid_single fsgsbase bmi1 avx2 bmi2 invpcid rdseed clflushopt md_clear flush_l1d arch_capabilities

Online cpus: 0-3
Offline cpus: 
BIOS frequency limitation: <Not Available>
Frequency switch latency (ns): <Not Available>
Available cpu frequencies: <Not Available>
Current governor: <Not Available>
Core performance/turbo boost: <Not Available>

Memory: 4k page, physical 8140352k(1820644k free), swap 2097148k(2097148k free)
Page Sizes: 4k

vm_info: OpenJDK 64-Bit Server VM (17.0.6+10) for linux-amd64 JRE (17.0.6+10), built on Jan 17 2023 00:00:00 by "temurin" with gcc 10.3.0

END.
