#
# A fatal error has been detected by the Java Runtime Environment:
#
#  SIGSEGV (0xb) at pc=0x00007f1e2f25f784, pid=167553, tid=167571
#
# JRE version: OpenJDK Runtime Environment (19.0.1+10) (build 19.0.1+10-Ubuntu-1ubuntu122.04)
# Java VM: OpenJDK 64-Bit Server VM (19.0.1+10-Ubuntu-1ubuntu122.04, mixed mode, sharing, tiered, compressed oops, compressed class ptrs, g1 gc, linux-amd64)
# Problematic frame:
# V  [libjvm.so+0x878784]
#
# Core dump will be written. Default location: Core dumps may be processed with "/lib/systemd/systemd-coredump %P %u %g %s %t 9223372036854775808 %h" (or dumping to /home/aluno/Documents/trabalho/oficinamecanica/core.167553)
#
# If you would like to submit a bug report, please visit:
#   Unknown
#

---------------  S U M M A R Y ------------

Command Line: -Dcom.sun.management.jmxremote -Dcom.sun.management.jmxremote.port=34557 -Dcom.sun.management.jmxremote.authenticate=false -Dcom.sun.management.jmxremote.ssl=false -Dspring.jmx.enabled=true -Djava.rmi.server.hostname=localhost -Dspring.application.admin.enabled=true -Dspring.boot.project.name=oficinamecanica -XX:+ShowCodeDetailsInExceptionMessages -Dmanagement.endpoints.jmx.exposure.include=* web.oficinamecanica.OficinamecanicaApplication

Host: Intel(R) Core(TM) i3-10100F CPU @ 3.60GHz, 4 cores, 7G, Linux Mint 21.1 Vera
Time: Sun Jun 18 02:41:29 2023 -03 elapsed time: 1.547930 seconds (0d 0h 0m 1s)

---------------  T H R E A D  ---------------

Current thread (0x00007f1dcc0f1d00):  JavaThread "C2 CompilerThread1" daemon [_thread_in_native, id=167571, stack(0x00007f1e0c47b000,0x00007f1e0c57b000)]


Current CompileTask:
C2:   1548 1905       4       jdk.internal.org.objectweb.asm.Frame::execute (2305 bytes)

Stack: [0x00007f1e0c47b000,0x00007f1e0c57b000],  sp=0x00007f1e0c576120,  free space=1004k
Native frames: (J=compiled Java code, j=interpreted, Vv=VM code, C=native code)
V  [libjvm.so+0x878784]
V  [libjvm.so+0x86f242]
V  [libjvm.so+0x57770a]
V  [libjvm.so+0x57b140]
V  [libjvm.so+0x60d292]
V  [libjvm.so+0x611498]
V  [libjvm.so+0x54e56f]
V  [libjvm.so+0x61922b]
V  [libjvm.so+0x619fe8]
V  [libjvm.so+0xf3097e]
V  [libjvm.so+0xf39a0f]
V  [libjvm.so+0xccd320]


siginfo: si_signo: 11 (SIGSEGV), si_code: 2 (SEGV_ACCERR), si_addr: 0x00007f1dbc81ac60

Registers:
RAX=0x00007f1dbc81ac60, RBX=0x00007f1e0c576190, RCX=0x0000000000000004, RDX=0x0000000000000007
RSP=0x00007f1e0c576120, RBP=0x00007f1e0c576160, RSI=0x00007f1dbc01ac80, RDI=0x00007f1e0c576190
R8 =0x0000000000000002, R9 =0x0000000000000002, R10=0x00007f1dbc249af0, R11=0x0000000000000000
R12=0x0000000000000006, R13=0x0000000000000006, R14=0x00007f1e2fdeb580, R15=0x00007f1dbc340198
RIP=0x00007f1e2f25f784, EFLAGS=0x0000000000010283, CSGSFS=0x002b000000000033, ERR=0x0000000000000004
  TRAPNO=0x000000000000000e


Register to memory mapping:

RAX=0x00007f1dbc81ac60 is an unknown value
RBX=0x00007f1e0c576190 is pointing into the stack for thread: 0x00007f1dcc0f1d00
RCX=0x0000000000000004 is an unknown value
RDX=0x0000000000000007 is an unknown value
RSP=0x00007f1e0c576120 is pointing into the stack for thread: 0x00007f1dcc0f1d00
RBP=0x00007f1e0c576160 is pointing into the stack for thread: 0x00007f1dcc0f1d00
RSI=0x00007f1dbc01ac80 points into unknown readable memory: 0x0000000000000000 | 00 00 00 00 00 00 00 00
RDI=0x00007f1e0c576190 is pointing into the stack for thread: 0x00007f1dcc0f1d00
R8 =0x0000000000000002 is an unknown value
R9 =0x0000000000000002 is an unknown value
R10=0x00007f1dbc249af0 points into unknown readable memory: 0x0000000000000000 | 00 00 00 00 00 00 00 00
R11=0x0 is NULL
R12=0x0000000000000006 is an unknown value
R13=0x0000000000000006 is an unknown value
R14=0x00007f1e2fdeb580: <offset 0x0000000001404580> in /usr/lib/jvm/java-19-openjdk-amd64/lib/server/libjvm.so at 0x00007f1e2e9e7000
R15=0x00007f1dbc340198 points into unknown readable memory: 0x38c3f03c50000000 | 00 00 00 50 3c f0 c3 38


Top of Stack: (sp=0x00007f1e0c576120)
0x00007f1e0c576120:   00007f1dcc20c530 00007f1e0c576390
0x00007f1e0c576130:   00000000000008fd 0000080000000000
0x00007f1e0c576140:   fffff7ffffffffff 00007f1e0c576390
0x00007f1e0c576150:   0000000000000010 00007f1dbc340198 

Instructions: (pc=0x00007f1e2f25f784)
0x00007f1e2f25f684:   42 f0 85 f6 74 2c 48 c1 e6 03 31 c0 4c 8b 41 08
0x00007f1e2f25f694:   49 8b 51 08 4d 8b 04 00 48 01 c2 48 8b 3a 4c 89
0x00007f1e2f25f6a4:   02 48 8b 51 08 48 89 3c 02 48 83 c0 08 48 39 c6
0x00007f1e2f25f6b4:   75 da 41 8b 01 8b 11 41 89 11 8b 51 04 89 01 41
0x00007f1e2f25f6c4:   8b 41 04 41 89 51 04 89 41 04 c3 90 f3 0f 1e fa
0x00007f1e2f25f6d4:   55 48 89 e5 41 57 41 56 41 55 41 54 53 48 89 fb
0x00007f1e2f25f6e4:   48 83 ec 18 8b 47 0c 83 f8 03 77 65 48 8b 77 18
0x00007f1e2f25f6f4:   89 c2 8d 48 01 48 8d 14 d6 48 83 3a 00 0f 85 38
0x00007f1e2f25f704:   01 00 00 83 f9 04 74 49 89 ca 8d 78 02 48 8d 14
0x00007f1e2f25f714:   d6 48 83 3a 00 0f 85 1c 01 00 00 83 ff 04 74 31
0x00007f1e2f25f724:   89 fa 8d 48 03 48 8d 14 d6 48 83 3a 00 0f 85 91
0x00007f1e2f25f734:   01 00 00 83 f9 03 75 19 48 83 7e 18 00 48 8d 56
0x00007f1e2f25f744:   18 b8 03 00 00 00 b9 04 00 00 00 0f 85 ea 00 00
0x00007f1e2f25f754:   00 44 8b 63 10 8b 53 14 4c 8d 35 1d be b8 00 41
0x00007f1e2f25f764:   39 d4 0f 82 ba 00 00 00 48 83 c4 18 31 c0 5b 41
0x00007f1e2f25f774:   5c 41 5d 41 5e 41 5f 5d c3 0f 1f 00 48 89 43 18
0x00007f1e2f25f784:   48 83 38 00 48 89 c1 0f 85 e6 00 00 00 48 83 78
0x00007f1e2f25f794:   08 00 0f 85 fc 00 00 00 48 83 78 10 00 0f 85 01
0x00007f1e2f25f7a4:   01 00 00 48 83 78 18 00 0f 85 06 01 00 00 4c 8b
0x00007f1e2f25f7b4:   7b 28 4d 85 ff 74 5e 49 8b 47 08 4a 8b 14 e8 48
0x00007f1e2f25f7c4:   89 55 c8 66 48 8d 3d d9 d7 b3 00 66 66 48 e8 b9
0x00007f1e2f25f7d4:   4d a1 ff 48 8b 55 c8 48 8b 08 48 8b 89 d8 05 00
0x00007f1e2f25f7e4:   00 48 8b 89 80 00 00 00 48 8b 89 b8 08 00 00 48
0x00007f1e2f25f7f4:   89 0a 48 8b 00 48 8b 80 d8 05 00 00 48 8b 80 80
0x00007f1e2f25f804:   00 00 00 48 89 90 b8 08 00 00 49 8b 47 08 4e 89
0x00007f1e2f25f814:   34 e8 8b 53 14 41 83 c4 01 41 39 d4 0f 83 46 ff
0x00007f1e2f25f824:   ff ff 48 8b 43 20 45 89 e5 4a 8b 04 e8 4c 39 f0
0x00007f1e2f25f834:   74 e3 e9 45 ff ff ff 89 c8 89 f9 8b 73 10 8d 44
0x00007f1e2f25f844:   b0 fc c1 e0 06 89 43 08 48 8b 12 89 4b 0c 31 c9
0x00007f1e2f25f854:   f3 48 0f bc ca 48 d3 ea 01 c8 48 83 ea 01 89 43
0x00007f1e2f25f864:   08 48 89 13 48 83 c4 18 5b 41 5c 41 5d 41 5e 41
0x00007f1e2f25f874:   5f 5d c3 be 01 00 00 00 31 c0 42 8d 04 a0 41 83 


Stack slot to memory mapping:
stack at sp + 0 slots: 0x00007f1dcc20c530 points into unknown readable memory: 0x0000000800000080 | 80 00 00 00 08 00 00 00
stack at sp + 1 slots: 0x00007f1e0c576390 is pointing into the stack for thread: 0x00007f1dcc0f1d00
stack at sp + 2 slots: 0x00000000000008fd is an unknown value
stack at sp + 3 slots: 0x0000080000000000 is an unknown value
stack at sp + 4 slots: 0xfffff7ffffffffff is an unknown value
stack at sp + 5 slots: 0x00007f1e0c576390 is pointing into the stack for thread: 0x00007f1dcc0f1d00
stack at sp + 6 slots: 0x0000000000000010 is an unknown value
stack at sp + 7 slots: 0x00007f1dbc340198 points into unknown readable memory: 0x38c3f03c50000000 | 00 00 00 50 3c f0 c3 38


---------------  P R O C E S S  ---------------

Threads class SMR info:
_java_thread_list=0x00007f1d9c015bb0, length=19, elements={
0x00007f1e28018280, 0x00007f1e2813c230, 0x00007f1e2813d5f0, 0x00007f1e2813ec20,
0x00007f1e281400a0, 0x00007f1e28141510, 0x00007f1e28142f20, 0x00007f1e281444b0,
0x00007f1e2814d970, 0x00007f1e2815ab10, 0x00007f1e28188300, 0x00007f1dcc0f1d00,
0x00007f1e28629e50, 0x00007f1e2863bb50, 0x00007f1e285ccb30, 0x00007f1ddc001000,
0x00007f1db00016d0, 0x00007f1d9c00e7f0, 0x00007f1d9c015040
}

Java Threads: ( => current thread )
  0x00007f1e28018280 JavaThread "main" [_thread_in_Java, id=167554, stack(0x00007f1e2e5b6000,0x00007f1e2e6b6000)]
  0x00007f1e2813c230 JavaThread "Reference Handler" daemon [_thread_blocked, id=167561, stack(0x00007f1e2c139000,0x00007f1e2c239000)]
  0x00007f1e2813d5f0 JavaThread "Finalizer" daemon [_thread_blocked, id=167562, stack(0x00007f1e2c039000,0x00007f1e2c139000)]
  0x00007f1e2813ec20 JavaThread "Signal Dispatcher" daemon [_thread_blocked, id=167563, stack(0x00007f1e0ccac000,0x00007f1e0cdac000)]
  0x00007f1e281400a0 JavaThread "Service Thread" daemon [_thread_blocked, id=167564, stack(0x00007f1e0cbac000,0x00007f1e0ccac000)]
  0x00007f1e28141510 JavaThread "Monitor Deflation Thread" daemon [_thread_blocked, id=167565, stack(0x00007f1e0caac000,0x00007f1e0cbac000)]
  0x00007f1e28142f20 JavaThread "C2 CompilerThread0" daemon [_thread_blocked, id=167566, stack(0x00007f1e0c9ac000,0x00007f1e0caac000)]
  0x00007f1e281444b0 JavaThread "C1 CompilerThread0" daemon [_thread_blocked, id=167567, stack(0x00007f1e0c8ac000,0x00007f1e0c9ac000)]
  0x00007f1e2814d970 JavaThread "Sweeper thread" daemon [_thread_blocked, id=167568, stack(0x00007f1e0c7ac000,0x00007f1e0c8ac000)]
  0x00007f1e2815ab10 JavaThread "Common-Cleaner" daemon [_thread_blocked, id=167569, stack(0x00007f1e0c6ac000,0x00007f1e0c7ac000)]
  0x00007f1e28188300 JavaThread "Notification Thread" daemon [_thread_blocked, id=167570, stack(0x00007f1e0c5ac000,0x00007f1e0c6ac000)]
=>0x00007f1dcc0f1d00 JavaThread "C2 CompilerThread1" daemon [_thread_in_native, id=167571, stack(0x00007f1e0c47b000,0x00007f1e0c57b000)]
  0x00007f1e28629e50 JavaThread "RMI TCP Accept-0" daemon [_thread_in_native, id=167583, stack(0x00007f1e0c177000,0x00007f1e0c277000)]
  0x00007f1e2863bb50 JavaThread "RMI TCP Accept-34557" daemon [_thread_in_native, id=167587, stack(0x00007f1e0c077000,0x00007f1e0c177000)]
  0x00007f1e285ccb30 JavaThread "RMI TCP Accept-0" daemon [_thread_in_native, id=167597, stack(0x00007f1dfdf00000,0x00007f1dfe000000)]
  0x00007f1ddc001000 JavaThread "Attach Listener" daemon [_thread_blocked, id=167599, stack(0x00007f1dfdcfe000,0x00007f1dfddfe000)]
  0x00007f1db00016d0 JavaThread "RMI TCP Connection(1)-127.0.0.1" daemon [_thread_in_native, id=167616, stack(0x00007f1dfdbfe000,0x00007f1dfdcfe000)]
  0x00007f1d9c00e7f0 JavaThread "RMI Scheduler(0)" daemon [_thread_blocked, id=167618, stack(0x00007f1dfdafe000,0x00007f1dfdbfe000)]
  0x00007f1d9c015040 JavaThread "JMX server connection timeout 29" daemon [_thread_blocked, id=167619, stack(0x00007f1dfd9fe000,0x00007f1dfdafe000)]

Other Threads:
  0x00007f1e281331f0 VMThread "VM Thread" [stack: 0x00007f1e2c7af000,0x00007f1e2c8af000] [id=167560]
  0x00007f1e2856ab80 WatcherThread "VM Periodic Task Thread" [stack: 0x00007f1dfde00000,0x00007f1dfdf00000] [id=167598]
  0x00007f1e28077ab0 WorkerThread "GC Thread#0" [stack: 0x00007f1e2d2ab000,0x00007f1e2d3ab000] [id=167555]
  0x00007f1dec006890 WorkerThread "GC Thread#1" [stack: 0x00007f1e0c37b000,0x00007f1e0c47b000] [id=167581]
  0x00007f1dec0072d0 WorkerThread "GC Thread#2" [stack: 0x00007f1e0c279000,0x00007f1e0c379000] [id=167582]
  0x00007f1dec00f140 WorkerThread "GC Thread#3" [stack: 0x00007f1dfd8fe000,0x00007f1dfd9fe000] [id=167627]
  0x00007f1e28088940 ConcurrentGCThread "G1 Main Marker" [stack: 0x00007f1e2d1a9000,0x00007f1e2d2a9000] [id=167556]
  0x00007f1e28089860 WorkerThread "G1 Conc#0" [stack: 0x00007f1e2d0a7000,0x00007f1e2d1a7000] [id=167557]
  0x00007f1e28000e00 ConcurrentGCThread "G1 Refine#0" [stack: 0x00007f1e2cba1000,0x00007f1e2cca1000] [id=167558]
  0x00007f1e28106a20 ConcurrentGCThread "G1 Service" [stack: 0x00007f1e2ca9f000,0x00007f1e2cb9f000] [id=167559]

Threads with active compile tasks:
C2 CompilerThread1     1557 1905       4       jdk.internal.org.objectweb.asm.Frame::execute (2305 bytes)

VM state: not at safepoint (normal execution)

VM Mutex/Monitor currently owned by a thread: None

Heap address: 0x0000000083c00000, size: 1988 MB, Compressed Oops mode: 32-bit

CDS archive(s) mapped at: [0x0000000800000000-0x0000000800c51000-0x0000000800c51000), size 12914688, SharedBaseAddress: 0x0000000800000000, ArchiveRelocationMode: 0.
Compressed class space mapped at: 0x0000000801000000-0x0000000841000000, reserved size: 1073741824
Narrow klass base: 0x0000000800000000, Narrow klass shift: 0, Narrow klass range: 0x100000000

GC Precious Log:
 CardTable entry size: 512
 Card Set container configuration: InlinePtr #cards 5 size 8 Array Of Cards #cards 12 size 40 Howl #buckets 4 coarsen threshold 1843 Howl Bitmap #cards 512 size 80 coarsen threshold 460 Card regions per heap region 1 cards per card region 2048
 CPUs: 4 total, 4 available
 Memory: 7949M
 Large Page Support: Disabled
 NUMA Support: Disabled
 Compressed Oops: Enabled (32-bit)
 Heap Region Size: 1M
 Heap Min Capacity: 8M
 Heap Initial Capacity: 126M
 Heap Max Capacity: 1988M
 Pre-touch: Disabled
 Parallel Workers: 4
 Concurrent Workers: 1
 Concurrent Refinement Workers: 4
 Periodic GC: Disabled

Heap:
 garbage-first heap   total 131072K, used 29616K [0x0000000083c00000, 0x0000000100000000)
  region size 1024K, 22 young (22528K), 2 survivors (2048K)
 Metaspace       used 12065K, committed 12416K, reserved 1114112K
  class space    used 1374K, committed 1536K, reserved 1048576K

Heap Regions: E=young(eden), S=young(survivor), O=old, HS=humongous(starts), HC=humongous(continues), CS=collection set, F=free, OA=open archive, CA=closed archive, TAMS=top-at-mark-start (previous, next)
|   0|0x0000000083c00000, 0x0000000083d00000, 0x0000000083d00000|100%|HS|  |TAMS 0x0000000083c00000, 0x0000000083c00000| Complete 
|   1|0x0000000083d00000, 0x0000000083e00000, 0x0000000083e00000|100%| O|  |TAMS 0x0000000083d00000, 0x0000000083d00000| Untracked 
|   2|0x0000000083e00000, 0x0000000083f00000, 0x0000000083f00000|100%| O|  |TAMS 0x0000000083e00000, 0x0000000083e00000| Untracked 
|   3|0x0000000083f00000, 0x0000000084000000, 0x0000000084000000|100%| O|  |TAMS 0x0000000083f00000, 0x0000000083f00000| Untracked 
|   4|0x0000000084000000, 0x0000000084100000, 0x0000000084100000|100%| O|  |TAMS 0x0000000084000000, 0x0000000084000000| Untracked 
|   5|0x0000000084100000, 0x0000000084200000, 0x0000000084200000|100%| O|  |TAMS 0x0000000084100000, 0x0000000084100000| Untracked 
|   6|0x0000000084200000, 0x0000000084300000, 0x0000000084300000|100%| O|  |TAMS 0x0000000084200000, 0x0000000084200000| Untracked 
|   7|0x0000000084300000, 0x0000000084325c00, 0x0000000084400000| 14%| O|  |TAMS 0x0000000084300000, 0x0000000084300000| Untracked 
|   8|0x0000000084400000, 0x0000000084400000, 0x0000000084500000|  0%| F|  |TAMS 0x0000000084400000, 0x0000000084400000| Untracked 
|   9|0x0000000084500000, 0x0000000084500000, 0x0000000084600000|  0%| F|  |TAMS 0x0000000084500000, 0x0000000084500000| Untracked 
|  10|0x0000000084600000, 0x0000000084600000, 0x0000000084700000|  0%| F|  |TAMS 0x0000000084600000, 0x0000000084600000| Untracked 
|  11|0x0000000084700000, 0x0000000084700000, 0x0000000084800000|  0%| F|  |TAMS 0x0000000084700000, 0x0000000084700000| Untracked 
|  12|0x0000000084800000, 0x0000000084800000, 0x0000000084900000|  0%| F|  |TAMS 0x0000000084800000, 0x0000000084800000| Untracked 
|  13|0x0000000084900000, 0x0000000084900000, 0x0000000084a00000|  0%| F|  |TAMS 0x0000000084900000, 0x0000000084900000| Untracked 
|  14|0x0000000084a00000, 0x0000000084a00000, 0x0000000084b00000|  0%| F|  |TAMS 0x0000000084a00000, 0x0000000084a00000| Untracked 
|  15|0x0000000084b00000, 0x0000000084b00000, 0x0000000084c00000|  0%| F|  |TAMS 0x0000000084b00000, 0x0000000084b00000| Untracked 
|  16|0x0000000084c00000, 0x0000000084c00000, 0x0000000084d00000|  0%| F|  |TAMS 0x0000000084c00000, 0x0000000084c00000| Untracked 
|  17|0x0000000084d00000, 0x0000000084d00000, 0x0000000084e00000|  0%| F|  |TAMS 0x0000000084d00000, 0x0000000084d00000| Untracked 
|  18|0x0000000084e00000, 0x0000000084e00000, 0x0000000084f00000|  0%| F|  |TAMS 0x0000000084e00000, 0x0000000084e00000| Untracked 
|  19|0x0000000084f00000, 0x0000000084f00000, 0x0000000085000000|  0%| F|  |TAMS 0x0000000084f00000, 0x0000000084f00000| Untracked 
|  20|0x0000000085000000, 0x0000000085000000, 0x0000000085100000|  0%| F|  |TAMS 0x0000000085000000, 0x0000000085000000| Untracked 
|  21|0x0000000085100000, 0x0000000085100000, 0x0000000085200000|  0%| F|  |TAMS 0x0000000085100000, 0x0000000085100000| Untracked 
|  22|0x0000000085200000, 0x0000000085200000, 0x0000000085300000|  0%| F|  |TAMS 0x0000000085200000, 0x0000000085200000| Untracked 
|  23|0x0000000085300000, 0x0000000085300000, 0x0000000085400000|  0%| F|  |TAMS 0x0000000085300000, 0x0000000085300000| Untracked 
|  24|0x0000000085400000, 0x0000000085400000, 0x0000000085500000|  0%| F|  |TAMS 0x0000000085400000, 0x0000000085400000| Untracked 
|  25|0x0000000085500000, 0x0000000085500000, 0x0000000085600000|  0%| F|  |TAMS 0x0000000085500000, 0x0000000085500000| Untracked 
|  26|0x0000000085600000, 0x0000000085600000, 0x0000000085700000|  0%| F|  |TAMS 0x0000000085600000, 0x0000000085600000| Untracked 
|  27|0x0000000085700000, 0x0000000085700000, 0x0000000085800000|  0%| F|  |TAMS 0x0000000085700000, 0x0000000085700000| Untracked 
|  28|0x0000000085800000, 0x0000000085800000, 0x0000000085900000|  0%| F|  |TAMS 0x0000000085800000, 0x0000000085800000| Untracked 
|  29|0x0000000085900000, 0x0000000085900000, 0x0000000085a00000|  0%| F|  |TAMS 0x0000000085900000, 0x0000000085900000| Untracked 
|  30|0x0000000085a00000, 0x0000000085a00000, 0x0000000085b00000|  0%| F|  |TAMS 0x0000000085a00000, 0x0000000085a00000| Untracked 
|  31|0x0000000085b00000, 0x0000000085b00000, 0x0000000085c00000|  0%| F|  |TAMS 0x0000000085b00000, 0x0000000085b00000| Untracked 
|  32|0x0000000085c00000, 0x0000000085c00000, 0x0000000085d00000|  0%| F|  |TAMS 0x0000000085c00000, 0x0000000085c00000| Untracked 
|  33|0x0000000085d00000, 0x0000000085d00000, 0x0000000085e00000|  0%| F|  |TAMS 0x0000000085d00000, 0x0000000085d00000| Untracked 
|  34|0x0000000085e00000, 0x0000000085e00000, 0x0000000085f00000|  0%| F|  |TAMS 0x0000000085e00000, 0x0000000085e00000| Untracked 
|  35|0x0000000085f00000, 0x0000000085f00000, 0x0000000086000000|  0%| F|  |TAMS 0x0000000085f00000, 0x0000000085f00000| Untracked 
|  36|0x0000000086000000, 0x0000000086000000, 0x0000000086100000|  0%| F|  |TAMS 0x0000000086000000, 0x0000000086000000| Untracked 
|  37|0x0000000086100000, 0x0000000086100000, 0x0000000086200000|  0%| F|  |TAMS 0x0000000086100000, 0x0000000086100000| Untracked 
|  38|0x0000000086200000, 0x0000000086200000, 0x0000000086300000|  0%| F|  |TAMS 0x0000000086200000, 0x0000000086200000| Untracked 
|  39|0x0000000086300000, 0x0000000086300000, 0x0000000086400000|  0%| F|  |TAMS 0x0000000086300000, 0x0000000086300000| Untracked 
|  40|0x0000000086400000, 0x0000000086400000, 0x0000000086500000|  0%| F|  |TAMS 0x0000000086400000, 0x0000000086400000| Untracked 
|  41|0x0000000086500000, 0x0000000086500000, 0x0000000086600000|  0%| F|  |TAMS 0x0000000086500000, 0x0000000086500000| Untracked 
|  42|0x0000000086600000, 0x0000000086600000, 0x0000000086700000|  0%| F|  |TAMS 0x0000000086600000, 0x0000000086600000| Untracked 
|  43|0x0000000086700000, 0x0000000086700000, 0x0000000086800000|  0%| F|  |TAMS 0x0000000086700000, 0x0000000086700000| Untracked 
|  44|0x0000000086800000, 0x0000000086800000, 0x0000000086900000|  0%| F|  |TAMS 0x0000000086800000, 0x0000000086800000| Untracked 
|  45|0x0000000086900000, 0x0000000086900000, 0x0000000086a00000|  0%| F|  |TAMS 0x0000000086900000, 0x0000000086900000| Untracked 
|  46|0x0000000086a00000, 0x0000000086a00000, 0x0000000086b00000|  0%| F|  |TAMS 0x0000000086a00000, 0x0000000086a00000| Untracked 
|  47|0x0000000086b00000, 0x0000000086b00000, 0x0000000086c00000|  0%| F|  |TAMS 0x0000000086b00000, 0x0000000086b00000| Untracked 
|  48|0x0000000086c00000, 0x0000000086c00000, 0x0000000086d00000|  0%| F|  |TAMS 0x0000000086c00000, 0x0000000086c00000| Untracked 
|  49|0x0000000086d00000, 0x0000000086d00000, 0x0000000086e00000|  0%| F|  |TAMS 0x0000000086d00000, 0x0000000086d00000| Untracked 
|  50|0x0000000086e00000, 0x0000000086e00000, 0x0000000086f00000|  0%| F|  |TAMS 0x0000000086e00000, 0x0000000086e00000| Untracked 
|  51|0x0000000086f00000, 0x0000000086f00000, 0x0000000087000000|  0%| F|  |TAMS 0x0000000086f00000, 0x0000000086f00000| Untracked 
|  52|0x0000000087000000, 0x0000000087000000, 0x0000000087100000|  0%| F|  |TAMS 0x0000000087000000, 0x0000000087000000| Untracked 
|  53|0x0000000087100000, 0x0000000087100000, 0x0000000087200000|  0%| F|  |TAMS 0x0000000087100000, 0x0000000087100000| Untracked 
|  54|0x0000000087200000, 0x0000000087200000, 0x0000000087300000|  0%| F|  |TAMS 0x0000000087200000, 0x0000000087200000| Untracked 
|  55|0x0000000087300000, 0x0000000087300000, 0x0000000087400000|  0%| F|  |TAMS 0x0000000087300000, 0x0000000087300000| Untracked 
|  56|0x0000000087400000, 0x0000000087400000, 0x0000000087500000|  0%| F|  |TAMS 0x0000000087400000, 0x0000000087400000| Untracked 
|  57|0x0000000087500000, 0x0000000087500000, 0x0000000087600000|  0%| F|  |TAMS 0x0000000087500000, 0x0000000087500000| Untracked 
|  58|0x0000000087600000, 0x0000000087600000, 0x0000000087700000|  0%| F|  |TAMS 0x0000000087600000, 0x0000000087600000| Untracked 
|  59|0x0000000087700000, 0x0000000087700000, 0x0000000087800000|  0%| F|  |TAMS 0x0000000087700000, 0x0000000087700000| Untracked 
|  60|0x0000000087800000, 0x0000000087800000, 0x0000000087900000|  0%| F|  |TAMS 0x0000000087800000, 0x0000000087800000| Untracked 
|  61|0x0000000087900000, 0x0000000087900000, 0x0000000087a00000|  0%| F|  |TAMS 0x0000000087900000, 0x0000000087900000| Untracked 
|  62|0x0000000087a00000, 0x0000000087a00000, 0x0000000087b00000|  0%| F|  |TAMS 0x0000000087a00000, 0x0000000087a00000| Untracked 
|  63|0x0000000087b00000, 0x0000000087b00000, 0x0000000087c00000|  0%| F|  |TAMS 0x0000000087b00000, 0x0000000087b00000| Untracked 
|  64|0x0000000087c00000, 0x0000000087c00000, 0x0000000087d00000|  0%| F|  |TAMS 0x0000000087c00000, 0x0000000087c00000| Untracked 
|  65|0x0000000087d00000, 0x0000000087d00000, 0x0000000087e00000|  0%| F|  |TAMS 0x0000000087d00000, 0x0000000087d00000| Untracked 
|  66|0x0000000087e00000, 0x0000000087e00000, 0x0000000087f00000|  0%| F|  |TAMS 0x0000000087e00000, 0x0000000087e00000| Untracked 
|  67|0x0000000087f00000, 0x0000000087f00000, 0x0000000088000000|  0%| F|  |TAMS 0x0000000087f00000, 0x0000000087f00000| Untracked 
|  68|0x0000000088000000, 0x0000000088000000, 0x0000000088100000|  0%| F|  |TAMS 0x0000000088000000, 0x0000000088000000| Untracked 
|  69|0x0000000088100000, 0x0000000088100000, 0x0000000088200000|  0%| F|  |TAMS 0x0000000088100000, 0x0000000088100000| Untracked 
|  70|0x0000000088200000, 0x0000000088200000, 0x0000000088300000|  0%| F|  |TAMS 0x0000000088200000, 0x0000000088200000| Untracked 
|  71|0x0000000088300000, 0x0000000088300000, 0x0000000088400000|  0%| F|  |TAMS 0x0000000088300000, 0x0000000088300000| Untracked 
|  72|0x0000000088400000, 0x0000000088400000, 0x0000000088500000|  0%| F|  |TAMS 0x0000000088400000, 0x0000000088400000| Untracked 
|  73|0x0000000088500000, 0x0000000088500000, 0x0000000088600000|  0%| F|  |TAMS 0x0000000088500000, 0x0000000088500000| Untracked 
|  74|0x0000000088600000, 0x0000000088600000, 0x0000000088700000|  0%| F|  |TAMS 0x0000000088600000, 0x0000000088600000| Untracked 
|  75|0x0000000088700000, 0x0000000088700000, 0x0000000088800000|  0%| F|  |TAMS 0x0000000088700000, 0x0000000088700000| Untracked 
|  76|0x0000000088800000, 0x0000000088800000, 0x0000000088900000|  0%| F|  |TAMS 0x0000000088800000, 0x0000000088800000| Untracked 
|  77|0x0000000088900000, 0x0000000088900000, 0x0000000088a00000|  0%| F|  |TAMS 0x0000000088900000, 0x0000000088900000| Untracked 
|  78|0x0000000088a00000, 0x0000000088a00000, 0x0000000088b00000|  0%| F|  |TAMS 0x0000000088a00000, 0x0000000088a00000| Untracked 
|  79|0x0000000088b00000, 0x0000000088b00000, 0x0000000088c00000|  0%| F|  |TAMS 0x0000000088b00000, 0x0000000088b00000| Untracked 
|  80|0x0000000088c00000, 0x0000000088c00000, 0x0000000088d00000|  0%| F|  |TAMS 0x0000000088c00000, 0x0000000088c00000| Untracked 
|  81|0x0000000088d00000, 0x0000000088d00000, 0x0000000088e00000|  0%| F|  |TAMS 0x0000000088d00000, 0x0000000088d00000| Untracked 
|  82|0x0000000088e00000, 0x0000000088e00000, 0x0000000088f00000|  0%| F|  |TAMS 0x0000000088e00000, 0x0000000088e00000| Untracked 
|  83|0x0000000088f00000, 0x0000000088f00000, 0x0000000089000000|  0%| F|  |TAMS 0x0000000088f00000, 0x0000000088f00000| Untracked 
|  84|0x0000000089000000, 0x0000000089000000, 0x0000000089100000|  0%| F|  |TAMS 0x0000000089000000, 0x0000000089000000| Untracked 
|  85|0x0000000089100000, 0x0000000089100000, 0x0000000089200000|  0%| F|  |TAMS 0x0000000089100000, 0x0000000089100000| Untracked 
|  86|0x0000000089200000, 0x0000000089200000, 0x0000000089300000|  0%| F|  |TAMS 0x0000000089200000, 0x0000000089200000| Untracked 
|  87|0x0000000089300000, 0x0000000089300000, 0x0000000089400000|  0%| F|  |TAMS 0x0000000089300000, 0x0000000089300000| Untracked 
|  88|0x0000000089400000, 0x0000000089400000, 0x0000000089500000|  0%| F|  |TAMS 0x0000000089400000, 0x0000000089400000| Untracked 
|  89|0x0000000089500000, 0x0000000089500000, 0x0000000089600000|  0%| F|  |TAMS 0x0000000089500000, 0x0000000089500000| Untracked 
|  90|0x0000000089600000, 0x0000000089600000, 0x0000000089700000|  0%| F|  |TAMS 0x0000000089600000, 0x0000000089600000| Untracked 
|  91|0x0000000089700000, 0x0000000089700000, 0x0000000089800000|  0%| F|  |TAMS 0x0000000089700000, 0x0000000089700000| Untracked 
|  92|0x0000000089800000, 0x0000000089800000, 0x0000000089900000|  0%| F|  |TAMS 0x0000000089800000, 0x0000000089800000| Untracked 
|  93|0x0000000089900000, 0x0000000089900000, 0x0000000089a00000|  0%| F|  |TAMS 0x0000000089900000, 0x0000000089900000| Untracked 
|  94|0x0000000089a00000, 0x0000000089a00000, 0x0000000089b00000|  0%| F|  |TAMS 0x0000000089a00000, 0x0000000089a00000| Untracked 
|  95|0x0000000089b00000, 0x0000000089b00000, 0x0000000089c00000|  0%| F|  |TAMS 0x0000000089b00000, 0x0000000089b00000| Untracked 
|  96|0x0000000089c00000, 0x0000000089c00000, 0x0000000089d00000|  0%| F|  |TAMS 0x0000000089c00000, 0x0000000089c00000| Untracked 
|  97|0x0000000089d00000, 0x0000000089d00000, 0x0000000089e00000|  0%| F|  |TAMS 0x0000000089d00000, 0x0000000089d00000| Untracked 
|  98|0x0000000089e00000, 0x0000000089e00000, 0x0000000089f00000|  0%| F|  |TAMS 0x0000000089e00000, 0x0000000089e00000| Untracked 
|  99|0x0000000089f00000, 0x0000000089f00000, 0x000000008a000000|  0%| F|  |TAMS 0x0000000089f00000, 0x0000000089f00000| Untracked 
| 100|0x000000008a000000, 0x000000008a000000, 0x000000008a100000|  0%| F|  |TAMS 0x000000008a000000, 0x000000008a000000| Untracked 
| 101|0x000000008a100000, 0x000000008a100000, 0x000000008a200000|  0%| F|  |TAMS 0x000000008a100000, 0x000000008a100000| Untracked 
| 102|0x000000008a200000, 0x000000008a200000, 0x000000008a300000|  0%| F|  |TAMS 0x000000008a200000, 0x000000008a200000| Untracked 
| 103|0x000000008a300000, 0x000000008a300000, 0x000000008a400000|  0%| F|  |TAMS 0x000000008a300000, 0x000000008a300000| Untracked 
| 104|0x000000008a400000, 0x000000008a500000, 0x000000008a500000|100%| E|  |TAMS 0x000000008a400000, 0x000000008a400000| Complete 
| 105|0x000000008a500000, 0x000000008a600000, 0x000000008a600000|100%| E|CS|TAMS 0x000000008a500000, 0x000000008a500000| Complete 
| 106|0x000000008a600000, 0x000000008a700000, 0x000000008a700000|100%| E|CS|TAMS 0x000000008a600000, 0x000000008a600000| Complete 
| 107|0x000000008a700000, 0x000000008a800000, 0x000000008a800000|100%| E|CS|TAMS 0x000000008a700000, 0x000000008a700000| Complete 
| 108|0x000000008a800000, 0x000000008a900000, 0x000000008a900000|100%| E|CS|TAMS 0x000000008a800000, 0x000000008a800000| Complete 
| 109|0x000000008a900000, 0x000000008a9ce6d0, 0x000000008aa00000| 80%| S|CS|TAMS 0x000000008a900000, 0x000000008a900000| Complete 
| 110|0x000000008aa00000, 0x000000008ab00000, 0x000000008ab00000|100%| S|CS|TAMS 0x000000008aa00000, 0x000000008aa00000| Complete 
| 111|0x000000008ab00000, 0x000000008ac00000, 0x000000008ac00000|100%| E|CS|TAMS 0x000000008ab00000, 0x000000008ab00000| Complete 
| 112|0x000000008ac00000, 0x000000008ad00000, 0x000000008ad00000|100%| E|CS|TAMS 0x000000008ac00000, 0x000000008ac00000| Complete 
| 113|0x000000008ad00000, 0x000000008ae00000, 0x000000008ae00000|100%| E|CS|TAMS 0x000000008ad00000, 0x000000008ad00000| Complete 
| 114|0x000000008ae00000, 0x000000008af00000, 0x000000008af00000|100%| E|CS|TAMS 0x000000008ae00000, 0x000000008ae00000| Complete 
| 115|0x000000008af00000, 0x000000008b000000, 0x000000008b000000|100%| E|CS|TAMS 0x000000008af00000, 0x000000008af00000| Complete 
| 116|0x000000008b000000, 0x000000008b100000, 0x000000008b100000|100%| E|CS|TAMS 0x000000008b000000, 0x000000008b000000| Complete 
| 117|0x000000008b100000, 0x000000008b200000, 0x000000008b200000|100%| E|CS|TAMS 0x000000008b100000, 0x000000008b100000| Complete 
| 118|0x000000008b200000, 0x000000008b300000, 0x000000008b300000|100%| E|CS|TAMS 0x000000008b200000, 0x000000008b200000| Complete 
| 119|0x000000008b300000, 0x000000008b400000, 0x000000008b400000|100%| E|CS|TAMS 0x000000008b300000, 0x000000008b300000| Complete 
| 120|0x000000008b400000, 0x000000008b500000, 0x000000008b500000|100%| E|CS|TAMS 0x000000008b400000, 0x000000008b400000| Complete 
| 121|0x000000008b500000, 0x000000008b600000, 0x000000008b600000|100%| E|CS|TAMS 0x000000008b500000, 0x000000008b500000| Complete 
| 122|0x000000008b600000, 0x000000008b700000, 0x000000008b700000|100%| E|CS|TAMS 0x000000008b600000, 0x000000008b600000| Complete 
| 123|0x000000008b700000, 0x000000008b800000, 0x000000008b800000|100%| E|CS|TAMS 0x000000008b700000, 0x000000008b700000| Complete 
| 124|0x000000008b800000, 0x000000008b900000, 0x000000008b900000|100%| E|CS|TAMS 0x000000008b800000, 0x000000008b800000| Complete 
| 125|0x000000008b900000, 0x000000008ba00000, 0x000000008ba00000|100%| E|CS|TAMS 0x000000008b900000, 0x000000008b900000| Complete 
|1986|0x00000000ffe00000, 0x00000000ffe77000, 0x00000000fff00000| 46%|OA|  |TAMS 0x00000000ffe00000, 0x00000000ffe00000| Untracked 
|1987|0x00000000fff00000, 0x00000000fff81000, 0x0000000100000000| 50%|CA|  |TAMS 0x00000000fff00000, 0x00000000fff00000| Untracked 

Card table byte_map: [0x00007f1e2d7d0000,0x00007f1e2dbb2000] _byte_map_base: 0x00007f1e2d3b2000

Marking Bits (Prev, Next): (CMBitMap*) 0x00007f1e28078540, (CMBitMap*) 0x00007f1e28078580
 Prev Bits: [0x00007f1e0ecbc000, 0x00007f1e10bcc000)
 Next Bits: [0x00007f1e0cdac000, 0x00007f1e0ecbc000)

Polling page: 0x00007f1e3007d000

Metaspace:

Usage:
  Non-class:     10,44 MB used.
      Class:      1,34 MB used.
       Both:     11,79 MB used.

Virtual space:
  Non-class space:       64,00 MB reserved,      10,62 MB ( 17%) committed,  1 nodes.
      Class space:        1,00 GB reserved,       1,50 MB ( <1%) committed,  1 nodes.
             Both:        1,06 GB reserved,      12,12 MB (  1%) committed. 

Chunk freelists:
   Non-Class:  882,00 KB
       Class:  2,51 MB
        Both:  3,38 MB

MaxMetaspaceSize: unlimited
CompressedClassSpaceSize: 1,00 GB
Initial GC threshold: 21,00 MB
Current GC threshold: 21,00 MB
CDS: on
MetaspaceReclaimPolicy: balanced
 - commit_granule_bytes: 65536.
 - commit_granule_words: 8192.
 - virtual_space_node_default_size: 8388608.
 - enlarge_chunks_in_place: 1.
 - new_chunks_are_fully_committed: 0.
 - uncommit_free_chunks: 1.
 - use_allocation_guard: 0.


Internal statistics:

num_allocs_failed_limit: 0.
num_arena_births: 342.
num_arena_deaths: 0.
num_vsnodes_births: 2.
num_vsnodes_deaths: 0.
num_space_committed: 194.
num_space_uncommitted: 0.
num_chunks_returned_to_freelist: 0.
num_chunks_taken_from_freelist: 642.
num_chunk_merges: 0.
num_chunk_splits: 380.
num_chunks_enlarged: 214.
num_inconsistent_stats: 0.

CodeHeap 'non-profiled nmethods': size=120032Kb used=697Kb max_used=697Kb free=119334Kb
 bounds [0x00007f1e18694000, 0x00007f1e18904000, 0x00007f1e1fbcc000]
CodeHeap 'profiled nmethods': size=120028Kb used=3281Kb max_used=3281Kb free=116747Kb
 bounds [0x00007f1e10bcc000, 0x00007f1e10f0c000, 0x00007f1e18103000]
CodeHeap 'non-nmethods': size=5700Kb used=1283Kb max_used=1315Kb free=4417Kb
 bounds [0x00007f1e18103000, 0x00007f1e18373000, 0x00007f1e18694000]
 total_blobs=2431 nmethods=1926 adapters=416
 compilation: enabled
              stopped_count=0, restarted_count=0
 full_count=0

Compilation events (20 events):
Event: 1,528 Thread 0x00007f1e281444b0 1906       3       jdk.internal.misc.Unsafe::getAndAddInt (27 bytes)
Event: 1,528 Thread 0x00007f1e281444b0 nmethod 1906 0x00007f1e10ef2590 code [0x00007f1e10ef2740, 0x00007f1e10ef2980]
Event: 1,529 Thread 0x00007f1e281444b0 1907       3       java.lang.Class::annotationData (44 bytes)
Event: 1,529 Thread 0x00007f1e281444b0 nmethod 1907 0x00007f1e10ef2a90 code [0x00007f1e10ef2c60, 0x00007f1e10ef2f50]
Event: 1,530 Thread 0x00007f1e28142f20 1908       4       java.lang.reflect.AccessibleObject::checkAccess (40 bytes)
Event: 1,533 Thread 0x00007f1e28142f20 nmethod 1908 0x00007f1e1873f690 code [0x00007f1e1873f840, 0x00007f1e1873fd08]
Event: 1,533 Thread 0x00007f1e28142f20 1909       4       java.lang.reflect.AccessibleObject::verifyAccess (55 bytes)
Event: 1,535 Thread 0x00007f1e281444b0 1912       3       java.lang.ref.ReferenceQueue::<init> (32 bytes)
Event: 1,535 Thread 0x00007f1e28142f20 nmethod 1909 0x00007f1e18740410 code [0x00007f1e187405c0, 0x00007f1e18740a08]
Event: 1,535 Thread 0x00007f1e281444b0 nmethod 1912 0x00007f1e10ef3090 code [0x00007f1e10ef32a0, 0x00007f1e10ef3b50]
Event: 1,535 Thread 0x00007f1e28142f20 1910   !   4       jdk.internal.misc.Blocker::begin (97 bytes)
Event: 1,535 Thread 0x00007f1e281444b0 1913       1       java.util.concurrent.atomic.AtomicInteger::get (5 bytes)
Event: 1,536 Thread 0x00007f1e281444b0 nmethod 1913 0x00007f1e18740c90 code [0x00007f1e18740e20, 0x00007f1e18740ed0]
Event: 1,536 Thread 0x00007f1e281444b0 1915       3       java.util.ArrayList::toArray (57 bytes)
Event: 1,536 Thread 0x00007f1e281444b0 nmethod 1915 0x00007f1e10ef3e10 code [0x00007f1e10ef4000, 0x00007f1e10ef4550]
Event: 1,536 Thread 0x00007f1e28142f20 nmethod 1910 0x00007f1e18740f90 code [0x00007f1e18741120, 0x00007f1e187411d8]
Event: 1,536 Thread 0x00007f1e28142f20 1914       4       java.util.ArrayList::<init> (61 bytes)
Event: 1,537 Thread 0x00007f1e281444b0 1916       3       java.lang.invoke.MethodHandle::asTypeCached (52 bytes)
Event: 1,537 Thread 0x00007f1e281444b0 nmethod 1916 0x00007f1e10ef4690 code [0x00007f1e10ef4860, 0x00007f1e10ef4cc0]
Event: 1,537 Thread 0x00007f1e28142f20 nmethod 1914 0x00007f1e18741310 code [0x00007f1e187414a0, 0x00007f1e18741818]

GC Heap History (4 events):
Event: 0,697 GC heap before
{Heap before GC invocations=0 (full 0):
 garbage-first heap   total 131072K, used 14304K [0x0000000083c00000, 0x0000000100000000)
  region size 1024K, 13 young (13312K), 0 survivors (0K)
 Metaspace       used 5123K, committed 5312K, reserved 1114112K
  class space    used 516K, committed 576K, reserved 1048576K
}
Event: 0,735 GC heap after
{Heap after GC invocations=1 (full 0):
 garbage-first heap   total 131072K, used 8171K [0x0000000083c00000, 0x0000000100000000)
  region size 1024K, 2 young (2048K), 2 survivors (2048K)
 Metaspace       used 5123K, committed 5312K, reserved 1114112K
  class space    used 516K, committed 576K, reserved 1048576K
}
Event: 1,238 GC heap before
{Heap before GC invocations=1 (full 0):
 garbage-first heap   total 131072K, used 20459K [0x0000000083c00000, 0x0000000100000000)
  region size 1024K, 15 young (15360K), 2 survivors (2048K)
 Metaspace       used 8718K, committed 8960K, reserved 1114112K
  class space    used 952K, committed 1088K, reserved 1048576K
}
Event: 1,241 GC heap after
{Heap after GC invocations=2 (full 0):
 garbage-first heap   total 131072K, used 10160K [0x0000000083c00000, 0x0000000100000000)
  region size 1024K, 2 young (2048K), 2 survivors (2048K)
 Metaspace       used 8718K, committed 8960K, reserved 1114112K
  class space    used 952K, committed 1088K, reserved 1048576K
}

Dll operation events (10 events):
Event: 0,001 Loaded shared library /usr/lib/jvm/java-19-openjdk-amd64/lib/libjava.so
Event: 0,001 Loaded shared library /usr/lib/jvm/java-19-openjdk-amd64/lib/libzip.so
Event: 0,009 Loaded shared library /usr/lib/jvm/java-19-openjdk-amd64/lib/libjsvml.so
Event: 0,148 Loaded shared library /usr/lib/jvm/java-19-openjdk-amd64/lib/libnio.so
Event: 0,149 Loaded shared library /usr/lib/jvm/java-19-openjdk-amd64/lib/libjimage.so
Event: 0,165 Loaded shared library /usr/lib/jvm/java-19-openjdk-amd64/lib/libzip.so
Event: 0,268 Loaded shared library /usr/lib/jvm/java-19-openjdk-amd64/lib/libmanagement.so
Event: 0,283 Loaded shared library /usr/lib/jvm/java-19-openjdk-amd64/lib/libmanagement_ext.so
Event: 0,395 Loaded shared library /usr/lib/jvm/java-19-openjdk-amd64/lib/libnet.so
Event: 0,695 Loaded shared library /usr/lib/jvm/java-19-openjdk-amd64/lib/libextnet.so

Deoptimization events (20 events):
Event: 1,022 Thread 0x00007f1ddc001000 DEOPT PACKING pc=0x00007f1e186e8f78 sp=0x00007f1dfddfc440
Event: 1,022 Thread 0x00007f1ddc001000 DEOPT UNPACKING pc=0x00007f1e18169299 sp=0x00007f1dfddfc3e8 mode 2
Event: 1,352 Thread 0x00007f1db00016d0 DEOPT PACKING pc=0x00007f1e10cf2abc sp=0x00007f1dfdcfb2e0
Event: 1,352 Thread 0x00007f1db00016d0 DEOPT UNPACKING pc=0x00007f1e18169a2f sp=0x00007f1dfdcfa778 mode 0
Event: 1,402 Thread 0x00007f1e28018280 Uncommon trap: trap_request=0xffffff45 fr.pc=0x00007f1e18704328 relative=0x0000000000000228
Event: 1,402 Thread 0x00007f1e28018280 Uncommon trap: reason=unstable_if action=reinterpret pc=0x00007f1e18704328 method=java.util.jar.JarFile.getEntry(Ljava/lang/String;)Ljava/util/zip/ZipEntry; @ 15 c2
Event: 1,402 Thread 0x00007f1e28018280 DEOPT PACKING pc=0x00007f1e18704328 sp=0x00007f1e2e6b0cb0
Event: 1,402 Thread 0x00007f1e28018280 DEOPT UNPACKING pc=0x00007f1e18169299 sp=0x00007f1e2e6b0b90 mode 2
Event: 1,433 Thread 0x00007f1e28018280 DEOPT PACKING pc=0x00007f1e10d44dd2 sp=0x00007f1e2e6b2000
Event: 1,433 Thread 0x00007f1e28018280 DEOPT UNPACKING pc=0x00007f1e18169a2f sp=0x00007f1e2e6b14c0 mode 0
Event: 1,433 Thread 0x00007f1e28018280 DEOPT PACKING pc=0x00007f1e10d44dd2 sp=0x00007f1e2e6b2000
Event: 1,433 Thread 0x00007f1e28018280 DEOPT UNPACKING pc=0x00007f1e18169a2f sp=0x00007f1e2e6b14c0 mode 0
Event: 1,456 Thread 0x00007f1e28018280 Uncommon trap: trap_request=0xffffff45 fr.pc=0x00007f1e1872c0ac relative=0x00000000000002ec
Event: 1,456 Thread 0x00007f1e28018280 Uncommon trap: reason=unstable_if action=reinterpret pc=0x00007f1e1872c0ac method=java.util.regex.Matcher.search(I)Z @ 30 c2
Event: 1,456 Thread 0x00007f1e28018280 DEOPT PACKING pc=0x00007f1e1872c0ac sp=0x00007f1e2e6b3230
Event: 1,456 Thread 0x00007f1e28018280 DEOPT UNPACKING pc=0x00007f1e18169299 sp=0x00007f1e2e6b3200 mode 2
Event: 1,476 Thread 0x00007f1e28018280 Uncommon trap: trap_request=0xffffff45 fr.pc=0x00007f1e186e8468 relative=0x00000000000001c8
Event: 1,476 Thread 0x00007f1e28018280 Uncommon trap: reason=unstable_if action=reinterpret pc=0x00007f1e186e8468 method=java.util.concurrent.locks.ReentrantLock$NonfairSync.initialTryLock()Z @ 10 c2
Event: 1,476 Thread 0x00007f1e28018280 DEOPT PACKING pc=0x00007f1e186e8468 sp=0x00007f1e2e6b37c0
Event: 1,476 Thread 0x00007f1e28018280 DEOPT UNPACKING pc=0x00007f1e18169299 sp=0x00007f1e2e6b36b0 mode 2

Classes loaded (20 events):
Event: 1,536 Loading class org/springframework/core/ResolvableType$DefaultVariableResolver
Event: 1,536 Loading class org/springframework/core/ResolvableType$DefaultVariableResolver done
Event: 1,536 Loading class org/springframework/util/LinkedMultiValueMap
Event: 1,536 Loading class org/springframework/util/LinkedMultiValueMap done
Event: 1,536 Loading class org/springframework/util/MultiValueMapAdapter
Event: 1,536 Loading class org/springframework/util/MultiValueMapAdapter done
Event: 1,537 Loading class org/springframework/boot/context/event/ApplicationStartingEvent
Event: 1,537 Loading class org/springframework/boot/context/event/ApplicationStartingEvent done
Event: 1,537 Loading class org/springframework/boot/context/event/SpringApplicationEvent
Event: 1,537 Loading class org/springframework/boot/context/event/SpringApplicationEvent done
Event: 1,537 Loading class org/springframework/boot/context/event/ApplicationEnvironmentPreparedEvent
Event: 1,537 Loading class org/springframework/boot/context/event/ApplicationEnvironmentPreparedEvent done
Event: 1,537 Loading class org/springframework/boot/context/event/ApplicationPreparedEvent
Event: 1,537 Loading class org/springframework/boot/context/event/ApplicationPreparedEvent done
Event: 1,537 Loading class org/springframework/context/event/ContextClosedEvent
Event: 1,537 Loading class org/springframework/context/event/ContextClosedEvent done
Event: 1,537 Loading class org/springframework/context/event/ApplicationContextEvent
Event: 1,537 Loading class org/springframework/context/event/ApplicationContextEvent done
Event: 1,537 Loading class org/springframework/boot/context/event/ApplicationFailedEvent
Event: 1,537 Loading class org/springframework/boot/context/event/ApplicationFailedEvent done

Classes unloaded (0 events):
No events

Classes redefined (0 events):
No events

Internal exceptions (20 events):
Event: 1,284 Thread 0x00007f1db00016d0 Exception <a 'java/lang/ClassNotFoundException'{0x000000008b309c08}: org/springframework/context/support/LiveBeansView> (0x000000008b309c08) 
thrown [./src/hotspot/share/classfile/systemDictionary.cpp, line 255]
Event: 1,284 Thread 0x00007f1db00016d0 Exception <a 'java/lang/ClassNotFoundException'{0x000000008b309fd0}: org/springframework/context/support/LiveBeansView> (0x000000008b309fd0) 
thrown [./src/hotspot/share/classfile/systemDictionary.cpp, line 255]
Event: 1,284 Thread 0x00007f1db00016d0 Exception <a 'java/lang/ClassNotFoundException'{0x000000008b30a398}: org/springframework/context/support/LiveBeansView> (0x000000008b30a398) 
thrown [./src/hotspot/share/classfile/systemDictionary.cpp, line 255]
Event: 1,284 Thread 0x00007f1db00016d0 Exception <a 'java/lang/ClassNotFoundException'{0x000000008b30a740}: org/springframework/context/support/LiveBeansView> (0x000000008b30a740) 
thrown [./src/hotspot/share/classfile/systemDictionary.cpp, line 255]
Event: 1,284 Thread 0x00007f1db00016d0 Exception <a 'java/lang/ClassNotFoundException'{0x000000008b30ab00}: org/springframework/context/support/LiveBeansView> (0x000000008b30ab00) 
thrown [./src/hotspot/share/classfile/systemDictionary.cpp, line 255]
Event: 1,284 Thread 0x00007f1db00016d0 Exception <a 'java/lang/ClassNotFoundException'{0x000000008b30aeb0}: org/springframework/context/support/LiveBeansView> (0x000000008b30aeb0) 
thrown [./src/hotspot/share/classfile/systemDictionary.cpp, line 255]
Event: 1,297 Thread 0x00007f1db00016d0 Exception <a 'java/lang/ClassNotFoundException'{0x000000008b16f910}: org/springframework/context/support/LiveBeansView> (0x000000008b16f910) 
thrown [./src/hotspot/share/classfile/systemDictionary.cpp, line 255]
Event: 1,297 Thread 0x00007f1db00016d0 Exception <a 'java/lang/ClassNotFoundException'{0x000000008b16fce0}: org/springframework/context/support/LiveBeansView> (0x000000008b16fce0) 
thrown [./src/hotspot/share/classfile/systemDictionary.cpp, line 255]
Event: 1,297 Thread 0x00007f1db00016d0 Exception <a 'java/lang/ClassNotFoundException'{0x000000008b170098}: org/springframework/context/support/LiveBeansView> (0x000000008b170098) 
thrown [./src/hotspot/share/classfile/systemDictionary.cpp, line 255]
Event: 1,297 Thread 0x00007f1db00016d0 Exception <a 'java/lang/ClassNotFoundException'{0x000000008b170450}: org/springframework/context/support/LiveBeansView> (0x000000008b170450) 
thrown [./src/hotspot/share/classfile/systemDictionary.cpp, line 255]
Event: 1,300 Thread 0x00007f1db00016d0 Exception <a 'java/lang/NoSuchMethodError'{0x000000008b17d6e0}: 'java.lang.Object java.lang.invoke.DirectMethodHandle$Holder.invokeInterface(java.lang.Object, java.lang.Object, java.lang.Object, java.lang.Object, java.lang.Object, java.lang.Object, java.lang.Object)'> (0x000000008b17d6e0) 
thrown [./src/hotspot/share/interpreter/linkResolver.cpp, line 773]
Event: 1,350 Thread 0x00007f1db00016d0 Exception <a 'java/lang/NoSuchMethodError'{0x000000008b0086c8}: static [Ljava/lang/StackTraceElement;.<clinit>()V> (0x000000008b0086c8) 
thrown [./src/hotspot/share/prims/jni.cpp, line 1107]
Event: 1,391 Thread 0x00007f1e28018280 Exception <a 'java/lang/NoSuchMethodError'{0x000000008afa63c0}: 'java.lang.Object java.lang.invoke.DirectMethodHandle$Holder.invokeStatic(java.lang.Object, long, int, java.lang.Object)'> (0x000000008afa63c0) 
thrown [./src/hotspot/share/interpreter/linkResolver.cpp, line 773]
Event: 1,391 Thread 0x00007f1e28018280 Exception <a 'java/lang/NoSuchMethodError'{0x000000008afacdf8}: 'java.lang.Object java.lang.invoke.DirectMethodHandle$Holder.newInvokeSpecial(java.lang.Object, long, int, java.lang.Object)'> (0x000000008afacdf8) 
thrown [./src/hotspot/share/interpreter/linkResolver.cpp, line 773]
Event: 1,392 Thread 0x00007f1e28018280 Exception <a 'java/lang/NoSuchMethodError'{0x000000008afb0de0}: 'java.lang.Object java.lang.invoke.DirectMethodHandle$Holder.invokeSpecial(java.lang.Object, java.lang.Object, long, int, java.lang.Object)'> (0x000000008afb0de0) 
thrown [./src/hotspot/share/interpreter/linkResolver.cpp, line 773]
Event: 1,401 Thread 0x00007f1e28018280 Exception <a 'java/lang/NoSuchMethodError'{0x000000008ae0b7c8}: 'void java.lang.invoke.DirectMethodHandle$Holder.invokeStatic(java.lang.Object, java.lang.Object, java.lang.Object, java.lang.Object)'> (0x000000008ae0b7c8) 
thrown [./src/hotspot/share/interpreter/linkResolver.cpp, line 773]
Event: 1,401 Thread 0x00007f1e28018280 Exception <a 'java/lang/NoSuchMethodError'{0x000000008ae0f478}: 'void java.lang.invoke.DirectMethodHandle$Holder.invokeStaticInit(java.lang.Object, java.lang.Object, java.lang.Object, java.lang.Object)'> (0x000000008ae0f478) 
thrown [./src/hotspot/share/interpreter/linkResolver.cpp, line 773]
Event: 1,452 Thread 0x00007f1e28018280 Exception <a 'java/lang/NoSuchMethodError'{0x000000008acde360}: 'java.lang.Object java.lang.invoke.Invokers$Holder.invokeExact_MT(java.lang.Object, java.lang.Object, java.lang.Object, java.lang.Object, java.lang.Object)'> (0x000000008acde360) 
thrown [./src/hotspot/share/interpreter/linkResolver.cpp, line 773]
Event: 1,515 Thread 0x00007f1e28018280 Exception <a 'java/lang/NoSuchMethodError'{0x000000008a6c2040}: 'int java.lang.invoke.DirectMethodHandle$Holder.invokeStaticInit(java.lang.Object, java.lang.Object)'> (0x000000008a6c2040) 
thrown [./src/hotspot/share/interpreter/linkResolver.cpp, line 773]
Event: 1,519 Thread 0x00007f1e28018280 Exception <a 'java/lang/NoSuchMethodError'{0x000000008a6fa3b0}: 'void java.lang.invoke.DirectMethodHandle$Holder.invokeInterface(java.lang.Object, java.lang.Object, java.lang.Object, java.lang.Object)'> (0x000000008a6fa3b0) 
thrown [./src/hotspot/share/interpreter/linkResolver.cpp, line 773]

VM Operations (20 events):
Event: 0,697 Executing VM operation: G1CollectForAllocation
Event: 0,735 Executing VM operation: G1CollectForAllocation done
Event: 0,752 Executing VM operation: HandshakeAllThreads
Event: 0,755 Executing VM operation: HandshakeAllThreads done
Event: 0,775 Executing VM operation: HandshakeAllThreads
Event: 0,775 Executing VM operation: HandshakeAllThreads done
Event: 0,808 Executing VM operation: HandshakeAllThreads
Event: 0,808 Executing VM operation: HandshakeAllThreads done
Event: 0,955 Executing VM operation: HandshakeAllThreads
Event: 0,959 Executing VM operation: HandshakeAllThreads done
Event: 1,003 Executing VM operation: HandshakeAllThreads
Event: 1,008 Executing VM operation: HandshakeAllThreads done
Event: 1,172 Executing VM operation: HandshakeAllThreads
Event: 1,174 Executing VM operation: HandshakeAllThreads done
Event: 1,235 Executing VM operation: G1CollectForAllocation
Event: 1,236 Executing VM operation: G1CollectForAllocation done
Event: 1,238 Executing VM operation: G1CollectForAllocation
Event: 1,241 Executing VM operation: G1CollectForAllocation done
Event: 1,447 Executing VM operation: HandshakeAllThreads
Event: 1,447 Executing VM operation: HandshakeAllThreads done

Events (20 events):
Event: 0,102 Thread 0x00007f1e2815ab10 Thread added: 0x00007f1e2815ab10
Event: 0,114 Protecting memory [0x00007f1e0c6ac000,0x00007f1e0c6b0000] with protection modes 0
Event: 0,141 Thread 0x00007f1e28188300 Thread added: 0x00007f1e28188300
Event: 0,151 Protecting memory [0x00007f1e0c5ac000,0x00007f1e0c5b0000] with protection modes 0
Event: 0,180 Thread 0x00007f1dcc0f1d00 Thread added: 0x00007f1dcc0f1d00
Event: 0,180 Protecting memory [0x00007f1e0c47b000,0x00007f1e0c47f000] with protection modes 0
Event: 0,740 Thread 0x00007f1e28629e50 Thread added: 0x00007f1e28629e50
Event: 0,754 Protecting memory [0x00007f1e0c177000,0x00007f1e0c17b000] with protection modes 0
Event: 0,766 Thread 0x00007f1e2863bb50 Thread added: 0x00007f1e2863bb50
Event: 0,775 Protecting memory [0x00007f1e0c077000,0x00007f1e0c07b000] with protection modes 0
Event: 0,844 Thread 0x00007f1e285ccb30 Thread added: 0x00007f1e285ccb30
Event: 0,844 Protecting memory [0x00007f1dfdf00000,0x00007f1dfdf04000] with protection modes 0
Event: 0,847 Thread 0x00007f1ddc001000 Thread added: 0x00007f1ddc001000
Event: 0,847 Protecting memory [0x00007f1dfdcfe000,0x00007f1dfdd02000] with protection modes 0
Event: 1,068 Thread 0x00007f1db00016d0 Thread added: 0x00007f1db00016d0
Event: 1,068 Protecting memory [0x00007f1dfdbfe000,0x00007f1dfdc02000] with protection modes 0
Event: 1,133 Thread 0x00007f1d9c00e7f0 Thread added: 0x00007f1d9c00e7f0
Event: 1,134 Protecting memory [0x00007f1dfdafe000,0x00007f1dfdb02000] with protection modes 0
Event: 1,168 Thread 0x00007f1d9c015040 Thread added: 0x00007f1d9c015040
Event: 1,171 Protecting memory [0x00007f1dfd9fe000,0x00007f1dfda02000] with protection modes 0


Dynamic libraries:
83c00000-8ba00000 rw-p 00000000 00:00 0 
8ba00000-ffe00000 ---p 00000000 00:00 0 
ffe00000-ffe77000 rw-p 00d0d000 08:03 3174245                            /usr/lib/jvm/java-19-openjdk-amd64/lib/server/classes.jsa
ffe77000-fff00000 rw-p 00000000 00:00 0 
fff00000-fff81000 rw-p 00c8c000 08:03 3174245                            /usr/lib/jvm/java-19-openjdk-amd64/lib/server/classes.jsa
fff81000-100000000 rw-p 00000000 00:00 0 
800000000-800472000 rw-p 00001000 08:03 3174245                          /usr/lib/jvm/java-19-openjdk-amd64/lib/server/classes.jsa
800472000-800c51000 r--p 00473000 08:03 3174245                          /usr/lib/jvm/java-19-openjdk-amd64/lib/server/classes.jsa
800c51000-801000000 ---p 00000000 00:00 0 
801000000-801020000 rw-p 00000000 00:00 0 
801020000-801040000 rw-p 00000000 00:00 0 
801040000-8010c0000 rw-p 00000000 00:00 0 
8010c0000-801180000 rw-p 00000000 00:00 0 
801180000-841000000 ---p 00000000 00:00 0 
55b288438000-55b288439000 r--p 00000000 08:03 3174093                    /usr/lib/jvm/java-19-openjdk-amd64/bin/java
55b288439000-55b28843a000 r-xp 00001000 08:03 3174093                    /usr/lib/jvm/java-19-openjdk-amd64/bin/java
55b28843a000-55b28843b000 r--p 00002000 08:03 3174093                    /usr/lib/jvm/java-19-openjdk-amd64/bin/java
55b28843b000-55b28843c000 r--p 00002000 08:03 3174093                    /usr/lib/jvm/java-19-openjdk-amd64/bin/java
55b28843c000-55b28843d000 rw-p 00003000 08:03 3174093                    /usr/lib/jvm/java-19-openjdk-amd64/bin/java
55b28897b000-55b2889c4000 rw-p 00000000 00:00 0                          [heap]
7f1d94000000-7f1d94028000 rw-p 00000000 00:00 0 
7f1d94028000-7f1d98000000 ---p 00000000 00:00 0 
7f1d98000000-7f1d98021000 rw-p 00000000 00:00 0 
7f1d98021000-7f1d9c000000 ---p 00000000 00:00 0 
7f1d9c000000-7f1d9c04a000 rw-p 00000000 00:00 0 
7f1d9c04a000-7f1da0000000 ---p 00000000 00:00 0 
7f1da0000000-7f1da0021000 rw-p 00000000 00:00 0 
7f1da0021000-7f1da4000000 ---p 00000000 00:00 0 
7f1da4000000-7f1da4021000 rw-p 00000000 00:00 0 
7f1da4021000-7f1da8000000 ---p 00000000 00:00 0 
7f1da8000000-7f1da8036000 rw-p 00000000 00:00 0 
7f1da8036000-7f1dac000000 ---p 00000000 00:00 0 
7f1dac000000-7f1dac021000 rw-p 00000000 00:00 0 
7f1dac021000-7f1db0000000 ---p 00000000 00:00 0 
7f1db0000000-7f1db0021000 rw-p 00000000 00:00 0 
7f1db0021000-7f1db4000000 ---p 00000000 00:00 0 
7f1db4000000-7f1db4021000 rw-p 00000000 00:00 0 
7f1db4021000-7f1db8000000 ---p 00000000 00:00 0 
7f1db8000000-7f1db8021000 rw-p 00000000 00:00 0 
7f1db8021000-7f1dbc000000 ---p 00000000 00:00 0 
7f1dbc000000-7f1dbc409000 rw-p 00000000 00:00 0 
7f1dbc409000-7f1dc0000000 ---p 00000000 00:00 0 
7f1dc0000000-7f1dc0021000 rw-p 00000000 00:00 0 
7f1dc0021000-7f1dc4000000 ---p 00000000 00:00 0 
7f1dc4000000-7f1dc4021000 rw-p 00000000 00:00 0 
7f1dc4021000-7f1dc8000000 ---p 00000000 00:00 0 
7f1dc8000000-7f1dc8021000 rw-p 00000000 00:00 0 
7f1dc8021000-7f1dcc000000 ---p 00000000 00:00 0 
7f1dcc000000-7f1dcc47d000 rw-p 00000000 00:00 0 
7f1dcc47d000-7f1dd0000000 ---p 00000000 00:00 0 
7f1dd0000000-7f1dd0021000 rw-p 00000000 00:00 0 
7f1dd0021000-7f1dd4000000 ---p 00000000 00:00 0 
7f1dd4000000-7f1dd4021000 rw-p 00000000 00:00 0 
7f1dd4021000-7f1dd8000000 ---p 00000000 00:00 0 
7f1dd8000000-7f1dd8545000 rw-p 00000000 00:00 0 
7f1dd8545000-7f1ddc000000 ---p 00000000 00:00 0 
7f1ddc000000-7f1ddc021000 rw-p 00000000 00:00 0 
7f1ddc021000-7f1de0000000 ---p 00000000 00:00 0 
7f1de0000000-7f1de0021000 rw-p 00000000 00:00 0 
7f1de0021000-7f1de4000000 ---p 00000000 00:00 0 
7f1de4000000-7f1de4021000 rw-p 00000000 00:00 0 
7f1de4021000-7f1de8000000 ---p 00000000 00:00 0 
7f1de8000000-7f1de8021000 rw-p 00000000 00:00 0 
7f1de8021000-7f1dec000000 ---p 00000000 00:00 0 
7f1dec000000-7f1dec021000 rw-p 00000000 00:00 0 
7f1dec021000-7f1df0000000 ---p 00000000 00:00 0 
7f1df0000000-7f1df0021000 rw-p 00000000 00:00 0 
7f1df0021000-7f1df4000000 ---p 00000000 00:00 0 
7f1df4000000-7f1df4400000 rw-p 00000000 00:00 0 
7f1df4400000-7f1df4500000 rw-p 00000000 00:00 0 
7f1df4500000-7f1df4700000 rw-p 00000000 00:00 0 
7f1df4700000-7f1df4800000 rw-p 00000000 00:00 0 
7f1df4800000-7f1df4900000 rw-p 00000000 00:00 0 
7f1df4900000-7f1df4970000 rw-p 00000000 00:00 0 
7f1df4970000-7f1df4a00000 ---p 00000000 00:00 0 
7f1df4a00000-7f1df4b30000 rw-p 00000000 00:00 0 
7f1df4b30000-7f1df8000000 ---p 00000000 00:00 0 
7f1df8000000-7f1df8021000 rw-p 00000000 00:00 0 
7f1df8021000-7f1dfc000000 ---p 00000000 00:00 0 
7f1dfd8fc000-7f1dfd8fd000 ---p 00000000 00:00 0 
7f1dfd8fd000-7f1dfd9fe000 rw-p 00000000 00:00 0 
7f1dfd9fe000-7f1dfda02000 ---p 00000000 00:00 0 
7f1dfda02000-7f1dfdafe000 rw-p 00000000 00:00 0 
7f1dfdafe000-7f1dfdb02000 ---p 00000000 00:00 0 
7f1dfdb02000-7f1dfdbfe000 rw-p 00000000 00:00 0 
7f1dfdbfe000-7f1dfdc02000 ---p 00000000 00:00 0 
7f1dfdc02000-7f1dfdcfe000 rw-p 00000000 00:00 0 
7f1dfdcfe000-7f1dfdd02000 ---p 00000000 00:00 0 
7f1dfdd02000-7f1dfddfe000 rw-p 00000000 00:00 0 
7f1dfddfe000-7f1dfddff000 ---p 00000000 00:00 0 
7f1dfddff000-7f1dfdf00000 rw-p 00000000 00:00 0 
7f1dfdf00000-7f1dfdf04000 ---p 00000000 00:00 0 
7f1dfdf04000-7f1e00000000 rw-p 00000000 00:00 0 
7f1e00000000-7f1e00021000 rw-p 00000000 00:00 0 
7f1e00021000-7f1e04000000 ---p 00000000 00:00 0 
7f1e04000000-7f1e04021000 rw-p 00000000 00:00 0 
7f1e04021000-7f1e08000000 ---p 00000000 00:00 0 
7f1e08000000-7f1e08021000 rw-p 00000000 00:00 0 
7f1e08021000-7f1e0c000000 ---p 00000000 00:00 0 
7f1e0c070000-7f1e0c077000 r--s 00000000 08:03 661425                     /usr/lib/x86_64-linux-gnu/gconv/gconv-modules.cache
7f1e0c077000-7f1e0c07b000 ---p 00000000 00:00 0 
7f1e0c07b000-7f1e0c177000 rw-p 00000000 00:00 0 
7f1e0c177000-7f1e0c17b000 ---p 00000000 00:00 0 
7f1e0c17b000-7f1e0c277000 rw-p 00000000 00:00 0 
7f1e0c277000-7f1e0c278000 ---p 00000000 00:00 0 
7f1e0c278000-7f1e0c379000 rw-p 00000000 00:00 0 
7f1e0c379000-7f1e0c37a000 ---p 00000000 00:00 0 
7f1e0c37a000-7f1e0c47b000 rw-p 00000000 00:00 0 
7f1e0c47b000-7f1e0c47f000 ---p 00000000 00:00 0 
7f1e0c47f000-7f1e0c5ac000 rw-p 00000000 00:00 0 
7f1e0c5ac000-7f1e0c5b0000 ---p 00000000 00:00 0 
7f1e0c5b0000-7f1e0c6ac000 rw-p 00000000 00:00 0 
7f1e0c6ac000-7f1e0c6b0000 ---p 00000000 00:00 0 
7f1e0c6b0000-7f1e0c7ac000 rw-p 00000000 00:00 0 
7f1e0c7ac000-7f1e0c7b0000 ---p 00000000 00:00 0 
7f1e0c7b0000-7f1e0c8ac000 rw-p 00000000 00:00 0 
7f1e0c8ac000-7f1e0c8b0000 ---p 00000000 00:00 0 
7f1e0c8b0000-7f1e0c9ac000 rw-p 00000000 00:00 0 
7f1e0c9ac000-7f1e0c9b0000 ---p 00000000 00:00 0 
7f1e0c9b0000-7f1e0caac000 rw-p 00000000 00:00 0 
7f1e0caac000-7f1e0cab0000 ---p 00000000 00:00 0 
7f1e0cab0000-7f1e0cbac000 rw-p 00000000 00:00 0 
7f1e0cbac000-7f1e0cbb0000 ---p 00000000 00:00 0 
7f1e0cbb0000-7f1e0ccac000 rw-p 00000000 00:00 0 
7f1e0ccac000-7f1e0ccb0000 ---p 00000000 00:00 0 
7f1e0ccb0000-7f1e0cfa4000 rw-p 00000000 00:00 0 
7f1e0cfa4000-7f1e0ecb4000 ---p 00000000 00:00 0 
7f1e0ecb4000-7f1e0eeb4000 rw-p 00000000 00:00 0 
7f1e0eeb4000-7f1e10bc4000 ---p 00000000 00:00 0 
7f1e10bc4000-7f1e10bcc000 rw-p 00000000 00:00 0 
7f1e10bcc000-7f1e10f0c000 rwxp 00000000 00:00 0 
7f1e10f0c000-7f1e18103000 ---p 00000000 00:00 0 
7f1e18103000-7f1e18373000 rwxp 00000000 00:00 0 
7f1e18373000-7f1e18694000 ---p 00000000 00:00 0 
7f1e18694000-7f1e18904000 rwxp 00000000 00:00 0 
7f1e18904000-7f1e1fbcc000 ---p 00000000 00:00 0 
7f1e1fbcc000-7f1e28000000 r--s 00000000 08:03 3174242                    /usr/lib/jvm/java-19-openjdk-amd64/lib/modules
7f1e28000000-7f1e288a5000 rw-p 00000000 00:00 0 
7f1e288a5000-7f1e2c000000 ---p 00000000 00:00 0 
7f1e2c002000-7f1e2c004000 r--p 00000000 08:03 3174231                    /usr/lib/jvm/java-19-openjdk-amd64/lib/libmanagement_ext.so
7f1e2c004000-7f1e2c007000 r-xp 00002000 08:03 3174231                    /usr/lib/jvm/java-19-openjdk-amd64/lib/libmanagement_ext.so
7f1e2c007000-7f1e2c009000 r--p 00005000 08:03 3174231                    /usr/lib/jvm/java-19-openjdk-amd64/lib/libmanagement_ext.so
7f1e2c009000-7f1e2c00a000 r--p 00006000 08:03 3174231                    /usr/lib/jvm/java-19-openjdk-amd64/lib/libmanagement_ext.so
7f1e2c00a000-7f1e2c00b000 rw-p 00007000 08:03 3174231                    /usr/lib/jvm/java-19-openjdk-amd64/lib/libmanagement_ext.so
7f1e2c00b000-7f1e2c00d000 r--p 00000000 08:03 3174229                    /usr/lib/jvm/java-19-openjdk-amd64/lib/libmanagement.so
7f1e2c00d000-7f1e2c00e000 r-xp 00002000 08:03 3174229                    /usr/lib/jvm/java-19-openjdk-amd64/lib/libmanagement.so
7f1e2c00e000-7f1e2c00f000 r--p 00003000 08:03 3174229                    /usr/lib/jvm/java-19-openjdk-amd64/lib/libmanagement.so
7f1e2c00f000-7f1e2c010000 r--p 00003000 08:03 3174229                    /usr/lib/jvm/java-19-openjdk-amd64/lib/libmanagement.so
7f1e2c010000-7f1e2c011000 rw-p 00004000 08:03 3174229                    /usr/lib/jvm/java-19-openjdk-amd64/lib/libmanagement.so
7f1e2c011000-7f1e2c014000 r--p 00000000 08:03 3174233                    /usr/lib/jvm/java-19-openjdk-amd64/lib/libnet.so
7f1e2c014000-7f1e2c01d000 r-xp 00003000 08:03 3174233                    /usr/lib/jvm/java-19-openjdk-amd64/lib/libnet.so
7f1e2c01d000-7f1e2c01f000 r--p 0000c000 08:03 3174233                    /usr/lib/jvm/java-19-openjdk-amd64/lib/libnet.so
7f1e2c01f000-7f1e2c020000 ---p 0000e000 08:03 3174233                    /usr/lib/jvm/java-19-openjdk-amd64/lib/libnet.so
7f1e2c020000-7f1e2c021000 r--p 0000e000 08:03 3174233                    /usr/lib/jvm/java-19-openjdk-amd64/lib/libnet.so
7f1e2c021000-7f1e2c022000 rw-p 0000f000 08:03 3174233                    /usr/lib/jvm/java-19-openjdk-amd64/lib/libnet.so
7f1e2c022000-7f1e2c029000 r--p 00000000 08:03 3174234                    /usr/lib/jvm/java-19-openjdk-amd64/lib/libnio.so
7f1e2c029000-7f1e2c032000 r-xp 00007000 08:03 3174234                    /usr/lib/jvm/java-19-openjdk-amd64/lib/libnio.so
7f1e2c032000-7f1e2c036000 r--p 00010000 08:03 3174234                    /usr/lib/jvm/java-19-openjdk-amd64/lib/libnio.so
7f1e2c036000-7f1e2c037000 ---p 00014000 08:03 3174234                    /usr/lib/jvm/java-19-openjdk-amd64/lib/libnio.so
7f1e2c037000-7f1e2c038000 r--p 00014000 08:03 3174234                    /usr/lib/jvm/java-19-openjdk-amd64/lib/libnio.so
7f1e2c038000-7f1e2c039000 rw-p 00015000 08:03 3174234                    /usr/lib/jvm/java-19-openjdk-amd64/lib/libnio.so
7f1e2c039000-7f1e2c03d000 ---p 00000000 00:00 0 
7f1e2c03d000-7f1e2c139000 rw-p 00000000 00:00 0 
7f1e2c139000-7f1e2c13d000 ---p 00000000 00:00 0 
7f1e2c13d000-7f1e2c239000 rw-p 00000000 00:00 0 
7f1e2c239000-7f1e2c7ad000 r--p 00000000 08:03 3152617                    /usr/lib/locale/locale-archive
7f1e2c7ad000-7f1e2c7ae000 ---p 00000000 00:00 0 
7f1e2c7ae000-7f1e2c8af000 rw-p 00000000 00:00 0 
7f1e2c8af000-7f1e2c8b4000 r--p 00000000 08:03 3174227                    /usr/lib/jvm/java-19-openjdk-amd64/lib/libjsvml.so
7f1e2c8b4000-7f1e2c8f5000 r-xp 00005000 08:03 3174227                    /usr/lib/jvm/java-19-openjdk-amd64/lib/libjsvml.so
7f1e2c8f5000-7f1e2c97e000 r--p 00046000 08:03 3174227                    /usr/lib/jvm/java-19-openjdk-amd64/lib/libjsvml.so
7f1e2c97e000-7f1e2c97f000 r--p 000ce000 08:03 3174227                    /usr/lib/jvm/java-19-openjdk-amd64/lib/libjsvml.so
7f1e2c97f000-7f1e2c980000 rw-p 000cf000 08:03 3174227                    /usr/lib/jvm/java-19-openjdk-amd64/lib/libjsvml.so
7f1e2c980000-7f1e2ca9d000 rw-p 00000000 00:00 0 
7f1e2ca9d000-7f1e2ca9e000 ---p 00000000 00:00 0 
7f1e2ca9e000-7f1e2cb9f000 rw-p 00000000 00:00 0 
7f1e2cb9f000-7f1e2cba0000 ---p 00000000 00:00 0 
7f1e2cba0000-7f1e2d0a5000 rw-p 00000000 00:00 0 
7f1e2d0a5000-7f1e2d0a6000 ---p 00000000 00:00 0 
7f1e2d0a6000-7f1e2d1a7000 rw-p 00000000 00:00 0 
7f1e2d1a7000-7f1e2d1a8000 ---p 00000000 00:00 0 
7f1e2d1a8000-7f1e2d2a9000 rw-p 00000000 00:00 0 
7f1e2d2a9000-7f1e2d2aa000 ---p 00000000 00:00 0 
7f1e2d2aa000-7f1e2d42d000 rw-p 00000000 00:00 0 
7f1e2d42d000-7f1e2d7cf000 ---p 00000000 00:00 0 
7f1e2d7cf000-7f1e2d80f000 rw-p 00000000 00:00 0 
7f1e2d80f000-7f1e2dbb1000 ---p 00000000 00:00 0 
7f1e2dbb1000-7f1e2dbf1000 rw-p 00000000 00:00 0 
7f1e2dbf1000-7f1e2df93000 ---p 00000000 00:00 0 
7f1e2df93000-7f1e2e39d000 rw-p 00000000 00:00 0 
7f1e2e39d000-7f1e2e483000 ---p 00000000 00:00 0 
7f1e2e483000-7f1e2e48a000 rw-p 00000000 00:00 0 
7f1e2e48a000-7f1e2e56e000 ---p 00000000 00:00 0 
7f1e2e56e000-7f1e2e573000 rw-p 00000000 00:00 0 
7f1e2e573000-7f1e2e57a000 ---p 00000000 00:00 0 
7f1e2e57a000-7f1e2e57c000 r--p 00000000 08:03 3174241                    /usr/lib/jvm/java-19-openjdk-amd64/lib/libzip.so
7f1e2e57c000-7f1e2e581000 r-xp 00002000 08:03 3174241                    /usr/lib/jvm/java-19-openjdk-amd64/lib/libzip.so
7f1e2e581000-7f1e2e583000 r--p 00007000 08:03 3174241                    /usr/lib/jvm/java-19-openjdk-amd64/lib/libzip.so
7f1e2e583000-7f1e2e584000 r--p 00008000 08:03 3174241                    /usr/lib/jvm/java-19-openjdk-amd64/lib/libzip.so
7f1e2e584000-7f1e2e585000 rw-p 00009000 08:03 3174241                    /usr/lib/jvm/java-19-openjdk-amd64/lib/libzip.so
7f1e2e585000-7f1e2e592000 r--p 00000000 08:03 3174220                    /usr/lib/jvm/java-19-openjdk-amd64/lib/libjava.so
7f1e2e592000-7f1e2e5a4000 r-xp 0000d000 08:03 3174220                    /usr/lib/jvm/java-19-openjdk-amd64/lib/libjava.so
7f1e2e5a4000-7f1e2e5aa000 r--p 0001f000 08:03 3174220                    /usr/lib/jvm/java-19-openjdk-amd64/lib/libjava.so
7f1e2e5aa000-7f1e2e5ab000 ---p 00025000 08:03 3174220                    /usr/lib/jvm/java-19-openjdk-amd64/lib/libjava.so
7f1e2e5ab000-7f1e2e5ac000 r--p 00025000 08:03 3174220                    /usr/lib/jvm/java-19-openjdk-amd64/lib/libjava.so
7f1e2e5ac000-7f1e2e5ad000 rw-p 00026000 08:03 3174220                    /usr/lib/jvm/java-19-openjdk-amd64/lib/libjava.so
7f1e2e5ad000-7f1e2e5ae000 rw-p 00000000 00:00 0 
7f1e2e5ae000-7f1e2e5b6000 rw-s 00000000 08:03 2883777                    /tmp/hsperfdata_aluno/167553
7f1e2e5b6000-7f1e2e5ba000 ---p 00000000 00:00 0 
7f1e2e5ba000-7f1e2e6b6000 rw-p 00000000 00:00 0 
7f1e2e6b6000-7f1e2e6b9000 r--p 00000000 08:03 3153795                    /usr/lib/x86_64-linux-gnu/libgcc_s.so.1
7f1e2e6b9000-7f1e2e6d0000 r-xp 00003000 08:03 3153795                    /usr/lib/x86_64-linux-gnu/libgcc_s.so.1
7f1e2e6d0000-7f1e2e6d4000 r--p 0001a000 08:03 3153795                    /usr/lib/x86_64-linux-gnu/libgcc_s.so.1
7f1e2e6d4000-7f1e2e6d5000 r--p 0001d000 08:03 3153795                    /usr/lib/x86_64-linux-gnu/libgcc_s.so.1
7f1e2e6d5000-7f1e2e6d6000 rw-p 0001e000 08:03 3153795                    /usr/lib/x86_64-linux-gnu/libgcc_s.so.1
7f1e2e6d6000-7f1e2e6e4000 r--p 00000000 08:03 3154138                    /usr/lib/x86_64-linux-gnu/libm.so.6
7f1e2e6e4000-7f1e2e760000 r-xp 0000e000 08:03 3154138                    /usr/lib/x86_64-linux-gnu/libm.so.6
7f1e2e760000-7f1e2e7bb000 r--p 0008a000 08:03 3154138                    /usr/lib/x86_64-linux-gnu/libm.so.6
7f1e2e7bb000-7f1e2e7bc000 r--p 000e4000 08:03 3154138                    /usr/lib/x86_64-linux-gnu/libm.so.6
7f1e2e7bc000-7f1e2e7bd000 rw-p 000e5000 08:03 3154138                    /usr/lib/x86_64-linux-gnu/libm.so.6
7f1e2e7bd000-7f1e2e857000 r--p 00000000 08:03 3154618                    /usr/lib/x86_64-linux-gnu/libstdc++.so.6.0.30
7f1e2e857000-7f1e2e967000 r-xp 0009a000 08:03 3154618                    /usr/lib/x86_64-linux-gnu/libstdc++.so.6.0.30
7f1e2e967000-7f1e2e9d6000 r--p 001aa000 08:03 3154618                    /usr/lib/x86_64-linux-gnu/libstdc++.so.6.0.30
7f1e2e9d6000-7f1e2e9e1000 r--p 00218000 08:03 3154618                    /usr/lib/x86_64-linux-gnu/libstdc++.so.6.0.30
7f1e2e9e1000-7f1e2e9e4000 rw-p 00223000 08:03 3154618                    /usr/lib/x86_64-linux-gnu/libstdc++.so.6.0.30
7f1e2e9e4000-7f1e2e9e7000 rw-p 00000000 00:00 0 
7f1e2e9e7000-7f1e2ec74000 r--p 00000000 08:03 3174248                    /usr/lib/jvm/java-19-openjdk-amd64/lib/server/libjvm.so
7f1e2ec74000-7f1e2fa28000 r-xp 0028d000 08:03 3174248                    /usr/lib/jvm/java-19-openjdk-amd64/lib/server/libjvm.so
7f1e2fa28000-7f1e2fcd0000 r--p 01041000 08:03 3174248                    /usr/lib/jvm/java-19-openjdk-amd64/lib/server/libjvm.so
7f1e2fcd0000-7f1e2fcd1000 ---p 012e9000 08:03 3174248                    /usr/lib/jvm/java-19-openjdk-amd64/lib/server/libjvm.so
7f1e2fcd1000-7f1e2fd9d000 r--p 012e9000 08:03 3174248                    /usr/lib/jvm/java-19-openjdk-amd64/lib/server/libjvm.so
7f1e2fd9d000-7f1e2fdd3000 rw-p 013b5000 08:03 3174248                    /usr/lib/jvm/java-19-openjdk-amd64/lib/server/libjvm.so
7f1e2fdd3000-7f1e2fe32000 rw-p 00000000 00:00 0 
7f1e2fe32000-7f1e2fe34000 r--p 00000000 08:03 3154912                    /usr/lib/x86_64-linux-gnu/libz.so.1.2.11
7f1e2fe34000-7f1e2fe45000 r-xp 00002000 08:03 3154912                    /usr/lib/x86_64-linux-gnu/libz.so.1.2.11
7f1e2fe45000-7f1e2fe4b000 r--p 00013000 08:03 3154912                    /usr/lib/x86_64-linux-gnu/libz.so.1.2.11
7f1e2fe4b000-7f1e2fe4c000 ---p 00019000 08:03 3154912                    /usr/lib/x86_64-linux-gnu/libz.so.1.2.11
7f1e2fe4c000-7f1e2fe4d000 r--p 00019000 08:03 3154912                    /usr/lib/x86_64-linux-gnu/libz.so.1.2.11
7f1e2fe4d000-7f1e2fe4e000 rw-p 0001a000 08:03 3154912                    /usr/lib/x86_64-linux-gnu/libz.so.1.2.11
7f1e2fe4e000-7f1e2fe76000 r--p 00000000 08:03 3153441                    /usr/lib/x86_64-linux-gnu/libc.so.6
7f1e2fe76000-7f1e3000b000 r-xp 00028000 08:03 3153441                    /usr/lib/x86_64-linux-gnu/libc.so.6
7f1e3000b000-7f1e30063000 r--p 001bd000 08:03 3153441                    /usr/lib/x86_64-linux-gnu/libc.so.6
7f1e30063000-7f1e30067000 r--p 00214000 08:03 3153441                    /usr/lib/x86_64-linux-gnu/libc.so.6
7f1e30067000-7f1e30069000 rw-p 00218000 08:03 3153441                    /usr/lib/x86_64-linux-gnu/libc.so.6
7f1e30069000-7f1e30076000 rw-p 00000000 00:00 0 
7f1e30076000-7f1e30077000 r--p 00000000 08:03 3174213                    /usr/lib/jvm/java-19-openjdk-amd64/lib/libextnet.so
7f1e30077000-7f1e30078000 r-xp 00001000 08:03 3174213                    /usr/lib/jvm/java-19-openjdk-amd64/lib/libextnet.so
7f1e30078000-7f1e30079000 r--p 00002000 08:03 3174213                    /usr/lib/jvm/java-19-openjdk-amd64/lib/libextnet.so
7f1e30079000-7f1e3007a000 r--p 00002000 08:03 3174213                    /usr/lib/jvm/java-19-openjdk-amd64/lib/libextnet.so
7f1e3007a000-7f1e3007b000 rw-p 00003000 08:03 3174213                    /usr/lib/jvm/java-19-openjdk-amd64/lib/libextnet.so
7f1e3007b000-7f1e3007d000 r--s 0000c000 08:03 805458                     /usr/share/java/java-atk-wrapper.jar
7f1e3007d000-7f1e3007e000 ---p 00000000 00:00 0 
7f1e3007e000-7f1e3007f000 r--p 00000000 00:00 0 
7f1e3007f000-7f1e30081000 r--p 00000000 08:03 3174223                    /usr/lib/jvm/java-19-openjdk-amd64/lib/libjimage.so
7f1e30081000-7f1e30084000 r-xp 00002000 08:03 3174223                    /usr/lib/jvm/java-19-openjdk-amd64/lib/libjimage.so
7f1e30084000-7f1e30085000 r--p 00005000 08:03 3174223                    /usr/lib/jvm/java-19-openjdk-amd64/lib/libjimage.so
7f1e30085000-7f1e30086000 ---p 00006000 08:03 3174223                    /usr/lib/jvm/java-19-openjdk-amd64/lib/libjimage.so
7f1e30086000-7f1e30087000 r--p 00006000 08:03 3174223                    /usr/lib/jvm/java-19-openjdk-amd64/lib/libjimage.so
7f1e30087000-7f1e30088000 rw-p 00007000 08:03 3174223                    /usr/lib/jvm/java-19-openjdk-amd64/lib/libjimage.so
7f1e30088000-7f1e3008a000 r--p 00000000 08:03 3174224                    /usr/lib/jvm/java-19-openjdk-amd64/lib/libjli.so
7f1e3008a000-7f1e30094000 r-xp 00002000 08:03 3174224                    /usr/lib/jvm/java-19-openjdk-amd64/lib/libjli.so
7f1e30094000-7f1e30097000 r--p 0000c000 08:03 3174224                    /usr/lib/jvm/java-19-openjdk-amd64/lib/libjli.so
7f1e30097000-7f1e30098000 r--p 0000e000 08:03 3174224                    /usr/lib/jvm/java-19-openjdk-amd64/lib/libjli.so
7f1e30098000-7f1e30099000 rw-p 0000f000 08:03 3174224                    /usr/lib/jvm/java-19-openjdk-amd64/lib/libjli.so
7f1e30099000-7f1e3009b000 rw-p 00000000 00:00 0 
7f1e3009b000-7f1e3009d000 r--p 00000000 08:03 3153050                    /usr/lib/x86_64-linux-gnu/ld-linux-x86-64.so.2
7f1e3009d000-7f1e300c7000 r-xp 00002000 08:03 3153050                    /usr/lib/x86_64-linux-gnu/ld-linux-x86-64.so.2
7f1e300c7000-7f1e300d2000 r--p 0002c000 08:03 3153050                    /usr/lib/x86_64-linux-gnu/ld-linux-x86-64.so.2
7f1e300d2000-7f1e300d3000 ---p 00000000 00:00 0 
7f1e300d3000-7f1e300d5000 r--p 00037000 08:03 3153050                    /usr/lib/x86_64-linux-gnu/ld-linux-x86-64.so.2
7f1e300d5000-7f1e300d7000 rw-p 00039000 08:03 3153050                    /usr/lib/x86_64-linux-gnu/ld-linux-x86-64.so.2
7ffd50355000-7ffd50377000 rw-p 00000000 00:00 0                          [stack]
7ffd50383000-7ffd50387000 r--p 00000000 00:00 0                          [vvar]
7ffd50387000-7ffd50389000 r-xp 00000000 00:00 0                          [vdso]
ffffffffff600000-ffffffffff601000 --xp 00000000 00:00 0                  [vsyscall]


VM Arguments:
jvm_args: -Dcom.sun.management.jmxremote -Dcom.sun.management.jmxremote.port=34557 -Dcom.sun.management.jmxremote.authenticate=false -Dcom.sun.management.jmxremote.ssl=false -Dspring.jmx.enabled=true -Djava.rmi.server.hostname=localhost -Dspring.application.admin.enabled=true -Dspring.boot.project.name=oficinamecanica -XX:+ShowCodeDetailsInExceptionMessages -Dmanagement.endpoints.jmx.exposure.include=* 
java_command: web.oficinamecanica.OficinamecanicaApplication
java_class_path (initial): /home/aluno/Documents/trabalho/oficinamecanica/target/classes:/home/aluno/.m2/repository/org/springframework/boot/spring-boot-starter/3.1.0/spring-boot-starter-3.1.0.jar:/home/aluno/.m2/repository/org/springframework/boot/spring-boot/3.1.0/spring-boot-3.1.0.jar:/home/aluno/.m2/repository/org/springframework/spring-context/6.0.9/spring-context-6.0.9.jar:/home/aluno/.m2/repository/org/springframework/boot/spring-boot-autoconfigure/3.1.0/spring-boot-autoconfigure-3.1.0.jar:/home/aluno/.m2/repository/jakarta/annotation/jakarta.annotation-api/2.1.1/jakarta.annotation-api-2.1.1.jar:/home/aluno/.m2/repository/org/springframework/spring-core/6.0.9/spring-core-6.0.9.jar:/home/aluno/.m2/repository/org/springframework/spring-jcl/6.0.9/spring-jcl-6.0.9.jar:/home/aluno/.m2/repository/org/yaml/snakeyaml/1.33/snakeyaml-1.33.jar:/home/aluno/.m2/repository/org/springframework/boot/spring-boot-starter-web/3.1.0/spring-boot-starter-web-3.1.0.jar:/home/aluno/.m2/repository/org/springframework/boot/spring-boot-starter-json/3.1.0/spring-boot-starter-json-3.1.0.jar:/home/aluno/.m2/repository/com/fasterxml/jackson/core/jackson-databind/2.15.0/jackson-databind-2.15.0.jar:/home/aluno/.m2/repository/com/fasterxml/jackson/core/jackson-annotations/2.15.0/jackson-annotations-2.15.0.jar:/home/aluno/.m2/repository/com/fasterxml/jackson/datatype/jackson-datatype-jdk8/2.15.0/jackson-datatype-jdk8-2.15.0.jar:/home/aluno/.m2/repository/com/fasterxml/jackson/datatype/jackson-datatype-jsr310/2.15.0/jackson-datatype-jsr310-2.15.0.jar:/home/aluno/.m2/repository/com/fasterxml/jackson/module/jackson-module-parameter-names/2.15.0/jackson-module-parameter-names-2.15.0.jar:/home/aluno/.m2/repository/org/springframework/boot/spring-boot-starter-tomcat/3.1.0/spring-boot-starter-tomcat-3.1.0.jar:/home/aluno/.m2/repository/org/apache/tomcat/embed/tomcat-embed-core/10.1.8/tomcat-embed-core-10.1.8.jar:/home/aluno/.m2/repository/org/apache/tomcat/embed/tomcat-embed-websocket/10.1.8/tomcat-embed-websocket-10.1.8.jar:/home/aluno/.m2/repository/org/springframework/spring-web/6.0.9/spring-web-6.0.9.jar:/home/aluno/.m2/repository/org/springframework/spring-beans/6.0.9/spring-beans-6.0.9.jar:/home/aluno/.m2/repository/org/springframework/spring-webmvc/6.0.9/spring-webmvc-6.0.9.jar:/home/aluno/.m2/repository/org/springframework/spring-expression/6.0.9/spring-expression-6.0.9.jar:/home/aluno/.m2/repository/org/springframework/boot/spring-boot-starter-thymeleaf/3.1.0/spring-boot-starter-thymeleaf-3.1.0.jar:/home/aluno/.m2/repository/org/thymeleaf/thymeleaf-spring6/3.1.1.RELEASE/thymeleaf-spring6-3.1.1.RELEASE.jar:/home/aluno/.m2/repository/nz/net/ultraq/thymeleaf/thymeleaf-layout-dialect/3.2.1/thymeleaf-layout-dialect-3.2.1.jar:/home/aluno/.m2/repository/org/apache/groovy/groovy/4.0.12/groovy-4.0.12.jar:/home/aluno/.m2/repository/nz/net/ultraq/groovy/groovy-extensions/2.1.0/groovy-extensions-2.1.0.jar:/home/aluno/.m2/repository/nz/net/ultraq/thymeleaf/thymeleaf-expression-processor/3.1.1/thymeleaf-expression-processor-3.1.1.jar:/home/aluno/.m2/repository/org/thymeleaf/thymeleaf/3.1.1.RELEASE/thymeleaf-3.1.1.RELEASE.jar:/home/aluno/.m2/repository/ognl/ognl/3.3.4/ognl-3.3.4.jar:/home/aluno/.m2/repository/org/javassist/javassist/3.29.0-GA/javassist-3.29.0-GA.jar:/home/aluno/.m2/repository/org/attoparser/attoparser/2.0.6.RELEASE/attoparser-2.0.6.RELEASE.jar:/home/aluno/.m2/repository/org/unbescape/unbescape/1.1.6.RELEASE/unbescape-1.1.6.RELEASE.jar:/home/aluno/.m2/repository/org/slf4j/slf4j-api/2.0.7/slf4j-api-2.0.7.jar:/home/aluno/.m2/repository/org/springframework/boot/spring-boot-starter-log4j2/3.1.0/spring-boot-starter-log4j2-3.1.0.jar:/home/aluno/.m2/repository/org/apache/logging/log4j/log4j-slf4j2-impl/2.20.0/log4j-slf4j2-impl-2.20.0.jar:/home/aluno/.m2/repository/org/apache/logging/log4j/log4j-api/2.20.0/log4j-api-2.20.0.jar:/home/aluno/.m2/repository/org/apache/logging/log4j/log4j-core/2.20.0/log4j-core-2.20.0.jar:/home/aluno/.m2/repository/org/apache/logging/log4j/log4j-jul/2.20.0/log4j-jul-2.20.0.jar:/home/aluno/.m2/repository/com/lmax/disruptor/3.4.4/disruptor-3.4.4.jar:/home/aluno/.m2/repository/org/springframework/boot/spring-boot-starter-aop/3.1.0/spring-boot-starter-aop-3.1.0.jar:/home/aluno/.m2/repository/org/springframework/spring-aop/6.0.9/spring-aop-6.0.9.jar:/home/aluno/.m2/repository/org/aspectj/aspectjweaver/1.9.19/aspectjweaver-1.9.19.jar:/home/aluno/.m2/repository/org/springframework/boot/spring-boot-starter-data-jpa/3.1.0/spring-boot-starter-data-jpa-3.1.0.jar:/home/aluno/.m2/repository/org/springframework/boot/spring-boot-starter-jdbc/3.1.0/spring-boot-starter-jdbc-3.1.0.jar:/home/aluno/.m2/repository/com/zaxxer/HikariCP/5.0.1/HikariCP-5.0.1.jar:/home/aluno/.m2/repository/org/springframework/spring-jdbc/6.0.9/spring-jdbc-6.0.9.jar:/home/aluno/.m2/repository/org/hibernate/orm/hibernate-core/6.2.2.Final/hibernate-core-6.2.2.Final.jar:/home/aluno/.m2/repository/jakarta/persistence/jakarta.persistence-api/3.1.0/jakarta.persistence-api-3.1.0.jar:/home/aluno/.m2/repository/jakarta/transaction/jakarta.transaction-api/2.0.1/jakarta.transaction-api-2.0.1.jar:/home/aluno/.m2/repository/org/jboss/logging/jboss-logging/3.5.0.Final/jboss-logging-3.5.0.Final.jar:/home/aluno/.m2/repository/org/hibernate/common/hibernate-commons-annotations/6.0.6.Final/hibernate-commons-annotations-6.0.6.Final.jar:/home/aluno/.m2/repository/io/smallrye/jandex/3.0.5/jandex-3.0.5.jar:/home/aluno/.m2/repository/com/fasterxml/classmate/1.5.1/classmate-1.5.1.jar:/home/aluno/.m2/repository/net/bytebuddy/byte-buddy/1.14.4/byte-buddy-1.14.4.jar:/home/aluno/.m2/repository/jakarta/xml/bind/jakarta.xml.bind-api/4.0.0/jakarta.xml.bind-api-4.0.0.jar:/home/aluno/.m2/repository/jakarta/activation/jakarta.activation-api/2.1.2/jakarta.activation-api-2.1.2.jar:/home/aluno/.m2/repository/org/glassfish/jaxb/jaxb-runtime/4.0.2/jaxb-runtime-4.0.2.jar:/home/aluno/.m2/repository/org/glassfish/jaxb/jaxb-core/4.0.2/jaxb-core-4.0.2.jar:/home/aluno/.m2/repository/org/eclipse/angus/angus-activation/2.0.0/angus-activation-2.0.0.jar:/home/aluno/.m2/repository/org/glassfish/jaxb/txw2/4.0.2/txw2-4.0.2.jar:/home/aluno/.m2/repository/com/sun/istack/istack-commons-runtime/4.1.1/istack-commons-runtime-4.1.1.jar:/home/aluno/.m2/repository/jakarta/inject/jakarta.inject-api/2.0.1/jakarta.inject-api-2.0.1.jar:/home/aluno/.m2/repository/org/antlr/antlr4-runtime/4.10.1/antlr4-runtime-4.10.1.jar:/home/aluno/.m2/repository/org/springframework/data/spring-data-jpa/3.1.0/spring-data-jpa-3.1.0.jar:/home/aluno/.m2/repository/org/springframework/data/spring-data-commons/3.1.0/spring-data-commons-3.1.0.jar:/home/aluno/.m2/repository/org/springframework/spring-orm/6.0.9/spring-orm-6.0.9.jar:/home/aluno/.m2/repository/org/springframework/spring-tx/6.0.9/spring-tx-6.0.9.jar:/home/aluno/.m2/repository/org/springframework/spring-aspects/6.0.9/spring-aspects-6.0.9.jar:/home/aluno/.m2/repository/org/postgresql/postgresql/42.6.0/postgresql-42.6.0.jar:/home/aluno/.m2/repository/org/checkerframework/checker-qual/3.31.0/checker-qual-3.31.0.jar:/home/aluno/.m2/repository/org/flywaydb/flyway-core/9.16.3/flyway-core-9.16.3.jar:/home/aluno/.m2/repository/com/fasterxml/jackson/dataformat/jackson-dataformat-toml/2.15.0/jackson-dataformat-toml-2.15.0.jar:/home/aluno/.m2/repository/com/fasterxml/jackson/core/jackson-core/2.15.0/jackson-core-2.15.0.jar:/home/aluno/.m2/repository/org/apache/commons/commons-text/1.10.0/commons-text-1.10.0.jar:/home/aluno/.m2/repository/org/apache/commons/commons-lang3/3.12.0/commons-lang3-3.12.0.jar:/home/aluno/.m2/repository/org/springframework/boot/spring-boot-starter-validation/3.1.0/spring-boot-starter-validation-3.1.0.jar:/home/aluno/.m2/repository/org/apache/tomcat/embed/tomcat-embed-el/10.1.8/tomcat-embed-el-10.1.8.jar:/home/aluno/.m2/repository/org/hibernate/validator/hibernate-validator/8.0.0.Final/hibernate-validator-8.0.0.Final.jar:/home/aluno/.m2/repository/jakarta/validation/jakarta.validation-api/3.0.2/jakarta.validation-api-3.0.2.jar:/home/aluno/.m2/repository/commons-validator/commons-validator/1.7/commons-validator-1.7.jar:/home/aluno/.m2/repository/commons-beanutils/commons-beanutils/1.9.4/commons-beanutils-1.9.4.jar:/home/aluno/.m2/repository/commons-digester/commons-digester/2.1/commons-digester-2.1.jar:/home/aluno/.m2/repository/commons-logging/commons-logging/1.2/commons-logging-1.2.jar:/home/aluno/.m2/repository/commons-collections/commons-collections/3.2.2/commons-collections-3.2.2.jar:/home/aluno/.m2/repository/org/springframework/boot/spring-boot-devtools/3.1.0/spring-boot-devtools-3.1.0.jar:/home/aluno/.m2/repository/org/springframework/boot/spring-boot-starter-actuator/3.1.0/spring-boot-starter-actuator-3.1.0.jar:/home/aluno/.m2/repository/org/springframework/boot/spring-boot-actuator-autoconfigure/3.1.0/spring-boot-actuator-autoconfigure-3.1.0.jar:/home/aluno/.m2/repository/org/springframework/boot/spring-boot-actuator/3.1.0/spring-boot-actuator-3.1.0.jar:/home/aluno/.m2/repository/io/micrometer/micrometer-observation/1.11.0/micrometer-observation-1.11.0.jar:/home/aluno/.m2/repository/io/micrometer/micrometer-commons/1.11.0/micrometer-commons-1.11.0.jar:/home/aluno/.m2/repository/io/micrometer/micrometer-core/1.11.0/micrometer-core-1.11.0.jar:/home/aluno/.m2/repository/org/hdrhistogram/HdrHistogram/2.1.12/HdrHistogram-2.1.12.jar:/home/aluno/.m2/repository/org/latencyutils/LatencyUtils/2.0.3/LatencyUtils-2.0.3.jar:/home/aluno/.m2/repository/org/webjars/bootstrap/5.1.3/bootstrap-5.1.3.jar:/home/aluno/.m2/repository/org/webjars/popper.js/2.9.3/popper.js-2.9.3.jar:/home/aluno/.m2/repository/org/webjars/npm/bootstrap-icons/1.7.0/bootstrap-icons-1.7.0.jar:/home/aluno/.m2/repository/org/webjars/bowergithub/mohammadyounes/alertifyjs/1.11.4/alertifyjs-1.11.4.jar
Launcher Type: SUN_STANDARD

[Global flags]
     intx CICompilerCount                          = 3                                         {product} {ergonomic}
     uint ConcGCThreads                            = 1                                         {product} {ergonomic}
     uint G1ConcRefinementThreads                  = 4                                         {product} {ergonomic}
   size_t G1HeapRegionSize                         = 1048576                                   {product} {ergonomic}
    uintx GCDrainStackTargetSize                   = 64                                        {product} {ergonomic}
   size_t InitialHeapSize                          = 132120576                                 {product} {ergonomic}
     bool ManagementServer                         = true                                      {product} {command line}
   size_t MarkStackSize                            = 4194304                                   {product} {ergonomic}
   size_t MaxHeapSize                              = 2084569088                                {product} {ergonomic}
   size_t MaxNewSize                               = 1249902592                                {product} {ergonomic}
   size_t MinHeapDeltaBytes                        = 1048576                                   {product} {ergonomic}
   size_t MinHeapSize                              = 8388608                                   {product} {ergonomic}
    uintx NonNMethodCodeHeapSize                   = 5832780                                {pd product} {ergonomic}
    uintx NonProfiledCodeHeapSize                  = 122912730                              {pd product} {ergonomic}
    uintx ProfiledCodeHeapSize                     = 122912730                              {pd product} {ergonomic}
    uintx ReservedCodeCacheSize                    = 251658240                              {pd product} {ergonomic}
     bool SegmentedCodeCache                       = true                                      {product} {ergonomic}
     bool ShowCodeDetailsInExceptionMessages       = true                                   {manageable} {command line}
   size_t SoftMaxHeapSize                          = 2084569088                             {manageable} {ergonomic}
     bool UseCompressedClassPointers               = true                           {product lp64_product} {ergonomic}
     bool UseCompressedOops                        = true                           {product lp64_product} {ergonomic}
     bool UseG1GC                                  = true                                      {product} {ergonomic}

Logging:
Log output configuration:
 #0: stdout all=warning uptime,level,tags foldmultilines=false
 #1: stderr all=off uptime,level,tags foldmultilines=false

Environment Variables:
JAVA_HOME=/usr/lib/jvm/java-19-openjdk-amd64
PATH=/home/aluno/Programas/apache-maven-3.9.0/bin:/home/aluno/Programas/apache-maven-3.9.0/bin:/usr/local/sbin:/usr/local/bin:/usr/sbin:/usr/bin:/sbin:/bin:/usr/games:/usr/local/games:/snap/bin:/usr/lib/jvm/java-19-openjdk-amd64/bin:/usr/lib/jvm/java-19-openjdk-amd64/bin
SHELL=/bin/bash
DISPLAY=:0
LANG=en_US.UTF-8
LC_NUMERIC=pt_BR.UTF-8
TERM=xterm-256color

Active Locale:
LC_ALL=LC_CTYPE=en_US.UTF-8;LC_NUMERIC=pt_BR.UTF-8;LC_TIME=en_US.UTF-8;LC_COLLATE=en_US.UTF-8;LC_MONETARY=pt_BR.UTF-8;LC_MESSAGES=en_US.UTF-8;LC_PAPER=pt_BR.UTF-8;LC_NAME=pt_BR.UTF-8;LC_ADDRESS=pt_BR.UTF-8;LC_TELEPHONE=pt_BR.UTF-8;LC_MEASUREMENT=pt_BR.UTF-8;LC_IDENTIFICATION=pt_BR.UTF-8
LC_COLLATE=en_US.UTF-8
LC_CTYPE=en_US.UTF-8
LC_MESSAGES=en_US.UTF-8
LC_MONETARY=pt_BR.UTF-8
LC_NUMERIC=pt_BR.UTF-8
LC_TIME=en_US.UTF-8

Signal Handlers:
   SIGSEGV: 0x00007f1e2f9a3700 in libjvm.so+16500480, mask=11100100010111111101111111111110, flags=SA_RESTART|SA_SIGINFO
    SIGBUS: 0x00007f1e2f9a3700 in libjvm.so+16500480, mask=11100100010111111101111111111110, flags=SA_RESTART|SA_SIGINFO
    SIGFPE: 0x00007f1e2f9a3700 in libjvm.so+16500480, mask=11100100010111111101111111111110, flags=SA_RESTART|SA_SIGINFO
   SIGPIPE: 0x00007f1e2f8348b0 in libjvm.so+14997680, mask=11100100010111111101111111111110, flags=SA_RESTART|SA_SIGINFO
   SIGXFSZ: 0x00007f1e2f8348b0 in libjvm.so+14997680, mask=11100100010111111101111111111110, flags=SA_RESTART|SA_SIGINFO
    SIGILL: 0x00007f1e2f9a3700 in libjvm.so+16500480, mask=11100100010111111101111111111110, flags=SA_RESTART|SA_SIGINFO
   SIGUSR2: 0x00007f1e2f833f10 in libjvm.so+14995216, mask=00000000000000000000000000000000, flags=SA_RESTART|SA_SIGINFO
    SIGHUP: 0x00007f1e2f833e40 in libjvm.so+14995008, mask=11100100010111111101111111111110, flags=SA_RESTART|SA_SIGINFO
    SIGINT: 0x00007f1e2f833e40 in libjvm.so+14995008, mask=11100100010111111101111111111110, flags=SA_RESTART|SA_SIGINFO
   SIGTERM: 0x00007f1e2f833e40 in libjvm.so+14995008, mask=11100100010111111101111111111110, flags=SA_RESTART|SA_SIGINFO
   SIGQUIT: 0x00007f1e2f833e40 in libjvm.so+14995008, mask=11100100010111111101111111111110, flags=SA_RESTART|SA_SIGINFO
   SIGTRAP: 0x00007f1e2f9a3700 in libjvm.so+16500480, mask=11100100010111111101111111111110, flags=SA_RESTART|SA_SIGINFO


---------------  S Y S T E M  ---------------

OS:
DISTRIB_ID=LinuxMint
DISTRIB_RELEASE=21.1
DISTRIB_CODENAME=vera
DISTRIB_DESCRIPTION="Linux Mint 21.1 Vera"
uname: Linux 5.15.0-60-generic #66-Ubuntu SMP Fri Jan 20 14:29:49 UTC 2023 x86_64
OS uptime: 0 days 3:50 hours
libc: glibc 2.35 NPTL 2.35 
rlimit (soft/hard): STACK 8192k/infinity , CORE 0k/infinity , NPROC 31305/31305 , NOFILE 1048576/1048576 , AS infinity/infinity , CPU infinity/infinity , DATA infinity/infinity , FSIZE infinity/infinity , MEMLOCK 1017544k/1017544k
load average: 2,39 1,80 1,54

/proc/meminfo:
MemTotal:        8140352 kB
MemFree:          831564 kB
MemAvailable:    2803868 kB
Buffers:          107480 kB
Cached:          2280068 kB
SwapCached:         4268 kB
Active:          1468080 kB
Inactive:        5470108 kB
Active(anon):      80764 kB
Inactive(anon):  4715552 kB
Active(file):    1387316 kB
Inactive(file):   754556 kB
Unevictable:          80 kB
Mlocked:              80 kB
SwapTotal:       2097148 kB
SwapFree:        2051532 kB
Dirty:               384 kB
Writeback:            72 kB
AnonPages:       4546908 kB
Mapped:          1100612 kB
Shmem:            245676 kB
KReclaimable:      98244 kB
Slab:             185648 kB
SReclaimable:      98244 kB
SUnreclaim:        87404 kB
KernelStack:       17328 kB
PageTables:        44416 kB
NFS_Unstable:          0 kB
Bounce:                0 kB
WritebackTmp:          0 kB
CommitLimit:     6167324 kB
Committed_AS:   11868932 kB
VmallocTotal:   34359738367 kB
VmallocUsed:       62372 kB
VmallocChunk:          0 kB
Percpu:             2880 kB
HardwareCorrupted:     0 kB
AnonHugePages:         0 kB
ShmemHugePages:        0 kB
ShmemPmdMapped:        0 kB
FileHugePages:         0 kB
FilePmdMapped:         0 kB
HugePages_Total:       0
HugePages_Free:        0
HugePages_Rsvd:        0
HugePages_Surp:        0
Hugepagesize:       2048 kB
Hugetlb:               0 kB
DirectMap4k:      284608 kB
DirectMap2M:     8103936 kB

/sys/kernel/mm/transparent_hugepage/enabled: always [madvise] never
/sys/kernel/mm/transparent_hugepage/defrag (defrag/compaction efforts parameter): always defer defer+madvise [madvise] never

Process Memory:
Virtual Size: 5631868K (peak: 5631868K)
Resident Set Size: 103952K (peak: 103952K) (anon: 74504K, file: 29448K, shmem: 0K)
Swapped out: 0K
C-Heap outstanding allocations: 30933K, retained: 5042K
glibc malloc tunables: (default)

/proc/sys/kernel/threads-max (system-wide limit on the number of threads): 62610
/proc/sys/vm/max_map_count (maximum number of memory map areas a process may have): 65530
/proc/sys/kernel/pid_max (system-wide limit on number of process identifiers): 4194304

container (cgroup) information:
container_type: cgroupv2
cpu_cpuset_cpus: not supported
cpu_memory_nodes: not supported
active_processor_count: 4
cpu_quota: not supported
cpu_period: not supported
cpu_shares: not supported
memory_limit_in_bytes: unlimited
memory_and_swap_limit_in_bytes: unlimited
memory_soft_limit_in_bytes: unlimited
memory_usage_in_bytes: 5070588 k
memory_max_usage_in_bytes: not supported
maximum number of tasks: unlimited
current number of tasks: 659

KVM virtualization detected
Steal ticks since vm start: 0
Steal ticks percentage since vm start:  0,000

CPU: total 4 (initial active 4) (4 cores per cpu, 1 threads per core) family 6 model 165 stepping 3 microcode 0x0, cx8, cmov, fxsr, mmx, 3dnowpref, sse, sse2, sse3, ssse3, sse4.1, sse4.2, popcnt, lzcnt, tsc, tscinvbit, avx, avx2, aes, clmul, bmi1, bmi2, vzeroupper, clflush, clflushopt, hv, rdtscp
CPU Model and flags from /proc/cpuinfo:
model name	: Intel(R) Core(TM) i3-10100F CPU @ 3.60GHz
flags		: fpu vme de pse tsc msr pae mce cx8 apic sep mtrr pge mca cmov pat pse36 clflush mmx fxsr sse sse2 ht syscall nx rdtscp lm constant_tsc rep_good nopl xtopology nonstop_tsc cpuid tsc_known_freq pni pclmulqdq ssse3 cx16 pcid sse4_1 sse4_2 x2apic movbe popcnt aes xsave avx rdrand hypervisor lahf_lm abm 3dnowprefetch invpcid_single fsgsbase bmi1 avx2 bmi2 invpcid rdseed clflushopt md_clear flush_l1d arch_capabilities

Online cpus: 0-3
Offline cpus: 
BIOS frequency limitation: <Not Available>
Frequency switch latency (ns): <Not Available>
Available cpu frequencies: <Not Available>
Current governor: <Not Available>
Core performance/turbo boost: <Not Available>

Memory: 4k page, physical 8140352k(831564k free), swap 2097148k(2051532k free)
Page Sizes: 4k

vm_info: OpenJDK 64-Bit Server VM (19.0.1+10-Ubuntu-1ubuntu122.04) for linux-amd64 JRE (19.0.1+10-Ubuntu-1ubuntu122.04), built on 2022-10-24T12:26:08Z by "buildd" with gcc 12.1.0

END.
